[Info] [2024-1-8 17:09:00] /***************************Start jtagserver***************************/
[Info] [2024-1-8 17:09:00] Path: D:/software/pango2022.1/PDS_2022.1/bin
[Info] [2024-1-8 17:09:00] Version: 99559
[Debug] [2024-1-8 17:09:00] Add a new user_thread, socket descriptor is 992 user_thread id is 0000000000002F24
[Debug] [2024-1-8 17:09:00] After adding, map size is : 1
[Debug] [2024-1-8 17:09:00] Add a new user_thread, socket descriptor is 1000 user_thread id is 0000000000002F24
[Debug] [2024-1-8 17:09:00] After adding, map size is : 2
[Debug] [2024-1-8 17:09:00] IP address of connecting client is : ::ffff:127.0.0.1
[Debug] [2024-1-8 17:09:00] IP address of connecting client is : ::ffff:127.0.0.1
[Debug] [2024-1-8 17:09:00] IP address of connecting client is : ::ffff:127.0.0.1Remove the header data from the client, index : 0
[Debug] [2024-1-8 17:09:00] _total_bytes_size : 146
[Debug] [2024-1-8 17:09:00] Remove the header data from the client, index : 0
[Debug] [2024-1-8 17:09:00] _total_bytes_size : 96
[Debug] [2024-1-8 17:09:00] cmd id :40011cmd name : get_cable_paras
[Debug] [2024-1-8 17:09:01] cmd operation get_cable_paras releases locker
[Debug] [2024-1-8 17:09:01] Remove the header data from the client, index : 0
[Debug] [2024-1-8 17:09:01] _total_bytes_size : 101
[Debug] [2024-1-8 17:09:01] cmd id :20001cmd name : Open config cable
[Debug] [2024-1-8 17:09:01] the idcode from the scanning is: 0x10521899
[Debug] [2024-1-8 17:09:01] the idcode from the scanning is: 0x0
[Debug] [2024-1-8 17:09:01] the idcode from the scanning is: 0x0
[Debug] [2024-1-8 17:09:01] the idcode from the scanning is: 0x0
[Debug] [2024-1-8 17:09:01] the idcode from the scanning is: 0x0
[Debug] [2024-1-8 17:09:02] cmd operation Open config cable releases locker
[Debug] [2024-1-8 17:09:05] Remove the header data from the client, index : 0
[Debug] [2024-1-8 17:09:05] _total_bytes_size : 25e
[Debug] [2024-1-8 17:09:05] cmd id :4e22cmd name : Program
[Debug] [2024-1-8 17:09:05] the idcode from the scanning is: 0x10521899
[Debug] [2024-1-8 17:09:05] the idcode from the scanning is: 0x0
[Debug] [2024-1-8 17:09:05] the idcode from the scanning is: 0x0
[Debug] [2024-1-8 17:09:05] the idcode from the scanning is: 0x0
[Debug] [2024-1-8 17:09:05] the idcode from the scanning is: 0x0
[Debug] [2024-1-8 17:09:05] begin to read back config registerregAddr is 4
[Debug] [2024-1-8 17:09:05] progress bar is 6
[Debug] [2024-1-8 17:09:05] progress bar is 10
[Debug] [2024-1-8 17:09:05] progress bar is 15
[Debug] [2024-1-8 17:09:05] progress bar is 20
[Debug] [2024-1-8 17:09:05] progress bar is 25
[Debug] [2024-1-8 17:09:05] progress bar is 30
[Debug] [2024-1-8 17:09:05] progress bar is 35
[Debug] [2024-1-8 17:09:05] progress bar is 40
[Debug] [2024-1-8 17:09:06] progress bar is 45
[Debug] [2024-1-8 17:09:06] progress bar is 50
[Debug] [2024-1-8 17:09:06] progress bar is 55
[Debug] [2024-1-8 17:09:06] progress bar is 60
[Debug] [2024-1-8 17:09:06] progress bar is 65
[Debug] [2024-1-8 17:09:06] progress bar is 70
[Debug] [2024-1-8 17:09:06] progress bar is 75
[Debug] [2024-1-8 17:09:06] progress bar is 80
[Debug] [2024-1-8 17:09:06] progress bar is 85
[Debug] [2024-1-8 17:09:06] progress bar is 90
[Debug] [2024-1-8 17:09:06] progress bar is 95
[Debug] [2024-1-8 17:09:06] progress bar is 100
[Debug] [2024-1-8 17:09:06] the value in the status register is :1047712
[Debug] [2024-1-8 17:09:07] cmd operation Program releases locker
[Debug] [2024-1-8 17:09:12] Remove the header data from the client, index : 0
[Debug] [2024-1-8 17:09:12] _total_bytes_size : 606
[Debug] [2024-1-8 17:09:12] cmd id :20002cmd name : Program
[Debug] [2024-1-8 17:09:12] the idcode from the scanning is: 0x10521899
[Debug] [2024-1-8 17:09:12] the idcode from the scanning is: 0x0
[Debug] [2024-1-8 17:09:12] the idcode from the scanning is: 0x0
[Debug] [2024-1-8 17:09:12] the idcode from the scanning is: 0x0
[Debug] [2024-1-8 17:09:12] the idcode from the scanning is: 0x0
[Debug] [2024-1-8 17:09:12] begin to read back config registerregAddr is 4
[Debug] [2024-1-8 17:09:12] progress bar is 6
[Debug] [2024-1-8 17:09:12] progress bar is 10
[Debug] [2024-1-8 17:09:12] progress bar is 15
[Debug] [2024-1-8 17:09:13] progress bar is 20
[Debug] [2024-1-8 17:09:13] progress bar is 25
[Debug] [2024-1-8 17:09:13] progress bar is 30
[Debug] [2024-1-8 17:09:13] progress bar is 35
[Debug] [2024-1-8 17:09:13] progress bar is 40
[Debug] [2024-1-8 17:09:13] progress bar is 45
[Debug] [2024-1-8 17:09:13] progress bar is 50
[Debug] [2024-1-8 17:09:13] progress bar is 55
[Debug] [2024-1-8 17:09:13] progress bar is 60
[Debug] [2024-1-8 17:09:13] progress bar is 65
[Debug] [2024-1-8 17:09:13] progress bar is 70
[Debug] [2024-1-8 17:09:14] progress bar is 75
[Debug] [2024-1-8 17:09:14] progress bar is 80
[Debug] [2024-1-8 17:09:14] progress bar is 85
[Debug] [2024-1-8 17:09:14] progress bar is 90
[Debug] [2024-1-8 17:09:14] progress bar is 95
[Debug] [2024-1-8 17:09:14] progress bar is 100
[Debug] [2024-1-8 17:09:14] the value in the status register is :1047712
[Debug] [2024-1-8 17:09:14] cmd operation Program releases locker
[Info] [2024-1-8 17:09:56] /***************************Start jtagserver***************************/
[Info] [2024-1-8 17:09:56] Path: D:/software/pango2022.1/PDS_2022.1/bin
[Info] [2024-1-8 17:09:56] Version: 99559
[Debug] [2024-1-8 17:09:56] Add a new user_thread, socket descriptor is 984 user_thread id is 0000000000002464
[Debug] [2024-1-8 17:09:56] After adding, map size is : 1
[Debug] [2024-1-8 17:09:56] Add a new user_thread, socket descriptor is 1192 user_thread id is 0000000000002464
[Debug] [2024-1-8 17:09:56] After adding, map size is : 2
[Debug] [2024-1-8 17:09:56] IP address of connecting client is : ::ffff:127.0.0.1
[Debug] [2024-1-8 17:09:56] IP address of connecting client is : ::ffff:127.0.0.1
[Debug] [2024-1-8 17:09:56] Remove the header data from the client, index : 0
[Debug] [2024-1-8 17:09:56] _total_bytes_size : 146
[Debug] [2024-1-8 17:09:56] Remove the header data from the client, index : 0
[Debug] [2024-1-8 17:09:56] _total_bytes_size : 96
[Debug] [2024-1-8 17:09:56] cmd id :40011cmd name : get_cable_paras
[Debug] [2024-1-8 17:09:57] cmd operation get_cable_paras releases locker
[Debug] [2024-1-8 17:09:57] Remove the header data from the client, index : 0
[Debug] [2024-1-8 17:09:57] _total_bytes_size : 101
[Debug] [2024-1-8 17:09:57] cmd id :20001cmd name : Open config cable
[Debug] [2024-1-8 17:09:57] the idcode from the scanning is: 0x10521899
[Debug] [2024-1-8 17:09:57] the idcode from the scanning is: 0x0
[Debug] [2024-1-8 17:09:57] the idcode from the scanning is: 0x0
[Debug] [2024-1-8 17:09:57] the idcode from the scanning is: 0x0
[Debug] [2024-1-8 17:09:57] the idcode from the scanning is: 0x0
[Debug] [2024-1-8 17:09:57] cmd operation Open config cable releases locker
[Debug] [2024-1-8 17:10:00] Remove the header data from the client, index : 0
[Debug] [2024-1-8 17:10:00] _total_bytes_size : 25e
[Debug] [2024-1-8 17:10:00] cmd id :4e22cmd name : Program
[Debug] [2024-1-8 17:10:12] Remove the header data from the client, index : 0
[Debug] [2024-1-8 17:10:12] _total_bytes_size : 5c
[Debug] [2024-1-8 17:10:12] cmd id :9c46cmd name : Abort Process
[Info] [2024-1-8 17:14:24] /***************************Start jtagserver***************************/
[Info] [2024-1-8 17:14:24] Path: D:/software/pango2022.1/PDS_2022.1/bin
[Info] [2024-1-8 17:14:24] Version: 99559
[Debug] [2024-1-8 17:14:24] Add a new user_thread, socket descriptor is 988 user_thread id is 0000000000002F6C
[Debug] [2024-1-8 17:14:24] After adding, map size is : 1
[Debug] [2024-1-8 17:14:24] Add a new user_thread, socket descriptor is 1164 user_thread id is 0000000000002F6C
[Debug] [2024-1-8 17:14:24] After adding, map size is : 2
[Debug] [2024-1-8 17:14:24] IP address of connecting client is : ::ffff:127.0.0.1
[Debug] [2024-1-8 17:14:24] IP address of connecting client is : ::ffff:127.0.0.1
[Debug] [2024-1-8 17:14:24] Remove the header data from the client, index : 0
[Debug] [2024-1-8 17:14:24] _total_bytes_size : 146
[Debug] [2024-1-8 17:14:24] Remove the header data from the client, index : 0
[Debug] [2024-1-8 17:14:24] _total_bytes_size : 96
[Debug] [2024-1-8 17:14:24] cmd id :40011cmd name : get_cable_paras
[Debug] [2024-1-8 17:14:25] cmd operation get_cable_paras releases locker
[Debug] [2024-1-8 17:14:25] Remove the header data from the client, index : 0
[Debug] [2024-1-8 17:14:25] _total_bytes_size : 101
[Debug] [2024-1-8 17:14:25] cmd id :20001cmd name : Open config cable
[Debug] [2024-1-8 17:14:25] the idcode from the scanning is: 0x10521899
[Debug] [2024-1-8 17:14:25] the idcode from the scanning is: 0x0
[Debug] [2024-1-8 17:14:25] the idcode from the scanning is: 0x0
[Debug] [2024-1-8 17:14:25] the idcode from the scanning is: 0x0
[Debug] [2024-1-8 17:14:25] the idcode from the scanning is: 0x0
[Debug] [2024-1-8 17:14:26] cmd operation Open config cable releases locker
[Debug] [2024-1-8 17:14:29] Remove the header data from the client, index : 0
[Debug] [2024-1-8 17:14:29] _total_bytes_size : 25e
[Debug] [2024-1-8 17:14:29] cmd id :4e22cmd name : Program
[Debug] [2024-1-8 17:14:30] the idcode from the scanning is: 0x10521899
[Debug] [2024-1-8 17:14:30] the idcode from the scanning is: 0x0
[Debug] [2024-1-8 17:14:30] the idcode from the scanning is: 0x0
[Debug] [2024-1-8 17:14:30] the idcode from the scanning is: 0x0
[Debug] [2024-1-8 17:14:30] the idcode from the scanning is: 0x0
[Debug] [2024-1-8 17:14:30] begin to read back config registerregAddr is 4
[Debug] [2024-1-8 17:14:30] progress bar is 6
[Debug] [2024-1-8 17:14:30] progress bar is 10
[Debug] [2024-1-8 17:14:30] progress bar is 15
[Debug] [2024-1-8 17:14:30] progress bar is 20
[Debug] [2024-1-8 17:14:30] progress bar is 25
[Debug] [2024-1-8 17:14:30] progress bar is 30
[Debug] [2024-1-8 17:14:30] progress bar is 35
[Debug] [2024-1-8 17:14:30] progress bar is 40
[Debug] [2024-1-8 17:14:30] progress bar is 45
[Debug] [2024-1-8 17:14:30] progress bar is 50
[Debug] [2024-1-8 17:14:30] progress bar is 55
[Debug] [2024-1-8 17:14:31] progress bar is 60
[Debug] [2024-1-8 17:14:31] progress bar is 65
[Debug] [2024-1-8 17:14:31] progress bar is 70
[Debug] [2024-1-8 17:14:31] progress bar is 75
[Debug] [2024-1-8 17:14:31] progress bar is 80
[Debug] [2024-1-8 17:14:31] progress bar is 85
[Debug] [2024-1-8 17:14:31] progress bar is 90
[Debug] [2024-1-8 17:14:31] progress bar is 95
[Debug] [2024-1-8 17:14:31] progress bar is 100
[Debug] [2024-1-8 17:14:31] the value in the status register is :2096288
[Debug] [2024-1-8 17:14:31] cmd operation Program releases locker
