D15|IOBD_300_376|BANK0|DIFFIO_B0_26P|||
C13|IOBD_248_376|BANK0|DIFFIO_B0_17P|||
C9|IOBD_64_376|BANK0|DIFFIO_B0_9P|||
A3|IOBD_8_376|BANK0|DIFFIO_B0_0P/IO_STAUS_C|||
E16|IOBD_320_376|BANK0|DIFFIO_B0_30P|||
B18|IOBD_316_376|BANK0|DIFFIO_B0_29P|||
C17|IOBD_312_376|BANK0|DIFFIO_B0_28P|||
B16|IOBD_308_376|BANK0|DIFFIO_B0_27P|||
C15|IOBD_296_376|BANK0|DIFFIO_B0_25P|||
B14|IOBD_292_376|BANK0|DIFFIO_B0_24P|||
D14|IOBD_288_376|BANK0|DIFFIO_B0_23P|||
E14|IOBD_280_376|BANK0|DIFFIO_B0_22P|||
H13|IOBD_268_376|BANK0|DIFFIO_B0_21P|||
F13|IOBD_264_376|BANK0|DIFFIO_B0_20P|||
H12|IOBD_260_376|BANK0|DIFFIO_B0_19P|||
E12|IOBD_252_376|BANK0|DIFFIO_B0_18P|||
B12|IOBD_244_376|BANK0|DIFFIO_B0_16P/GCLK13/PLL1_CLK6|||
D11|IOBD_240_376|BANK0|DIFFIO_B0_15P/GCLK15/PLL1_CLK4|||
C11|IOBD_224_376|BANK0|DIFFIO_B0_14P/GCLK17/PLL1_CLK2|||
B10|IOBD_220_376|BANK0|DIFFIO_B0_13P/GCLK19/PLL1_CLK0|||
G11|IOBD_216_376|BANK0|DIFFIO_B0_12P|||
D10|IOBD_72_376|BANK0|DIFFIO_B0_11P|||
D7|IOBD_68_376|BANK0|DIFFIO_B0_10P|||
E10|IOBD_60_376|BANK0|DIFFIO_B0_8P|||
D9|IOBD_44_376|BANK0|DIFFIO_B0_7P|||
B8|IOBD_40_376|BANK0|DIFFIO_B0_6P|||
G9|IOBD_36_376|BANK0|DIFFIO_B0_5P|||
C7|IOBD_32_376|BANK0|DIFFIO_B0_4P|||
B6|IOBD_20_376|BANK0|DIFFIO_B0_3P|||
D6|IOBD_16_376|BANK0|DIFFIO_B0_2P|||
C5|IOBD_12_376|BANK0|DIFFIO_B0_1P|||
D17|IOBS_TB_321_376|BANK0|DIFFIO_B0_30N|||
A18|IOBS_TB_317_376|BANK0|DIFFIO_B0_29N|||
A17|IOBS_TB_313_376|BANK0|DIFFIO_B0_28N|||
A16|IOBS_TB_309_376|BANK0|DIFFIO_B0_27N|||
A15|IOBS_TB_297_376|BANK0|DIFFIO_B0_25N|||
A14|IOBS_TB_293_376|BANK0|DIFFIO_B0_24N|||
C14|IOBS_TB_289_376|BANK0|DIFFIO_B0_23N|||
F15|IOBS_TB_281_376|BANK0|DIFFIO_B0_22N|||
G13|IOBS_TB_269_376|BANK0|DIFFIO_B0_21N|||
D13|IOBS_TB_265_376|BANK0|DIFFIO_B0_20N|||
F12|IOBS_TB_261_376|BANK0|DIFFIO_B0_19N|||
D12|IOBS_TB_253_376|BANK0|DIFFIO_B0_18N|||
A12|IOBS_TB_245_376|BANK0|DIFFIO_B0_16N/GCLK12/PLL1_CLK7|||
C12|IOBS_TB_241_376|BANK0|DIFFIO_B0_15N/GCLK14/PLL1_CLK5|||
A11|IOBS_TB_225_376|BANK0|DIFFIO_B0_14N/GCLK16/PLL1_CLK3|||
A10|IOBS_TB_221_376|BANK0|DIFFIO_B0_13N/GCLK18/PLL1_CLK1|||
H11|IOBS_TB_217_376|BANK0|DIFFIO_B0_12N|||
C10|IOBS_TB_73_376|BANK0|DIFFIO_B0_11N|||
D8|IOBS_TB_69_376|BANK0|DIFFIO_B0_10N|||
F10|IOBS_TB_61_376|BANK0|DIFFIO_B0_8N|||
C8|IOBS_TB_45_376|BANK0|DIFFIO_B0_7N|||
A8|IOBS_TB_41_376|BANK0|DIFFIO_B0_6N|||
H10|IOBS_TB_37_376|BANK0|DIFFIO_B0_5N|||
A7|IOBS_TB_33_376|BANK0|DIFFIO_B0_4N|||
A6|IOBS_TB_21_376|BANK0|DIFFIO_B0_3N|||
C6|IOBS_TB_17_376|BANK0|DIFFIO_B0_2N|||
A5|IOBS_TB_13_376|BANK0|DIFFIO_B0_1N|||
C16|IOBR_TB_301_376|BANK0|DIFFIO_B0_26N/VREF_B0|||
A13|IOBR_TB_249_376|BANK0|DIFFIO_B0_17N/VREF_B0|||
A9|IOBR_TB_65_376|BANK0|DIFFIO_B0_9N/VREF_B0|||
A4|IOBR_TB_9_376|BANK0|DIFFIO_B0_0N/VREF_B0|||
T19|IOBS_LR_328_25|BANK1|DIFFI_B1_55P|||
P18|IOBS_LR_328_37|BANK1|DIFFI_B1_54P|||
P17|IOBS_LR_328_41|BANK1|DIFFI_B1_53P|||
M17|IOBS_LR_328_45|BANK1|DIFFI_B1_52P|||
U19|IOBS_LR_328_49|BANK1|DIFFI_B1_51P|||
L17|IOBS_LR_328_109|BANK1|DIFFI_B1_43P|||
W20|IOBS_LR_328_113|BANK1|DIFFI_B1_42P|||
P19|IOBS_LR_328_117|BANK1|DIFFI_B1_41P|||
M16|IOBS_LR_328_121|BANK1|DIFFI_B1_40P|||
K16|IOBS_LR_328_133|BANK1|DIFFI_B1_39P|||
V21|IOBS_LR_328_141|BANK1|DIFFI_B1_37P|||
U20|IOBS_LR_328_145|BANK1|DIFFI_B1_36P|||
T21|IOBS_LR_328_149|BANK1|DIFFI_B1_35P|||
R20|IOBS_LR_328_161|BANK1|DIFFI_B1_34P|||
P21|IOBS_LR_328_165|BANK1|DIFFI_B1_33P|||
N20|IOBS_LR_328_169|BANK1|DIFFI_B1_32P|||
M21|IOBS_LR_328_173|BANK1|DIFFI_B1_31P|||
L20|IOBS_LR_328_177|BANK1|DIFFI_B1_30P|||
K21|IOBS_LR_328_201|BANK1|DIFFI_B1_29P/XTAL_A|||
J20|IOBS_LR_328_205|BANK1|DIFFI_B1_28P/GCLK5/PLL2_CLK2/PLL3_CLK2|||
M20|IOBS_LR_328_209|BANK1|DIFFI_B1_27P/GCLK7/PLL2_CLK0/PLL3_CLK0|||
H21|IOBS_LR_328_213|BANK1|DIFFI_B1_26P/GCLK9/PLL1_CLK10/PLL4_CLK2/PLL5_CLK2|||
K20|IOBS_LR_328_217|BANK1|DIFFI_B1_25P/GCLK11/PLL1_CLK8/PLL4_CLK0/PLL5_CLK0|||
G20|IOBS_LR_328_229|BANK1|DIFFI_B1_24P|||
H20|IOBS_LR_328_233|BANK1|DIFFI_B1_23P|||
F21|IOBS_LR_328_237|BANK1|DIFFI_B1_22P|||
J17|IOBS_LR_328_241|BANK1|DIFFI_B1_21P|||
E20|IOBS_LR_328_245|BANK1|DIFFI_B1_20P|||
H19|IOBS_LR_328_257|BANK1|DIFFI_B1_19P|||
G19|IOBS_LR_328_261|BANK1|DIFFI_B1_18P|||
C20|IOBS_LR_328_265|BANK1|DIFFI_B1_17P|||
D21|IOBS_LR_328_269|BANK1|DIFFI_B1_16P|||
F18|IOBS_LR_328_273|BANK1|DIFFI_B1_15P|||
D19|IOBS_LR_328_285|BANK1|DIFFI_B1_14P|||
A20|IOBS_LR_328_293|BANK1|DIFFI_B1_12P|||
B21|IOBS_LR_328_297|BANK1|DIFFI_B1_11P|||
F16|IOBS_LR_328_361|BANK1|DIFFI_B1_2P|||
G16|IOBS_LR_328_365|BANK1|DIFFI_B1_1P|||
M19|IOBS_LR_328_137|BANK1|DIFFI_B1_38P|||
H16|IOBS_LR_328_289|BANK1|DIFFI_B1_13P|||
C19|IOBS_LR_328_369|BANK1|DIFFI_B1_0P|||
T20|IOBS_LR_328_24|BANK1|DIFFI_B1_55N/DOUT_BUSY|||
R19|IOBS_LR_328_36|BANK1|DIFFI_B1_54N|||
N16|IOBS_LR_328_40|BANK1|DIFFI_B1_53N|||
M18|IOBS_LR_328_44|BANK1|DIFFI_B1_52N|||
V20|IOBS_LR_328_48|BANK1|DIFFI_B1_51N|||
K18|IOBS_LR_328_108|BANK1|DIFFI_B1_43N|||
W22|IOBS_LR_328_112|BANK1|DIFFI_B1_42N|||
P20|IOBS_LR_328_116|BANK1|DIFFI_B1_41N|clk_50M|input|YES
L15|IOBS_LR_328_120|BANK1|DIFFI_B1_40N|||
J16|IOBS_LR_328_132|BANK1|DIFFI_B1_39N|||
V22|IOBS_LR_328_140|BANK1|DIFFI_B1_37N|||
U22|IOBS_LR_328_144|BANK1|DIFFI_B1_36N|||
T22|IOBS_LR_328_148|BANK1|DIFFI_B1_35N|||
R22|IOBS_LR_328_160|BANK1|DIFFI_B1_34N|||
P22|IOBS_LR_328_164|BANK1|DIFFI_B1_33N|||
N22|IOBS_LR_328_168|BANK1|DIFFI_B1_32N|||
M22|IOBS_LR_328_172|BANK1|DIFFI_B1_31N|||
L22|IOBS_LR_328_176|BANK1|DIFFI_B1_30N|||
K22|IOBS_LR_328_200|BANK1|DIFFI_B1_29N/XTAL_B|||
J22|IOBS_LR_328_204|BANK1|DIFFI_B1_28N/GCLK4/PLL2_CLK3/PLL3_CLK3|||
L19|IOBS_LR_328_208|BANK1|DIFFI_B1_27N/GCLK6/PLL2_CLK1/PLL3_CLK1|||
H22|IOBS_LR_328_212|BANK1|DIFFI_B1_26N/GCLK8/PLL1_CLK11/PLL4_CLK3/PLL5_CLK3|||
K19|IOBS_LR_328_216|BANK1|DIFFI_B1_25N/GCLK10/PLL1_CLK9/PLL4_CLK1/PLL5_CLK1|||
G22|IOBS_LR_328_228|BANK1|DIFFI_B1_24N|||
J19|IOBS_LR_328_232|BANK1|DIFFI_B1_23N|||
F22|IOBS_LR_328_236|BANK1|DIFFI_B1_22N|||
K17|IOBS_LR_328_240|BANK1|DIFFI_B1_21N|||
E22|IOBS_LR_328_244|BANK1|DIFFI_B1_20N|||
H18|IOBS_LR_328_256|BANK1|DIFFI_B1_19N|||
F20|IOBS_LR_328_260|BANK1|DIFFI_B1_18N|||
C22|IOBS_LR_328_264|BANK1|DIFFI_B1_17N|||
D22|IOBS_LR_328_268|BANK1|DIFFI_B1_16N|||
F19|IOBS_LR_328_272|BANK1|DIFFI_B1_15N|||
D20|IOBS_LR_328_284|BANK1|DIFFI_B1_14N|||
A21|IOBS_LR_328_292|BANK1|DIFFI_B1_12N|||
B22|IOBS_LR_328_296|BANK1|DIFFI_B1_11N|||
F17|IOBS_LR_328_360|BANK1|DIFFI_B1_2N|||
G17|IOBS_LR_328_364|BANK1|DIFFI_B1_1N|||
N19|IOBR_LR_328_136|BANK1|DIFFI_B1_38N/VREF_B1|||
H17|IOBR_LR_328_288|BANK1|DIFFI_B1_13N/VREF_B1|||
B20|IOBR_LR_328_368|BANK1|DIFFI_B1_0N/VREF_B1|||
T18|IOBD_289_0|BANK2|DIFFIO_B2_47P|||
AA14|IOBD_217_0|BANK2|DIFFIO_B2_35P|||
AA10|IOBD_149_0|BANK2|DIFFIO_B2_22P|da_data[0]|output|YES
Y7|IOBD_101_0|BANK2|DIFFIO_B2_15P/D7|||
Y21|IOBD_321_0|BANK2|DIFFIO_B2_54P/CFG_CLK|||
AA21|IOBD_317_0|BANK2|DIFFIO_B2_53P|||
AA20|IOBD_313_0|BANK2|DIFFIO_B2_52P/D0|||
Y19|IOBD_281_0|BANK2|DIFFIO_B2_46P|||
W18|IOBD_273_0|BANK2|DIFFIO_B2_45P|||
T16|IOBD_269_0|BANK2|DIFFIO_B2_44P|||
U17|IOBD_265_0|BANK2|DIFFIO_B2_43P|||
V19|IOBD_261_0|BANK2|DIFFIO_B2_42P|||
R16|IOBD_253_0|BANK2|DIFFIO_B2_41P|||
V17|IOBD_249_0|BANK2|DIFFIO_B2_40P|||
U14|IOBD_245_0|BANK2|DIFFIO_B2_39P/D1|||
U15|IOBD_241_0|BANK2|DIFFIO_B2_38P/MODE1|||
AA18|IOBD_225_0|BANK2|DIFFIO_B2_37P/D11|||
Y17|IOBD_221_0|BANK2|DIFFIO_B2_36P|||
Y16|IOBD_213_0|BANK2|DIFFIO_B2_34P|||
V13|IOBD_209_0|BANK2|DIFFIO_B2_33P|||
AA16|IOBD_201_0|BANK2|DIFFIO_B2_32P|||
W14|IOBD_197_0|BANK2|DIFFIO_B2_31P|||
Y15|IOBD_189_0|BANK2|DIFFIO_B2_30P|||
T12|IOBD_185_0|BANK2|DIFFIO_B2_29P|||
T14|IOBD_181_0|BANK2|DIFFIO_B2_28P|||
W12|IOBD_169_0|BANK2|DIFFIO_B2_27P/GCLK3/PLL4_CLK11/PLL5_CLK11|||
Y13|IOBD_165_0|BANK2|DIFFIO_B2_26P/GCLK1/PLL4_CLK9/PLL5_CLK9/D13|da_data[6]|output|YES
AA12|IOBD_161_0|BANK2|DIFFIO_B2_25P/GCLK31/PLL4_CLK7/PLL5_CLK7/D14|||
Y11|IOBD_157_0|BANK2|DIFFIO_B2_24P/GCLK29/PLL4_CLK5/PLL5_CLK5|da_data[4]|output|YES
R11|IOBD_153_0|BANK2|DIFFIO_B2_23P|||
V11|IOBD_133_0|BANK2|DIFFIO_B2_21P|da_data[2]|output|YES
Y9|IOBD_129_0|BANK2|DIFFIO_B2_20P|||
W10|IOBD_121_0|BANK2|DIFFIO_B2_19P|da_clk|output|YES
AA8|IOBD_117_0|BANK2|DIFFIO_B2_18P|||
W8|IOBD_113_0|BANK2|DIFFIO_B2_17P|||
W9|IOBD_109_0|BANK2|DIFFIO_B2_16P|||
AA6|IOBD_97_0|BANK2|DIFFIO_B2_14P/D3|||
U9|IOBD_93_0|BANK2|DIFFIO_B2_13P|||
T8|IOBD_89_0|BANK2|DIFFIO_B2_12P|||
T10|IOBD_73_0|BANK2|DIFFIO_B2_11P|||
W6|IOBD_69_0|BANK2|DIFFIO_B2_10P|||
Y5|IOBD_65_0|BANK2|DIFFIO_B2_9P|||
AA4|IOBD_61_0|BANK2|DIFFIO_B2_8P|||
Y3|IOBD_45_0|BANK2|DIFFIO_B2_7P|||
R9|IOBD_41_0|BANK2|DIFFIO_B2_6P|||
T7|IOBD_37_0|BANK2|DIFFIO_B2_5P|||
W4|IOBD_33_0|BANK2|DIFFIO_B2_4P/D5|||
U6|IOBD_21_0|BANK2|DIFFIO_B2_3P|||
AA2|IOBD_17_0|BANK2|DIFFIO_B2_2P/D8|||
T6|IOBD_13_0|BANK2|DIFFIO_B2_1P/INIT_FLAG_N|||
AA22|IOBS_TB_320_0|BANK2|DIFFIO_B2_54N/MODE0|||
AB21|IOBS_TB_316_0|BANK2|DIFFIO_B2_53N/MFG_TEST_OUT|||
AB20|IOBS_TB_312_0|BANK2|DIFFIO_B2_52N/CS_N|||
AB19|IOBS_TB_280_0|BANK2|DIFFIO_B2_46N|||
Y18|IOBS_TB_272_0|BANK2|DIFFIO_B2_45N|||
T15|IOBS_TB_268_0|BANK2|DIFFIO_B2_44N|||
U16|IOBS_TB_264_0|BANK2|DIFFIO_B2_43N|||
V18|IOBS_TB_260_0|BANK2|DIFFIO_B2_42N|||
R15|IOBS_TB_252_0|BANK2|DIFFIO_B2_41N|||
W17|IOBS_TB_248_0|BANK2|DIFFIO_B2_40N|||
U13|IOBS_TB_244_0|BANK2|DIFFIO_B2_39N/D2|||
V15|IOBS_TB_240_0|BANK2|DIFFIO_B2_38N/D10|||
AB18|IOBS_TB_224_0|BANK2|DIFFIO_B2_37N/D12|||
AB17|IOBS_TB_220_0|BANK2|DIFFIO_B2_36N|||
W15|IOBS_TB_212_0|BANK2|DIFFIO_B2_34N|||
W13|IOBS_TB_208_0|BANK2|DIFFIO_B2_33N|||
AB16|IOBS_TB_200_0|BANK2|DIFFIO_B2_32N|||
Y14|IOBS_TB_196_0|BANK2|DIFFIO_B2_31N|||
AB15|IOBS_TB_188_0|BANK2|DIFFIO_B2_30N|||
U12|IOBS_TB_184_0|BANK2|DIFFIO_B2_29N|||
R13|IOBS_TB_180_0|BANK2|DIFFIO_B2_28N|||
Y12|IOBS_TB_168_0|BANK2|DIFFIO_B2_27N/GCLK2/PLL4_CLK10/PLL5_CLK10|||
AB13|IOBS_TB_164_0|BANK2|DIFFIO_B2_26N/GCLK0/PLL4_CLK8/PLL5_CLK8/ECCLK|da_data[7]|output|YES
AB12|IOBS_TB_160_0|BANK2|DIFFIO_B2_25N/GCLK30/PLL4_CLK6/PLL5_CLK6/D15|||
AB11|IOBS_TB_156_0|BANK2|DIFFIO_B2_24N/GCLK28/PLL4_CLK4/PLL5_CLK4|da_data[5]|output|YES
T11|IOBS_TB_152_0|BANK2|DIFFIO_B2_23N|||
W11|IOBS_TB_132_0|BANK2|DIFFIO_B2_21N|da_data[3]|output|YES
AB9|IOBS_TB_128_0|BANK2|DIFFIO_B2_20N|||
Y10|IOBS_TB_120_0|BANK2|DIFFIO_B2_19N|||
AB8|IOBS_TB_116_0|BANK2|DIFFIO_B2_18N|||
V7|IOBS_TB_112_0|BANK2|DIFFIO_B2_17N|||
Y8|IOBS_TB_108_0|BANK2|DIFFIO_B2_16N|||
AB6|IOBS_TB_96_0|BANK2|DIFFIO_B2_14N/D4|||
V9|IOBS_TB_92_0|BANK2|DIFFIO_B2_13N|||
U8|IOBS_TB_88_0|BANK2|DIFFIO_B2_12N|||
U10|IOBS_TB_72_0|BANK2|DIFFIO_B2_11N|||
Y6|IOBS_TB_68_0|BANK2|DIFFIO_B2_10N|||
AB5|IOBS_TB_64_0|BANK2|DIFFIO_B2_9N|||
AB4|IOBS_TB_60_0|BANK2|DIFFIO_B2_8N|||
AB3|IOBS_TB_44_0|BANK2|DIFFIO_B2_7N|||
R8|IOBS_TB_40_0|BANK2|DIFFIO_B2_6N|||
R7|IOBS_TB_36_0|BANK2|DIFFIO_B2_5N|||
Y4|IOBS_TB_32_0|BANK2|DIFFIO_B2_4N/D6|||
V5|IOBS_TB_20_0|BANK2|DIFFIO_B2_3N|||
AB2|IOBS_TB_16_0|BANK2|DIFFIO_B2_2N/D9|||
T5|IOBS_TB_12_0|BANK2|DIFFIO_B2_1N/CSO_N|||
T17|IOBR_TB_288_0|BANK2|DIFFIO_B2_47N/VREF_B2|||
AB14|IOBR_TB_216_0|BANK2|DIFFIO_B2_35N/VREF_B2|||
AB10|IOBR_TB_148_0|BANK2|DIFFIO_B2_22N/VREF_B2|da_data[1]|output|YES
AB7|IOBR_TB_100_0|BANK2|DIFFIO_B2_15N/RWSEL/VREF_B2|||
Y2|IOBS_LR_0_16|BANK3|DIFFI_B3_57P|||
M5|IOBS_LR_0_136|BANK3|DIFFI_B3_38P|||
K7|IOBS_LR_0_288|BANK3|DIFFI_B3_13P|||
A2|IOBS_LR_0_368|BANK3|DIFFI_B3_0P|||
W3|IOBS_LR_0_20|BANK3|DIFFI_B3_56P|||
P8|IOBS_LR_0_24|BANK3|DIFFI_B3_55P|||
P6|IOBS_LR_0_36|BANK3|DIFFI_B3_54P|||
T4|IOBS_LR_0_40|BANK3|DIFFI_B3_53P|||
U4|IOBS_LR_0_44|BANK3|DIFFI_B3_52P|||
N6|IOBS_LR_0_48|BANK3|DIFFI_B3_51P|||
M7|IOBS_LR_0_92|BANK3|DIFFI_B3_45P|||
R4|IOBS_LR_0_112|BANK3|DIFFI_B3_42P|||
M6|IOBS_LR_0_116|BANK3|DIFFI_B3_41P|||
P3|IOBS_LR_0_120|BANK3|DIFFI_B3_40P|||
D5|IOBS_LR_0_132|BANK3|DIFFI_B3_39P|||
V2|IOBS_LR_0_140|BANK3|DIFFI_B3_37P|||
U3|IOBS_LR_0_144|BANK3|DIFFI_B3_36P|||
T2|IOBS_LR_0_148|BANK3|DIFFI_B3_35P|||
R3|IOBS_LR_0_160|BANK3|DIFFI_B3_34P|||
P2|IOBS_LR_0_164|BANK3|DIFFI_B3_33P|||
N3|IOBS_LR_0_168|BANK3|DIFFI_B3_32P|||
M2|IOBS_LR_0_172|BANK3|DIFFI_B3_31P|||
L3|IOBS_LR_0_176|BANK3|DIFFI_B3_30P|||
K2|IOBS_LR_0_200|BANK3|DIFFI_B3_29P/XTAL_B|||
J3|IOBS_LR_0_204|BANK3|DIFFI_B3_28P/GCLK27/PLL2_CLK7/PLL3_CLK7|||
M3|IOBS_LR_0_208|BANK3|DIFFI_B3_27P/GCLK25/PLL2_CLK5/PLL3_CLK5|||
K5|IOBS_LR_0_212|BANK3|DIFFI_B3_26P/GCLK23/PLL1_CLK15/PLL4_CLK7/PLL5_CLK7|||
K3|IOBS_LR_0_216|BANK3|DIFFI_B3_25P/GCLK21/PLL1_CLK13/PLL4_CLK5/PLL5_CLK5|||
K6|IOBS_LR_0_228|BANK3|DIFFI_B3_24P|||
H4|IOBS_LR_0_232|BANK3|DIFFI_B3_23P|||
H2|IOBS_LR_0_236|BANK3|DIFFI_B3_22P|||
G3|IOBS_LR_0_240|BANK3|DIFFI_B3_21P|||
H6|IOBS_LR_0_244|BANK3|DIFFI_B3_20P|||
F2|IOBS_LR_0_256|BANK3|DIFFI_B3_19P|||
G4|IOBS_LR_0_260|BANK3|DIFFI_B3_18P|||
E3|IOBS_LR_0_264|BANK3|DIFFI_B3_17P|||
D2|IOBS_LR_0_268|BANK3|DIFFI_B3_16P|||
C3|IOBS_LR_0_272|BANK3|DIFFI_B3_15P|||
G6|IOBS_LR_0_284|BANK3|DIFFI_B3_14P|||
J7|IOBS_LR_0_292|BANK3|DIFFI_B3_12P|||
B2|IOBS_LR_0_296|BANK3|DIFFI_B3_11P|||
G7|IOBS_LR_0_356|BANK3|DIFFI_B3_3P|||
D3|IOBS_LR_0_360|BANK3|DIFFI_B3_2P|||
E5|IOBS_LR_0_364|BANK3|DIFFI_B3_1P|||
W1|IOBS_LR_0_21|BANK3|DIFFI_B3_56N|||
P7|IOBS_LR_0_25|BANK3|DIFFI_B3_55N|||
P5|IOBS_LR_0_37|BANK3|DIFFI_B3_54N|||
T3|IOBS_LR_0_41|BANK3|DIFFI_B3_53N|||
V3|IOBS_LR_0_45|BANK3|DIFFI_B3_52N|||
N7|IOBS_LR_0_49|BANK3|DIFFI_B3_51N|||
M8|IOBS_LR_0_93|BANK3|DIFFI_B3_45N|||
P4|IOBS_LR_0_113|BANK3|DIFFI_B3_42N|||
L6|IOBS_LR_0_117|BANK3|DIFFI_B3_41N|||
N4|IOBS_LR_0_121|BANK3|DIFFI_B3_40N|||
E4|IOBS_LR_0_133|BANK3|DIFFI_B3_39N|||
V1|IOBS_LR_0_141|BANK3|DIFFI_B3_37N|||
U1|IOBS_LR_0_145|BANK3|DIFFI_B3_36N|||
T1|IOBS_LR_0_149|BANK3|DIFFI_B3_35N|||
R1|IOBS_LR_0_161|BANK3|DIFFI_B3_34N|||
P1|IOBS_LR_0_165|BANK3|DIFFI_B3_33N|||
N1|IOBS_LR_0_169|BANK3|DIFFI_B3_32N|||
M1|IOBS_LR_0_173|BANK3|DIFFI_B3_31N|||
L1|IOBS_LR_0_177|BANK3|DIFFI_B3_30N|||
K1|IOBS_LR_0_201|BANK3|DIFFI_B3_29N/XTAL_A|||
J1|IOBS_LR_0_205|BANK3|DIFFI_B3_28N/GCLK26/PLL2_CLK6/PLL3_CLK6|||
L4|IOBS_LR_0_209|BANK3|DIFFI_B3_27N/GCLK24/PLL2_CLK4/PLL3_CLK4|||
K4|IOBS_LR_0_213|BANK3|DIFFI_B3_26N/GCLK22/PLL1_CLK14/PLL4_CLK6/PLL5_CLK6|||
J4|IOBS_LR_0_217|BANK3|DIFFI_B3_25N/GCLK20/PLL1_CLK12/PLL4_CLK4/PLL5_CLK4|||
J6|IOBS_LR_0_229|BANK3|DIFFI_B3_24N|||
H3|IOBS_LR_0_233|BANK3|DIFFI_B3_23N|||
H1|IOBS_LR_0_237|BANK3|DIFFI_B3_22N|||
G1|IOBS_LR_0_241|BANK3|DIFFI_B3_21N|||
H5|IOBS_LR_0_245|BANK3|DIFFI_B3_20N|||
F1|IOBS_LR_0_257|BANK3|DIFFI_B3_19N|||
F3|IOBS_LR_0_261|BANK3|DIFFI_B3_18N|||
E1|IOBS_LR_0_265|BANK3|DIFFI_B3_17N|||
D1|IOBS_LR_0_269|BANK3|DIFFI_B3_16N|||
C1|IOBS_LR_0_273|BANK3|DIFFI_B3_15N|||
F5|IOBS_LR_0_285|BANK3|DIFFI_B3_14N|||
H8|IOBS_LR_0_293|BANK3|DIFFI_B3_12N|||
B1|IOBS_LR_0_297|BANK3|DIFFI_B3_11N|||
F7|IOBS_LR_0_357|BANK3|DIFFI_B3_3N|||
C4|IOBS_LR_0_361|BANK3|DIFFI_B3_2N|||
E6|IOBS_LR_0_365|BANK3|DIFFI_B3_1N|||
Y1|IOBR_LR_0_17|BANK3|DIFFI_B3_57N/VREF_B3|||
M4|IOBR_LR_0_137|BANK3|DIFFI_B3_38N/VREF_B3|||
K8|IOBR_LR_0_289|BANK3|DIFFI_B3_13N/VREF_B3|||
B3|IOBR_LR_0_369|BANK3|DIFFI_B3_0N/VREF_B3|||
