#Build: Fabric Compiler 2022.1, Build 99559, Jul 12 00:20 2022
#Install: D:\software\pango2022.1\PDS_2022.1\bin
#Application name: pds_shell.exe
#OS: Windows 10 10.0.22621
#Hostname: DESKTOP-NTRMANG
Generated by Fabric Compiler (version 2022.1 build 99559) at Mon Jan  8 17:18:35 2024
License checkout: fabric_ads
Compiling verification operator library.
Loading technology operator library.
Compiling technology operator library.
Compiling technology operator (valence) library.
W: Flow-4058: The device information PGL50G-6FBG484 of IP 'D:/admin/desktop/AD_DA_50H/AD9708_square_wave/ipcore/ad_clock_125m/ad_clock_125m.idf' is not the same as the current project.
W: Flow-4058: The device information PGL50G-6FBG484 of IP 'D:/admin/desktop/AD_DA_50H/AD9708_square_wave/ipcore/rom_square_wave/rom_square_wave.idf' is not the same as the current project.
I: Enable Verilog2k features and keywords
Start rtl-analyze.
Executing : .rtl_analyze -work work -include_path {D:/admin/desktop/AD_DA_50H/AD9708_square_wave} D:/admin/desktop/AD_DA_50H/AD9708_square_wave/source/square_wave.v
I: Verilog-0001: Analyzing file D:/admin/desktop/AD_DA_50H/AD9708_square_wave/source/square_wave.v
I: Verilog-0002: [D:/admin/desktop/AD_DA_50H/AD9708_square_wave/source/square_wave.v(line number: 1)] Analyzing module square_wave (library work)
Parsing done.
Executing : .rtl_analyze -work work -include_path {D:/admin/desktop/AD_DA_50H/AD9708_square_wave} D:/admin/desktop/AD_DA_50H/AD9708_square_wave/source/square_wave.v successfully.
Executing : .rtl_analyze -include_path {D:/admin/desktop/AD_DA_50H/AD9708_square_wave} D:/admin/desktop/AD_DA_50H/AD9708_square_wave/ipcore/ad_clock_125m/ad_clock_125m.v
I: Verilog-0001: Analyzing file D:/admin/desktop/AD_DA_50H/AD9708_square_wave/ipcore/ad_clock_125m/ad_clock_125m.v
I: Verilog-0002: [D:/admin/desktop/AD_DA_50H/AD9708_square_wave/ipcore/ad_clock_125m/ad_clock_125m.v(line number: 20)] Analyzing module ad_clock_125m (library work)
Parsing done.
Executing : .rtl_analyze -include_path {D:/admin/desktop/AD_DA_50H/AD9708_square_wave} D:/admin/desktop/AD_DA_50H/AD9708_square_wave/ipcore/ad_clock_125m/ad_clock_125m.v successfully.
Executing : .rtl_analyze -include_path {D:/admin/desktop/AD_DA_50H/AD9708_square_wave} D:/admin/desktop/AD_DA_50H/AD9708_square_wave/ipcore/rom_square_wave/rtl/ipml_rom_v1_5_rom_square_wave.v
I: Verilog-0001: Analyzing file D:/admin/desktop/AD_DA_50H/AD9708_square_wave/ipcore/rom_square_wave/rtl/ipml_rom_v1_5_rom_square_wave.v
I: Verilog-0002: [D:/admin/desktop/AD_DA_50H/AD9708_square_wave/ipcore/rom_square_wave/rtl/ipml_rom_v1_5_rom_square_wave.v(line number: 20)] Analyzing module ipml_rom_v1_5_rom_square_wave (library work)
Parsing done.
Executing : .rtl_analyze -include_path {D:/admin/desktop/AD_DA_50H/AD9708_square_wave} D:/admin/desktop/AD_DA_50H/AD9708_square_wave/ipcore/rom_square_wave/rtl/ipml_rom_v1_5_rom_square_wave.v successfully.
Executing : .rtl_analyze -include_path {D:/admin/desktop/AD_DA_50H/AD9708_square_wave} D:/admin/desktop/AD_DA_50H/AD9708_square_wave/ipcore/rom_square_wave/rtl/ipml_spram_v1_5_rom_square_wave.v
I: Verilog-0001: Analyzing file D:/admin/desktop/AD_DA_50H/AD9708_square_wave/ipcore/rom_square_wave/rtl/ipml_spram_v1_5_rom_square_wave.v
I: Verilog-0002: [D:/admin/desktop/AD_DA_50H/AD9708_square_wave/ipcore/rom_square_wave/rtl/ipml_spram_v1_5_rom_square_wave.v(line number: 19)] Analyzing module ipml_spram_v1_5_rom_square_wave (library work)
I: Found Verilog include file D:/admin/desktop/AD_DA_50H/AD9708_square_wave/ipcore/rom_square_wave/rtl/rom_square_wave_init_param.v
W: Verilog-2008: [D:/admin/desktop/AD_DA_50H/AD9708_square_wave/ipcore/rom_square_wave/rtl/ipml_spram_v1_5_rom_square_wave.v(line number: 142)] Ignore 'system task' $display
W: Verilog-2008: [D:/admin/desktop/AD_DA_50H/AD9708_square_wave/ipcore/rom_square_wave/rtl/ipml_spram_v1_5_rom_square_wave.v(line number: 146)] Ignore 'system task' $display
W: Verilog-2008: [D:/admin/desktop/AD_DA_50H/AD9708_square_wave/ipcore/rom_square_wave/rtl/ipml_spram_v1_5_rom_square_wave.v(line number: 150)] Ignore 'system task' $display
W: Verilog-2008: [D:/admin/desktop/AD_DA_50H/AD9708_square_wave/ipcore/rom_square_wave/rtl/ipml_spram_v1_5_rom_square_wave.v(line number: 151)] Ignore 'system task' $finish
W: Verilog-2008: [D:/admin/desktop/AD_DA_50H/AD9708_square_wave/ipcore/rom_square_wave/rtl/ipml_spram_v1_5_rom_square_wave.v(line number: 154)] Ignore 'system task' $display
W: Verilog-2008: [D:/admin/desktop/AD_DA_50H/AD9708_square_wave/ipcore/rom_square_wave/rtl/ipml_spram_v1_5_rom_square_wave.v(line number: 155)] Ignore 'system task' $finish
W: Verilog-2008: [D:/admin/desktop/AD_DA_50H/AD9708_square_wave/ipcore/rom_square_wave/rtl/ipml_spram_v1_5_rom_square_wave.v(line number: 158)] Ignore 'system task' $display
W: Verilog-2008: [D:/admin/desktop/AD_DA_50H/AD9708_square_wave/ipcore/rom_square_wave/rtl/ipml_spram_v1_5_rom_square_wave.v(line number: 159)] Ignore 'system task' $finish
W: Verilog-2008: [D:/admin/desktop/AD_DA_50H/AD9708_square_wave/ipcore/rom_square_wave/rtl/ipml_spram_v1_5_rom_square_wave.v(line number: 162)] Ignore 'system task' $display
W: Verilog-2008: [D:/admin/desktop/AD_DA_50H/AD9708_square_wave/ipcore/rom_square_wave/rtl/ipml_spram_v1_5_rom_square_wave.v(line number: 163)] Ignore 'system task' $finish
W: Verilog-2008: [D:/admin/desktop/AD_DA_50H/AD9708_square_wave/ipcore/rom_square_wave/rtl/ipml_spram_v1_5_rom_square_wave.v(line number: 166)] Ignore 'system task' $display
W: Verilog-2008: [D:/admin/desktop/AD_DA_50H/AD9708_square_wave/ipcore/rom_square_wave/rtl/ipml_spram_v1_5_rom_square_wave.v(line number: 167)] Ignore 'system task' $finish
W: Verilog-2008: [D:/admin/desktop/AD_DA_50H/AD9708_square_wave/ipcore/rom_square_wave/rtl/ipml_spram_v1_5_rom_square_wave.v(line number: 170)] Ignore 'system task' $display
W: Verilog-2008: [D:/admin/desktop/AD_DA_50H/AD9708_square_wave/ipcore/rom_square_wave/rtl/ipml_spram_v1_5_rom_square_wave.v(line number: 171)] Ignore 'system task' $finish
W: Verilog-2008: [D:/admin/desktop/AD_DA_50H/AD9708_square_wave/ipcore/rom_square_wave/rtl/ipml_spram_v1_5_rom_square_wave.v(line number: 174)] Ignore 'system task' $display
W: Verilog-2008: [D:/admin/desktop/AD_DA_50H/AD9708_square_wave/ipcore/rom_square_wave/rtl/ipml_spram_v1_5_rom_square_wave.v(line number: 175)] Ignore 'system task' $finish
W: Verilog-2008: [D:/admin/desktop/AD_DA_50H/AD9708_square_wave/ipcore/rom_square_wave/rtl/ipml_spram_v1_5_rom_square_wave.v(line number: 178)] Ignore 'system task' $display
W: Verilog-2008: [D:/admin/desktop/AD_DA_50H/AD9708_square_wave/ipcore/rom_square_wave/rtl/ipml_spram_v1_5_rom_square_wave.v(line number: 179)] Ignore 'system task' $finish
W: Verilog-2008: [D:/admin/desktop/AD_DA_50H/AD9708_square_wave/ipcore/rom_square_wave/rtl/ipml_spram_v1_5_rom_square_wave.v(line number: 182)] Ignore 'system task' $display
W: Verilog-2008: [D:/admin/desktop/AD_DA_50H/AD9708_square_wave/ipcore/rom_square_wave/rtl/ipml_spram_v1_5_rom_square_wave.v(line number: 183)] Ignore 'system task' $finish
W: Verilog-2008: [D:/admin/desktop/AD_DA_50H/AD9708_square_wave/ipcore/rom_square_wave/rtl/ipml_spram_v1_5_rom_square_wave.v(line number: 186)] Ignore 'system task' $display
W: Verilog-2008: [D:/admin/desktop/AD_DA_50H/AD9708_square_wave/ipcore/rom_square_wave/rtl/ipml_spram_v1_5_rom_square_wave.v(line number: 187)] Ignore 'system task' $finish
W: Verilog-2008: [D:/admin/desktop/AD_DA_50H/AD9708_square_wave/ipcore/rom_square_wave/rtl/ipml_spram_v1_5_rom_square_wave.v(line number: 190)] Ignore 'system task' $display
W: Verilog-2008: [D:/admin/desktop/AD_DA_50H/AD9708_square_wave/ipcore/rom_square_wave/rtl/ipml_spram_v1_5_rom_square_wave.v(line number: 191)] Ignore 'system task' $finish
W: Verilog-2008: [D:/admin/desktop/AD_DA_50H/AD9708_square_wave/ipcore/rom_square_wave/rtl/ipml_spram_v1_5_rom_square_wave.v(line number: 194)] Ignore 'system task' $display
W: Verilog-2008: [D:/admin/desktop/AD_DA_50H/AD9708_square_wave/ipcore/rom_square_wave/rtl/ipml_spram_v1_5_rom_square_wave.v(line number: 195)] Ignore 'system task' $finish
W: Verilog-2008: [D:/admin/desktop/AD_DA_50H/AD9708_square_wave/ipcore/rom_square_wave/rtl/ipml_spram_v1_5_rom_square_wave.v(line number: 199)] Ignore 'system task' $display
W: Verilog-2008: [D:/admin/desktop/AD_DA_50H/AD9708_square_wave/ipcore/rom_square_wave/rtl/ipml_spram_v1_5_rom_square_wave.v(line number: 200)] Ignore 'system task' $finish
W: Verilog-2008: [D:/admin/desktop/AD_DA_50H/AD9708_square_wave/ipcore/rom_square_wave/rtl/ipml_spram_v1_5_rom_square_wave.v(line number: 203)] Ignore 'system task' $display
W: Verilog-2008: [D:/admin/desktop/AD_DA_50H/AD9708_square_wave/ipcore/rom_square_wave/rtl/ipml_spram_v1_5_rom_square_wave.v(line number: 204)] Ignore 'system task' $finish
W: Verilog-2008: [D:/admin/desktop/AD_DA_50H/AD9708_square_wave/ipcore/rom_square_wave/rtl/ipml_spram_v1_5_rom_square_wave.v(line number: 208)] Ignore 'system task' $display
W: Verilog-2008: [D:/admin/desktop/AD_DA_50H/AD9708_square_wave/ipcore/rom_square_wave/rtl/ipml_spram_v1_5_rom_square_wave.v(line number: 209)] Ignore 'system task' $finish
W: Verilog-2008: [D:/admin/desktop/AD_DA_50H/AD9708_square_wave/ipcore/rom_square_wave/rtl/ipml_spram_v1_5_rom_square_wave.v(line number: 216)] Ignore 'system task' $display
W: Verilog-2008: [D:/admin/desktop/AD_DA_50H/AD9708_square_wave/ipcore/rom_square_wave/rtl/ipml_spram_v1_5_rom_square_wave.v(line number: 217)] Ignore 'system task' $finish
W: Verilog-2010: [D:/admin/desktop/AD_DA_50H/AD9708_square_wave/ipcore/rom_square_wave/rtl/ipml_spram_v1_5_rom_square_wave.v(line number: 140)] Ignore initial statements except memory $readmemh/$readmemb initialization statements
Parsing done.
Executing : .rtl_analyze -include_path {D:/admin/desktop/AD_DA_50H/AD9708_square_wave} D:/admin/desktop/AD_DA_50H/AD9708_square_wave/ipcore/rom_square_wave/rtl/ipml_spram_v1_5_rom_square_wave.v successfully.
Executing : .rtl_analyze -include_path {D:/admin/desktop/AD_DA_50H/AD9708_square_wave} D:/admin/desktop/AD_DA_50H/AD9708_square_wave/ipcore/rom_square_wave/rom_square_wave.v
I: Verilog-0001: Analyzing file D:/admin/desktop/AD_DA_50H/AD9708_square_wave/ipcore/rom_square_wave/rom_square_wave.v
I: Verilog-0002: [D:/admin/desktop/AD_DA_50H/AD9708_square_wave/ipcore/rom_square_wave/rom_square_wave.v(line number: 18)] Analyzing module rom_square_wave (library work)
Parsing done.
Executing : .rtl_analyze -include_path {D:/admin/desktop/AD_DA_50H/AD9708_square_wave} D:/admin/desktop/AD_DA_50H/AD9708_square_wave/ipcore/rom_square_wave/rom_square_wave.v successfully.
I: Module "square_wave" is set as top module.
Executing : rtl-analyze successfully. Time elapsed: 1.097s wall, 0.016s user + 0.016s system = 0.031s CPU (2.8%)

Start rtl-elaborate.
I: Verilog-0003: [D:/admin/desktop/AD_DA_50H/AD9708_square_wave/source/square_wave.v(line number: 1)] Elaborating module square_wave
I: Verilog-0004: [D:/admin/desktop/AD_DA_50H/AD9708_square_wave/source/square_wave.v(line number: 29)] Elaborating instance u_pll
I: Verilog-0003: [D:/admin/desktop/AD_DA_50H/AD9708_square_wave/ipcore/ad_clock_125m/ad_clock_125m.v(line number: 20)] Elaborating module ad_clock_125m
I: Verilog-0004: [D:/admin/desktop/AD_DA_50H/AD9708_square_wave/ipcore/ad_clock_125m/ad_clock_125m.v(line number: 230)] Elaborating instance u_pll_e3
W: Verilog-2021: [D:/admin/desktop/AD_DA_50H/AD9708_square_wave/ipcore/ad_clock_125m/ad_clock_125m.v(line number: 117)] Net clkfb in ad_clock_125m(original module ad_clock_125m) does not have a driver, tie it to 0
W: Verilog-2021: [D:/admin/desktop/AD_DA_50H/AD9708_square_wave/ipcore/ad_clock_125m/ad_clock_125m.v(line number: 120)] Net pfden in ad_clock_125m(original module ad_clock_125m) does not have a driver, tie it to 0
W: Verilog-2021: [D:/admin/desktop/AD_DA_50H/AD9708_square_wave/ipcore/ad_clock_125m/ad_clock_125m.v(line number: 121)] Net clkout0_gate in ad_clock_125m(original module ad_clock_125m) does not have a driver, tie it to 0
W: Verilog-2021: [D:/admin/desktop/AD_DA_50H/AD9708_square_wave/ipcore/ad_clock_125m/ad_clock_125m.v(line number: 122)] Net clkout0_2pad_gate in ad_clock_125m(original module ad_clock_125m) does not have a driver, tie it to 0
W: Verilog-2021: [D:/admin/desktop/AD_DA_50H/AD9708_square_wave/ipcore/ad_clock_125m/ad_clock_125m.v(line number: 123)] Net clkout1_gate in ad_clock_125m(original module ad_clock_125m) does not have a driver, tie it to 0
W: Verilog-2021: [D:/admin/desktop/AD_DA_50H/AD9708_square_wave/ipcore/ad_clock_125m/ad_clock_125m.v(line number: 124)] Net clkout2_gate in ad_clock_125m(original module ad_clock_125m) does not have a driver, tie it to 0
W: Verilog-2021: [D:/admin/desktop/AD_DA_50H/AD9708_square_wave/ipcore/ad_clock_125m/ad_clock_125m.v(line number: 125)] Net clkout3_gate in ad_clock_125m(original module ad_clock_125m) does not have a driver, tie it to 0
W: Verilog-2021: [D:/admin/desktop/AD_DA_50H/AD9708_square_wave/ipcore/ad_clock_125m/ad_clock_125m.v(line number: 126)] Net clkout4_gate in ad_clock_125m(original module ad_clock_125m) does not have a driver, tie it to 0
W: Verilog-2021: [D:/admin/desktop/AD_DA_50H/AD9708_square_wave/ipcore/ad_clock_125m/ad_clock_125m.v(line number: 127)] Net clkout5_gate in ad_clock_125m(original module ad_clock_125m) does not have a driver, tie it to 0
W: Verilog-2021: [D:/admin/desktop/AD_DA_50H/AD9708_square_wave/ipcore/ad_clock_125m/ad_clock_125m.v(line number: 128)] Net dyn_idiv in ad_clock_125m(original module ad_clock_125m) does not have a driver, tie it to 0
W: Verilog-2021: [D:/admin/desktop/AD_DA_50H/AD9708_square_wave/ipcore/ad_clock_125m/ad_clock_125m.v(line number: 129)] Net dyn_odiv0 in ad_clock_125m(original module ad_clock_125m) does not have a driver, tie it to 0
W: Verilog-2021: [D:/admin/desktop/AD_DA_50H/AD9708_square_wave/ipcore/ad_clock_125m/ad_clock_125m.v(line number: 130)] Net dyn_odiv1 in ad_clock_125m(original module ad_clock_125m) does not have a driver, tie it to 0
W: Verilog-2021: [D:/admin/desktop/AD_DA_50H/AD9708_square_wave/ipcore/ad_clock_125m/ad_clock_125m.v(line number: 131)] Net dyn_odiv2 in ad_clock_125m(original module ad_clock_125m) does not have a driver, tie it to 0
W: Verilog-2021: [D:/admin/desktop/AD_DA_50H/AD9708_square_wave/ipcore/ad_clock_125m/ad_clock_125m.v(line number: 132)] Net dyn_odiv3 in ad_clock_125m(original module ad_clock_125m) does not have a driver, tie it to 0
W: Verilog-2021: [D:/admin/desktop/AD_DA_50H/AD9708_square_wave/ipcore/ad_clock_125m/ad_clock_125m.v(line number: 133)] Net dyn_odiv4 in ad_clock_125m(original module ad_clock_125m) does not have a driver, tie it to 0
W: Verilog-2021: [D:/admin/desktop/AD_DA_50H/AD9708_square_wave/ipcore/ad_clock_125m/ad_clock_125m.v(line number: 134)] Net dyn_fdiv in ad_clock_125m(original module ad_clock_125m) does not have a driver, tie it to 0
W: Verilog-2021: [D:/admin/desktop/AD_DA_50H/AD9708_square_wave/ipcore/ad_clock_125m/ad_clock_125m.v(line number: 135)] Net dyn_duty0 in ad_clock_125m(original module ad_clock_125m) does not have a driver, tie it to 0
W: Verilog-2021: [D:/admin/desktop/AD_DA_50H/AD9708_square_wave/ipcore/ad_clock_125m/ad_clock_125m.v(line number: 136)] Net dyn_duty1 in ad_clock_125m(original module ad_clock_125m) does not have a driver, tie it to 0
W: Verilog-2021: [D:/admin/desktop/AD_DA_50H/AD9708_square_wave/ipcore/ad_clock_125m/ad_clock_125m.v(line number: 137)] Net dyn_duty2 in ad_clock_125m(original module ad_clock_125m) does not have a driver, tie it to 0
W: Verilog-2021: [D:/admin/desktop/AD_DA_50H/AD9708_square_wave/ipcore/ad_clock_125m/ad_clock_125m.v(line number: 138)] Net dyn_duty3 in ad_clock_125m(original module ad_clock_125m) does not have a driver, tie it to 0
W: Verilog-2021: [D:/admin/desktop/AD_DA_50H/AD9708_square_wave/ipcore/ad_clock_125m/ad_clock_125m.v(line number: 139)] Net dyn_duty4 in ad_clock_125m(original module ad_clock_125m) does not have a driver, tie it to 0
I: Verilog-0004: [D:/admin/desktop/AD_DA_50H/AD9708_square_wave/source/square_wave.v(line number: 35)] Elaborating instance u_rom
I: Verilog-0003: [D:/admin/desktop/AD_DA_50H/AD9708_square_wave/ipcore/rom_square_wave/rom_square_wave.v(line number: 18)] Elaborating module rom_square_wave
I: Verilog-0004: [D:/admin/desktop/AD_DA_50H/AD9708_square_wave/ipcore/rom_square_wave/rom_square_wave.v(line number: 104)] Elaborating instance U_ipml_rom_rom_square_wave
I: Verilog-0003: [D:/admin/desktop/AD_DA_50H/AD9708_square_wave/ipcore/rom_square_wave/rtl/ipml_rom_v1_5_rom_square_wave.v(line number: 20)] Elaborating module ipml_rom_v1_5_rom_square_wave
I: Module instance {square_wave.u_rom.U_ipml_rom_rom_square_wave} parameter value:
    c_SIM_DEVICE = LOGOS
    c_ADDR_WIDTH = 32'b00000000000000000000000000001010
    c_DATA_WIDTH = 32'b00000000000000000000000000001000
    c_OUTPUT_REG = 32'b00000000000000000000000000000000
    c_RD_OCE_EN = 32'b00000000000000000000000000000000
    c_CLK_EN = 32'b00000000000000000000000000000000
    c_ADDR_STROBE_EN = 32'b00000000000000000000000000000000
    c_RESET_TYPE = ASYNC_RESET
    c_POWER_OPT = 32'b00000000000000000000000000000000
    c_CLK_OR_POL_INV = 32'b00000000000000000000000000000000
    c_INIT_FILE = NONE
    c_INIT_FORMAT = HEX
I: Verilog-0004: [D:/admin/desktop/AD_DA_50H/AD9708_square_wave/ipcore/rom_square_wave/rtl/ipml_rom_v1_5_rom_square_wave.v(line number: 71)] Elaborating instance U_ipml_spram_rom_square_wave
I: Verilog-0003: [D:/admin/desktop/AD_DA_50H/AD9708_square_wave/ipcore/rom_square_wave/rtl/ipml_spram_v1_5_rom_square_wave.v(line number: 19)] Elaborating module ipml_spram_v1_5_rom_square_wave
I: Module instance {square_wave.u_rom.U_ipml_rom_rom_square_wave.U_ipml_spram_rom_square_wave} parameter value:
    c_SIM_DEVICE = LOGOS
    c_ADDR_WIDTH = 32'b00000000000000000000000000001010
    c_DATA_WIDTH = 32'b00000000000000000000000000001000
    c_OUTPUT_REG = 32'b00000000000000000000000000000000
    c_RD_OCE_EN = 32'b00000000000000000000000000000000
    c_CLK_EN = 32'b00000000000000000000000000000000
    c_ADDR_STROBE_EN = 32'b00000000000000000000000000000000
    c_RESET_TYPE = ASYNC_RESET
    c_POWER_OPT = 32'b00000000000000000000000000000000
    c_CLK_OR_POL_INV = 32'b00000000000000000000000000000000
    c_INIT_FILE = NONE
    c_INIT_FORMAT = HEX
    c_WR_BYTE_EN = 32'b00000000000000000000000000000000
    c_BE_WIDTH = 32'b00000000000000000000000000000001
    c_RAM_MODE = ROM
    c_WRITE_MODE = NORMAL_WRITE
W: Verilog-2039: [D:/admin/desktop/AD_DA_50H/AD9708_square_wave/ipcore/rom_square_wave/rtl/ipml_spram_v1_5_rom_square_wave.v(line number: 256)] Repeat multiplier in concatenation evaluates to 0
W: Verilog-2039: [D:/admin/desktop/AD_DA_50H/AD9708_square_wave/ipcore/rom_square_wave/rtl/ipml_spram_v1_5_rom_square_wave.v(line number: 258)] Repeat multiplier in concatenation evaluates to 0
W: Verilog-2038: [D:/admin/desktop/AD_DA_50H/AD9708_square_wave/ipcore/rom_square_wave/rtl/ipml_spram_v1_5_rom_square_wave.v(line number: 267)] Case condition never applies
W: Verilog-2038: [D:/admin/desktop/AD_DA_50H/AD9708_square_wave/ipcore/rom_square_wave/rtl/ipml_spram_v1_5_rom_square_wave.v(line number: 271)] Case condition never applies
W: Verilog-2038: [D:/admin/desktop/AD_DA_50H/AD9708_square_wave/ipcore/rom_square_wave/rtl/ipml_spram_v1_5_rom_square_wave.v(line number: 275)] Case condition never applies
I: Verilog-0004: [D:/admin/desktop/AD_DA_50H/AD9708_square_wave/ipcore/rom_square_wave/rtl/ipml_spram_v1_5_rom_square_wave.v(line number: 547)] Elaborating instance U_GTP_DRM9K
W: Verilog-2020: [D:/admin/desktop/AD_DA_50H/AD9708_square_wave/ipcore/rom_square_wave/rtl/ipml_spram_v1_5_rom_square_wave.v(line number: 428)] Net DA_bus[8] in ipml_spram_v1_5_rom_square_wave(original module ipml_spram_v1_5_rom_square_wave) does not have a driver, tie it to 0
W: Verilog-2020: [D:/admin/desktop/AD_DA_50H/AD9708_square_wave/ipcore/rom_square_wave/rtl/ipml_spram_v1_5_rom_square_wave.v(line number: 428)] Net DA_bus[9] in ipml_spram_v1_5_rom_square_wave(original module ipml_spram_v1_5_rom_square_wave) does not have a driver, tie it to 0
W: Verilog-2020: [D:/admin/desktop/AD_DA_50H/AD9708_square_wave/ipcore/rom_square_wave/rtl/ipml_spram_v1_5_rom_square_wave.v(line number: 428)] Net DA_bus[10] in ipml_spram_v1_5_rom_square_wave(original module ipml_spram_v1_5_rom_square_wave) does not have a driver, tie it to 0
W: Verilog-2020: [D:/admin/desktop/AD_DA_50H/AD9708_square_wave/ipcore/rom_square_wave/rtl/ipml_spram_v1_5_rom_square_wave.v(line number: 428)] Net DA_bus[11] in ipml_spram_v1_5_rom_square_wave(original module ipml_spram_v1_5_rom_square_wave) does not have a driver, tie it to 0
W: Verilog-2020: [D:/admin/desktop/AD_DA_50H/AD9708_square_wave/ipcore/rom_square_wave/rtl/ipml_spram_v1_5_rom_square_wave.v(line number: 428)] Net DA_bus[12] in ipml_spram_v1_5_rom_square_wave(original module ipml_spram_v1_5_rom_square_wave) does not have a driver, tie it to 0
W: Verilog-2020: [D:/admin/desktop/AD_DA_50H/AD9708_square_wave/ipcore/rom_square_wave/rtl/ipml_spram_v1_5_rom_square_wave.v(line number: 428)] Net DA_bus[13] in ipml_spram_v1_5_rom_square_wave(original module ipml_spram_v1_5_rom_square_wave) does not have a driver, tie it to 0
W: Verilog-2020: [D:/admin/desktop/AD_DA_50H/AD9708_square_wave/ipcore/rom_square_wave/rtl/ipml_spram_v1_5_rom_square_wave.v(line number: 428)] Net DA_bus[14] in ipml_spram_v1_5_rom_square_wave(original module ipml_spram_v1_5_rom_square_wave) does not have a driver, tie it to 0
W: Verilog-2020: [D:/admin/desktop/AD_DA_50H/AD9708_square_wave/ipcore/rom_square_wave/rtl/ipml_spram_v1_5_rom_square_wave.v(line number: 428)] Net DA_bus[15] in ipml_spram_v1_5_rom_square_wave(original module ipml_spram_v1_5_rom_square_wave) does not have a driver, tie it to 0
W: Verilog-2020: [D:/admin/desktop/AD_DA_50H/AD9708_square_wave/ipcore/rom_square_wave/rtl/ipml_spram_v1_5_rom_square_wave.v(line number: 428)] Net DA_bus[16] in ipml_spram_v1_5_rom_square_wave(original module ipml_spram_v1_5_rom_square_wave) does not have a driver, tie it to 0
W: Verilog-2020: [D:/admin/desktop/AD_DA_50H/AD9708_square_wave/ipcore/rom_square_wave/rtl/ipml_spram_v1_5_rom_square_wave.v(line number: 428)] Net DA_bus[17] in ipml_spram_v1_5_rom_square_wave(original module ipml_spram_v1_5_rom_square_wave) does not have a driver, tie it to 0
W: Verilog-2020: [D:/admin/desktop/AD_DA_50H/AD9708_square_wave/ipcore/rom_square_wave/rtl/ipml_spram_v1_5_rom_square_wave.v(line number: 429)] Net DB_bus[8] in ipml_spram_v1_5_rom_square_wave(original module ipml_spram_v1_5_rom_square_wave) does not have a driver, tie it to 0
W: Verilog-2020: [D:/admin/desktop/AD_DA_50H/AD9708_square_wave/ipcore/rom_square_wave/rtl/ipml_spram_v1_5_rom_square_wave.v(line number: 429)] Net DB_bus[9] in ipml_spram_v1_5_rom_square_wave(original module ipml_spram_v1_5_rom_square_wave) does not have a driver, tie it to 0
W: Verilog-2020: [D:/admin/desktop/AD_DA_50H/AD9708_square_wave/ipcore/rom_square_wave/rtl/ipml_spram_v1_5_rom_square_wave.v(line number: 429)] Net DB_bus[10] in ipml_spram_v1_5_rom_square_wave(original module ipml_spram_v1_5_rom_square_wave) does not have a driver, tie it to 0
W: Verilog-2020: [D:/admin/desktop/AD_DA_50H/AD9708_square_wave/ipcore/rom_square_wave/rtl/ipml_spram_v1_5_rom_square_wave.v(line number: 429)] Net DB_bus[11] in ipml_spram_v1_5_rom_square_wave(original module ipml_spram_v1_5_rom_square_wave) does not have a driver, tie it to 0
W: Verilog-2020: [D:/admin/desktop/AD_DA_50H/AD9708_square_wave/ipcore/rom_square_wave/rtl/ipml_spram_v1_5_rom_square_wave.v(line number: 429)] Net DB_bus[12] in ipml_spram_v1_5_rom_square_wave(original module ipml_spram_v1_5_rom_square_wave) does not have a driver, tie it to 0
W: Verilog-2020: [D:/admin/desktop/AD_DA_50H/AD9708_square_wave/ipcore/rom_square_wave/rtl/ipml_spram_v1_5_rom_square_wave.v(line number: 429)] Net DB_bus[13] in ipml_spram_v1_5_rom_square_wave(original module ipml_spram_v1_5_rom_square_wave) does not have a driver, tie it to 0
W: Verilog-2020: [D:/admin/desktop/AD_DA_50H/AD9708_square_wave/ipcore/rom_square_wave/rtl/ipml_spram_v1_5_rom_square_wave.v(line number: 429)] Net DB_bus[14] in ipml_spram_v1_5_rom_square_wave(original module ipml_spram_v1_5_rom_square_wave) does not have a driver, tie it to 0
W: Verilog-2020: [D:/admin/desktop/AD_DA_50H/AD9708_square_wave/ipcore/rom_square_wave/rtl/ipml_spram_v1_5_rom_square_wave.v(line number: 429)] Net DB_bus[15] in ipml_spram_v1_5_rom_square_wave(original module ipml_spram_v1_5_rom_square_wave) does not have a driver, tie it to 0
W: Verilog-2020: [D:/admin/desktop/AD_DA_50H/AD9708_square_wave/ipcore/rom_square_wave/rtl/ipml_spram_v1_5_rom_square_wave.v(line number: 429)] Net DB_bus[16] in ipml_spram_v1_5_rom_square_wave(original module ipml_spram_v1_5_rom_square_wave) does not have a driver, tie it to 0
W: Verilog-2020: [D:/admin/desktop/AD_DA_50H/AD9708_square_wave/ipcore/rom_square_wave/rtl/ipml_spram_v1_5_rom_square_wave.v(line number: 429)] Net DB_bus[17] in ipml_spram_v1_5_rom_square_wave(original module ipml_spram_v1_5_rom_square_wave) does not have a driver, tie it to 0
W: Verilog-2023: [D:/admin/desktop/AD_DA_50H/AD9708_square_wave/ipcore/rom_square_wave/rtl/ipml_rom_v1_5_rom_square_wave.v(line number: 71)] Give initial value 0 for the no drive pin wr_data in module instance square_wave.u_rom.U_ipml_rom_rom_square_wave.U_ipml_spram_rom_square_wave
W: Verilog-2023: [D:/admin/desktop/AD_DA_50H/AD9708_square_wave/ipcore/rom_square_wave/rtl/ipml_rom_v1_5_rom_square_wave.v(line number: 71)] Give initial value 0 for the no drive pin wr_byte_en in module instance square_wave.u_rom.U_ipml_rom_rom_square_wave.U_ipml_spram_rom_square_wave
Executing : rtl-elaborate successfully. Time elapsed: 0.005s wall, 0.000s user + 0.000s system = 0.000s CPU (n/a%)

Start rtl-prep.
Executing : rtl-prep successfully. Time elapsed: 0.001s wall, 0.000s user + 0.000s system = 0.000s CPU (n/a%)

Start rtl-infer.
Start DFF-inference.
Executing : DFF-inference successfully.
Executing : rtl-infer successfully. Time elapsed: 0.014s wall, 0.000s user + 0.016s system = 0.016s CPU (113.7%)

Start rtl-control-opt.
Executing : rtl-control-opt successfully. Time elapsed: 0.000s wall, 0.000s user + 0.000s system = 0.000s CPU (n/a%)

Start rtl-data-opt.
Executing : rtl-data-opt successfully. Time elapsed: 0.001s wall, 0.000s user + 0.000s system = 0.000s CPU (n/a%)

Start FSM inference.
Executing : FSM inference successfully. Time elapsed: 0.000s wall, 0.000s user + 0.000s system = 0.000s CPU (n/a%)

Start sdm2adm.
W: Loop was found during constant probe.
I: Constant propagation done on N28 (bmsWIDEMUX).
I: Constant propagation done on N82 (bmsREDAND).
I: Constant propagation done on N79 (bmsWIDEINV).
I: Constant propagation done on N57 (bmsREDAND).
Executing : sdm2adm successfully. Time elapsed: 0.005s wall, 0.000s user + 0.000s system = 0.000s CPU (n/a%)

Saving design to DB.
Action compile: Real time elapsed is 0h:0m:3s
Action compile: CPU time elapsed is 0h:0m:1s
Action compile: Process CPU time elapsed is 0h:0m:1s
Current time: Mon Jan  8 17:18:37 2024
Action compile: Peak memory pool usage is 144 MB
