#Build: Fabric Compiler 2022.1, Build 99559, Jul 12 00:20 2022
#Install: D:\Apps\1_LearningApps\PDS_2022.1\bin
#Application name: pds_shell.exe
#OS: Windows 10 10.0.22621
#Hostname: WIN-N8QUUCFJHSN
Generated by Fabric Compiler (version 2022.1 build 99559) at Sat Nov  9 22:37:53 2024
Compiling verification operator library.
Compiling common defs.
Compiling prim grid devices.
Compiling gate devices.
Compiling gate operators.
Building architecture model.
Loading device packaging model.
Reading design from DB.
Start Generating Programming File...
Reading design from DB takes 1.140625 sec.
Generating architecture configuration.
The bitstream file is "D:/01_Learning_projects/PDS_projects/SINGAL/HDMI/generate_bitstream/ad_da_hdmi_top.sbit"
Generate programming file takes 12.359375 sec.
Generating Programming File done.
Action gen_bit_stream: Real time elapsed is 0h:0m:24s
Action gen_bit_stream: CPU time elapsed is 0h:0m:15s
Action gen_bit_stream: Process CPU time elapsed is 0h:0m:15s
Current time: Sat Nov  9 22:38:16 2024
Action gen_bit_stream: Peak memory pool usage is 718 MB
