#Build: Fabric Inserter 2022.1, Build 99559, Jul 12 00:20 2022
#Install: D:\Apps\1_LearningApps\PDS_2022.1\bin
#Application name: cdt_ins.exe
#OS: Windows 10 10.0.22621
#Hostname: WIN-N8QUUCFJHSN
Generated by Fabric Inserter (version 2022.1 build 99559) at Mon Nov 11 13:52:51 2024
*************************************************************************
*
*  Parsing design. Please be patient as this can take several minutes.
*
*************************************************************************
Compiling architecture definition.
Loading technology operator library.
Compiling technology operator library.
Compiling technology operator (valence) library.
Compiling file 'D:/01_Learning_projects/PDS_projects/SINGAL/HDMI/synthesize/ad_da_hdmi_top_syn.adf' successful.
Creating module hierarchy.
Collecting net information.
*************************************************************************
*
*  Design Parsing Done.
*
*************************************************************************
Read project 'D:/01_Learning_projects/PDS_projects/SINGAL/HDMI/synthesize/ad_da_hdmi_top_syn.fic' Successfully.
M_PROCESS_FINISH_STARTED

