[Info] [2024-1-8 17:21:13] /***************************Start jtagserver***************************/
[Info] [2024-1-8 17:21:13] Path: D:/software/pango2022.1/PDS_2022.1/bin
[Info] [2024-1-8 17:21:13] Version: 99559
[Debug] [2024-1-8 17:21:13] Add a new user_thread, socket descriptor is 1184 user_thread id is 00000000000018B4
[Debug] [2024-1-8 17:21:13] After adding, map size is : 1
[Debug] [2024-1-8 17:21:13] IP address of connecting client is : ::ffff:127.0.0.1
[Debug] [2024-1-8 17:21:13] Remove the header data from the client, index : 0
[Debug] [2024-1-8 17:21:13] _total_bytes_size : 146
[Debug] [2024-1-8 17:21:13] Add a new user_thread, socket descriptor is 1204 user_thread id is 00000000000018B4
[Debug] [2024-1-8 17:21:13] After adding, map size is : 2
[Debug] [2024-1-8 17:21:13] IP address of connecting client is : ::ffff:127.0.0.1
[Debug] [2024-1-8 17:21:13] Remove the header data from the client, index : 0
[Debug] [2024-1-8 17:21:13] _total_bytes_size : 96
[Debug] [2024-1-8 17:21:13] cmd id :40011cmd name : get_cable_paras
[Debug] [2024-1-8 17:21:14] cmd operation get_cable_paras releases locker
[Debug] [2024-1-8 17:21:14] Remove the header data from the client, index : 0
[Debug] [2024-1-8 17:21:14] _total_bytes_size : 101
[Debug] [2024-1-8 17:21:14] cmd id :20001cmd name : Open config cable
[Debug] [2024-1-8 17:21:14] the idcode from the scanning is: 0x10521899
[Debug] [2024-1-8 17:21:14] the idcode from the scanning is: 0x0
[Debug] [2024-1-8 17:21:14] the idcode from the scanning is: 0x0
[Debug] [2024-1-8 17:21:14] the idcode from the scanning is: 0x0
[Debug] [2024-1-8 17:21:14] the idcode from the scanning is: 0x0
[Debug] [2024-1-8 17:21:14] cmd operation Open config cable releases locker
[Info] [2024-1-8 17:22:17] /***************************Start jtagserver***************************/
[Info] [2024-1-8 17:22:17] Path: D:/software/pango2022.1/PDS_2022.1/bin
[Info] [2024-1-8 17:22:17] Version: 99559
[Debug] [2024-1-8 17:22:18] Add a new user_thread, socket descriptor is 1200 user_thread id is 0000000000001F9C
[Debug] [2024-1-8 17:22:18] After adding, map size is : 1
[Debug] [2024-1-8 17:22:18] Add a new user_thread, socket descriptor is 1208 user_thread id is 0000000000001F9C
[Debug] [2024-1-8 17:22:18] After adding, map size is : 2
[Debug] [2024-1-8 17:22:18] IP address of connecting client is : ::ffff:127.0.0.1
[Debug] [2024-1-8 17:22:18] IP address of connecting client is : ::ffff:127.0.0.1
[Debug] [2024-1-8 17:22:18] Remove the header data from the client, index : 0
[Debug] [2024-1-8 17:22:18] _total_bytes_size : 146
[Debug] [2024-1-8 17:22:18] Remove the header data from the client, index : 0
[Debug] [2024-1-8 17:22:18] _total_bytes_size : 96
[Debug] [2024-1-8 17:22:18] cmd id :40011cmd name : get_cable_paras
[Debug] [2024-1-8 17:22:18] cmd operation get_cable_paras releases locker
[Debug] [2024-1-8 17:22:18] Remove the header data from the client, index : 0
[Debug] [2024-1-8 17:22:18] _total_bytes_size : 101
[Debug] [2024-1-8 17:22:18] cmd id :20001cmd name : Open config cable
[Debug] [2024-1-8 17:22:18] the idcode from the scanning is: 0x10521899
[Debug] [2024-1-8 17:22:18] the idcode from the scanning is: 0x0
[Debug] [2024-1-8 17:22:18] the idcode from the scanning is: 0x0
[Debug] [2024-1-8 17:22:18] the idcode from the scanning is: 0x0
[Debug] [2024-1-8 17:22:18] the idcode from the scanning is: 0x0
[Debug] [2024-1-8 17:22:19] cmd operation Open config cable releases locker
[Debug] [2024-1-8 17:22:22] Remove the header data from the client, index : 0
[Debug] [2024-1-8 17:22:22] _total_bytes_size : 266
[Debug] [2024-1-8 17:22:22] cmd id :4e22cmd name : Program
[Debug] [2024-1-8 17:22:22] the idcode from the scanning is: 0x10521899
[Debug] [2024-1-8 17:22:22] the idcode from the scanning is: 0x0
[Debug] [2024-1-8 17:22:22] the idcode from the scanning is: 0x0
[Debug] [2024-1-8 17:22:22] the idcode from the scanning is: 0x0
[Debug] [2024-1-8 17:22:22] the idcode from the scanning is: 0x0
[Debug] [2024-1-8 17:22:22] begin to read back config registerregAddr is 4
[Debug] [2024-1-8 17:22:22] progress bar is 6
[Debug] [2024-1-8 17:22:22] progress bar is 10
[Debug] [2024-1-8 17:22:22] progress bar is 15
[Debug] [2024-1-8 17:22:22] progress bar is 20
[Debug] [2024-1-8 17:22:22] progress bar is 25
[Debug] [2024-1-8 17:22:22] progress bar is 30
[Debug] [2024-1-8 17:22:23] progress bar is 35
[Debug] [2024-1-8 17:22:23] progress bar is 40
[Debug] [2024-1-8 17:22:23] progress bar is 45
[Debug] [2024-1-8 17:22:23] progress bar is 50
[Debug] [2024-1-8 17:22:23] progress bar is 55
[Debug] [2024-1-8 17:22:23] progress bar is 60
[Debug] [2024-1-8 17:22:23] progress bar is 65
[Debug] [2024-1-8 17:22:23] progress bar is 70
[Debug] [2024-1-8 17:22:23] progress bar is 75
[Debug] [2024-1-8 17:22:23] progress bar is 80
[Debug] [2024-1-8 17:22:23] progress bar is 85
[Debug] [2024-1-8 17:22:24] progress bar is 90
[Debug] [2024-1-8 17:22:24] progress bar is 95
[Debug] [2024-1-8 17:22:24] progress bar is 100
[Debug] [2024-1-8 17:22:24] the value in the status register is :2096288
[Debug] [2024-1-8 17:22:24] cmd operation Program releases locker
