#Build: Fabric Compiler 2022.1, Build 99559, Jul 12 00:20 2022
#Install: D:\Apps\1_LearningApps\PDS_2022.1\bin
#Application name: pds_shell.exe
#OS: Windows 10 10.0.22621
#Hostname: WIN-N8QUUCFJHSN
Generated by Fabric Compiler (version 2022.1 build 99559) at Sat Nov  9 23:34:02 2024
Compiling verification operator library.
Compiling common defs.
Loading technology operator library.
Compiling technology operator library.
Compiling technology operator (valence) library.
Compiling operator packing rules.
Compiling prim grid devices.
Compiling gate devices.
Compiling gate operators.
Compiling tech operator impls.
Building architecture model.
Loading device packaging model.
Reading design from translate DB.
License checkout: fabric_inserter
W: Public-4008: Instance 'u_picosoc/cpu/mem_instr' of 'GTP_DFF' unit is dangling and will be cleaned.
Generating cores. Please be patient as this can take several minutes...
  >Generating core DebugCore0...
  >Running ADS for debugcore...
  >Making net connections...
Core Insertion Complete.
C: SDC-2025: Clock source 'n:_N4926' need a clock constraint, please use 'create_clock' or 'create_generate_clock' to generate.
C: SDC-2025: Clock source 'n:_N4924' need a clock constraint, please use 'create_clock' or 'create_generate_clock' to generate.
C: SDC-2025: Clock source 'n:clk_200M' need a clock constraint, please use 'create_clock' or 'create_generate_clock' to generate.
Executing : get_ports clk_50M
Executing : get_ports clk_50M successfully.
Executing : get_pins u_pll/u_pll_e3:CLKOUT1
Executing : get_pins u_pll/u_pll_e3:CLKOUT1 successfully.
Executing : create_generated_clock -name clk_50M|u_pll/u_pll_e3/CLKOUT1_Inferred -source [get_ports clk_50M] [get_pins u_pll/u_pll_e3:CLKOUT1] -master_clock clk_50M -edges {1 2 3} -edge_shift {0.000000 -7.500000 -15.000000} -add
Executing : create_generated_clock -name clk_50M|u_pll/u_pll_e3/CLKOUT1_Inferred -source [get_ports clk_50M] [get_pins u_pll/u_pll_e3:CLKOUT1] -master_clock clk_50M -edges {1 2 3} -edge_shift {0.000000 -7.500000 -15.000000} -add successfully.
Flattening design 'ad_da_hdmi_top'
W: Public-4008: Instance 'u_CORES/u_debug_core_0/u_hub_data_decode/conf_rden[1]' of 'GTP_DFF_C' unit is dangling and will be cleaned.
W: Public-4008: Instance 'u_CORES/u_debug_core_0/u_hub_data_decode/conf_rden[2]' of 'GTP_DFF_C' unit is dangling and will be cleaned.
W: Public-4008: Instance 'u_CORES/u_debug_core_0/u_hub_data_decode/conf_rden[3]' of 'GTP_DFF_C' unit is dangling and will be cleaned.
W: Public-4008: Instance 'u_CORES/u_debug_core_0/u_hub_data_decode/conf_rden[4]' of 'GTP_DFF_C' unit is dangling and will be cleaned.
W: Public-4008: Instance 'u_CORES/u_debug_core_0/u_hub_data_decode/conf_rden[5]' of 'GTP_DFF_C' unit is dangling and will be cleaned.
W: Public-4008: Instance 'u_CORES/u_debug_core_0/u_hub_data_decode/conf_rden[6]' of 'GTP_DFF_C' unit is dangling and will be cleaned.
W: Public-4008: Instance 'u_CORES/u_debug_core_0/u_hub_data_decode/conf_rden[7]' of 'GTP_DFF_C' unit is dangling and will be cleaned.
W: Public-4008: Instance 'u_CORES/u_debug_core_0/u_hub_data_decode/conf_rden[8]' of 'GTP_DFF_C' unit is dangling and will be cleaned.
W: Public-4008: Instance 'u_CORES/u_debug_core_0/u_hub_data_decode/conf_rden[9]' of 'GTP_DFF_C' unit is dangling and will be cleaned.
W: Public-4008: Instance 'u_CORES/u_debug_core_0/u_hub_data_decode/conf_rden[10]' of 'GTP_DFF_C' unit is dangling and will be cleaned.
W: Public-4008: Instance 'u_CORES/u_debug_core_0/u_hub_data_decode/conf_rden[11]' of 'GTP_DFF_C' unit is dangling and will be cleaned.
W: Public-4008: Instance 'u_CORES/u_debug_core_0/u_hub_data_decode/conf_rden[12]' of 'GTP_DFF_C' unit is dangling and will be cleaned.
W: Public-4008: Instance 'u_CORES/u_debug_core_0/u_hub_data_decode/conf_rden[13]' of 'GTP_DFF_C' unit is dangling and will be cleaned.
W: Public-4008: Instance 'u_CORES/u_debug_core_0/u_hub_data_decode/conf_rden[14]' of 'GTP_DFF_C' unit is dangling and will be cleaned.
W: Public-4008: Instance 'u_CORES/u_debug_core_0/u_hub_data_decode/conf_rden[15]' of 'GTP_DFF_C' unit is dangling and will be cleaned.
W: Public-4008: Instance 'u_CORES/u_debug_core_0/u_hub_data_decode/conf_rden[17]' of 'GTP_DFF_C' unit is dangling and will be cleaned.
W: Public-4008: Instance 'u_CORES/u_debug_core_0/u_hub_data_decode/conf_rden[19]' of 'GTP_DFF_C' unit is dangling and will be cleaned.
W: Public-4008: Instance 'u_CORES/u_debug_core_0/u_hub_data_decode/conf_sel_int[1]' of 'GTP_DFF_C' unit is dangling and will be cleaned.
W: Public-4008: Instance 'u_CORES/u_debug_core_0/u_hub_data_decode/conf_sel_int[2]' of 'GTP_DFF_C' unit is dangling and will be cleaned.
W: Public-4008: Instance 'u_CORES/u_debug_core_0/u_hub_data_decode/conf_sel_int[3]' of 'GTP_DFF_C' unit is dangling and will be cleaned.
W: Public-4008: Instance 'u_CORES/u_debug_core_0/u_hub_data_decode/conf_sel_int[4]' of 'GTP_DFF_C' unit is dangling and will be cleaned.
W: Public-4008: Instance 'u_CORES/u_debug_core_0/u_hub_data_decode/conf_sel_int[5]' of 'GTP_DFF_C' unit is dangling and will be cleaned.
W: Public-4008: Instance 'u_CORES/u_debug_core_0/u_hub_data_decode/conf_sel_int[6]' of 'GTP_DFF_C' unit is dangling and will be cleaned.
W: Public-4008: Instance 'u_CORES/u_debug_core_0/u_hub_data_decode/conf_sel_int[7]' of 'GTP_DFF_C' unit is dangling and will be cleaned.
W: Public-4008: Instance 'u_CORES/u_debug_core_0/u_hub_data_decode/conf_sel_int[8]' of 'GTP_DFF_C' unit is dangling and will be cleaned.
W: Public-4008: Instance 'u_CORES/u_debug_core_0/u_hub_data_decode/conf_sel_int[9]' of 'GTP_DFF_C' unit is dangling and will be cleaned.
W: Public-4008: Instance 'u_CORES/u_debug_core_0/u_hub_data_decode/conf_sel_int[10]' of 'GTP_DFF_C' unit is dangling and will be cleaned.
W: Public-4008: Instance 'u_CORES/u_debug_core_0/u_hub_data_decode/conf_sel_int[11]' of 'GTP_DFF_C' unit is dangling and will be cleaned.
W: Public-4008: Instance 'u_CORES/u_debug_core_0/u_hub_data_decode/conf_sel_int[12]' of 'GTP_DFF_C' unit is dangling and will be cleaned.
W: Public-4008: Instance 'u_CORES/u_debug_core_0/u_hub_data_decode/conf_sel_int[13]' of 'GTP_DFF_C' unit is dangling and will be cleaned.
W: Public-4008: Instance 'u_CORES/u_debug_core_0/u_hub_data_decode/conf_sel_int[14]' of 'GTP_DFF_C' unit is dangling and will be cleaned.
W: Public-4008: Instance 'u_CORES/u_debug_core_0/u_hub_data_decode/conf_sel_int[15]' of 'GTP_DFF_C' unit is dangling and will be cleaned.
W: Public-4008: Instance 'u_CORES/u_debug_core_0/u_hub_data_decode/conf_sel_int[17]' of 'GTP_DFF_C' unit is dangling and will be cleaned.
W: Public-4008: Instance 'u_CORES/u_debug_core_0/u_hub_data_decode/conf_sel_int[19]' of 'GTP_DFF_C' unit is dangling and will be cleaned.
Device mapping started.
Optimizing circuit logic.
I: Const net (pin CEPRE of inst wav_display_1/u_fft_256/u_fft_wrapper/use_radix2_burst.u_radix2_burst_core/r2_dit_bf/u_r2_dit_mult_by_twiddle/u_comp_mult/t16.u_comp_mult_t16/u_4mult_0/genblk5[1].mult_i) has been disconnected.
I: Const net (pin RSTPRE of inst wav_display_1/u_fft_256/u_fft_wrapper/use_radix2_burst.u_radix2_burst_core/r2_dit_bf/u_r2_dit_mult_by_twiddle/u_comp_mult/t16.u_comp_mult_t16/u_4mult_0/genblk5[1].mult_i) has been disconnected.
I: Const net (pin CEMODEX of inst wav_display_1/u_fft_256/u_fft_wrapper/use_radix2_burst.u_radix2_burst_core/r2_dit_bf/u_r2_dit_mult_by_twiddle/u_comp_mult/t16.u_comp_mult_t16/u_4mult_0/genblk5[1].mult_i) has been disconnected.
I: Const net (pin RSTMODEX of inst wav_display_1/u_fft_256/u_fft_wrapper/use_radix2_burst.u_radix2_burst_core/r2_dit_bf/u_r2_dit_mult_by_twiddle/u_comp_mult/t16.u_comp_mult_t16/u_4mult_0/genblk5[1].mult_i) has been disconnected.
I: Const net (pin CEMODEY of inst wav_display_1/u_fft_256/u_fft_wrapper/use_radix2_burst.u_radix2_burst_core/r2_dit_bf/u_r2_dit_mult_by_twiddle/u_comp_mult/t16.u_comp_mult_t16/u_4mult_0/genblk5[1].mult_i) has been disconnected.
I: Const net (pin RSTMODEY of inst wav_display_1/u_fft_256/u_fft_wrapper/use_radix2_burst.u_radix2_burst_core/r2_dit_bf/u_r2_dit_mult_by_twiddle/u_comp_mult/t16.u_comp_mult_t16/u_4mult_0/genblk5[1].mult_i) has been disconnected.
I: Const net (pin CEMODEZ of inst wav_display_1/u_fft_256/u_fft_wrapper/use_radix2_burst.u_radix2_burst_core/r2_dit_bf/u_r2_dit_mult_by_twiddle/u_comp_mult/t16.u_comp_mult_t16/u_4mult_0/genblk5[1].mult_i) has been disconnected.
I: Const net (pin RSTMODEZ of inst wav_display_1/u_fft_256/u_fft_wrapper/use_radix2_burst.u_radix2_burst_core/r2_dit_bf/u_r2_dit_mult_by_twiddle/u_comp_mult/t16.u_comp_mult_t16/u_4mult_0/genblk5[1].mult_i) has been disconnected.
I: Const net (pin CEX of inst wav_display_1/u_fft_256/u_fft_wrapper/use_radix2_burst.u_radix2_burst_core/r2_dit_bf/u_r2_dit_mult_by_twiddle/u_comp_mult/t16.u_comp_mult_t16/u_4mult_0/genblk5[1].mult_i) has been disconnected.
I: Const net (pin RSTX of inst wav_display_1/u_fft_256/u_fft_wrapper/use_radix2_burst.u_radix2_burst_core/r2_dit_bf/u_r2_dit_mult_by_twiddle/u_comp_mult/t16.u_comp_mult_t16/u_4mult_0/genblk5[1].mult_i) has been disconnected.
I: Const net (pin CEY of inst wav_display_1/u_fft_256/u_fft_wrapper/use_radix2_burst.u_radix2_burst_core/r2_dit_bf/u_r2_dit_mult_by_twiddle/u_comp_mult/t16.u_comp_mult_t16/u_4mult_0/genblk5[1].mult_i) has been disconnected.
I: Const net (pin RSTY of inst wav_display_1/u_fft_256/u_fft_wrapper/use_radix2_burst.u_radix2_burst_core/r2_dit_bf/u_r2_dit_mult_by_twiddle/u_comp_mult/t16.u_comp_mult_t16/u_4mult_0/genblk5[1].mult_i) has been disconnected.
I: Const net (pin CEZ of inst wav_display_1/u_fft_256/u_fft_wrapper/use_radix2_burst.u_radix2_burst_core/r2_dit_bf/u_r2_dit_mult_by_twiddle/u_comp_mult/t16.u_comp_mult_t16/u_4mult_0/genblk5[1].mult_i) has been disconnected.
I: Const net (pin RSTZ of inst wav_display_1/u_fft_256/u_fft_wrapper/use_radix2_burst.u_radix2_burst_core/r2_dit_bf/u_r2_dit_mult_by_twiddle/u_comp_mult/t16.u_comp_mult_t16/u_4mult_0/genblk5[1].mult_i) has been disconnected.
I: Const net (pin CEM of inst wav_display_1/u_fft_256/u_fft_wrapper/use_radix2_burst.u_radix2_burst_core/r2_dit_bf/u_r2_dit_mult_by_twiddle/u_comp_mult/t16.u_comp_mult_t16/u_4mult_0/genblk5[1].mult_i) has been disconnected.
I: Const net (pin RSTM of inst wav_display_1/u_fft_256/u_fft_wrapper/use_radix2_burst.u_radix2_burst_core/r2_dit_bf/u_r2_dit_mult_by_twiddle/u_comp_mult/t16.u_comp_mult_t16/u_4mult_0/genblk5[1].mult_i) has been disconnected.
I: Const net (pin CEP of inst wav_display_1/u_fft_256/u_fft_wrapper/use_radix2_burst.u_radix2_burst_core/r2_dit_bf/u_r2_dit_mult_by_twiddle/u_comp_mult/t16.u_comp_mult_t16/u_4mult_0/genblk5[1].mult_i) has been disconnected.
I: Const net (pin RSTP of inst wav_display_1/u_fft_256/u_fft_wrapper/use_radix2_burst.u_radix2_burst_core/r2_dit_bf/u_r2_dit_mult_by_twiddle/u_comp_mult/t16.u_comp_mult_t16/u_4mult_0/genblk5[1].mult_i) has been disconnected.
I: Const net (pin CEPRE of inst wav_display_1/u_fft_256/u_fft_wrapper/use_radix2_burst.u_radix2_burst_core/r2_dit_bf/u_r2_dit_mult_by_twiddle/u_comp_mult/t16.u_comp_mult_t16/u_4mult_0/mult_0) has been disconnected.
I: Const net (pin RSTPRE of inst wav_display_1/u_fft_256/u_fft_wrapper/use_radix2_burst.u_radix2_burst_core/r2_dit_bf/u_r2_dit_mult_by_twiddle/u_comp_mult/t16.u_comp_mult_t16/u_4mult_0/mult_0) has been disconnected.
I: Const net (pin CEMODEX of inst wav_display_1/u_fft_256/u_fft_wrapper/use_radix2_burst.u_radix2_burst_core/r2_dit_bf/u_r2_dit_mult_by_twiddle/u_comp_mult/t16.u_comp_mult_t16/u_4mult_0/mult_0) has been disconnected.
I: Const net (pin RSTMODEX of inst wav_display_1/u_fft_256/u_fft_wrapper/use_radix2_burst.u_radix2_burst_core/r2_dit_bf/u_r2_dit_mult_by_twiddle/u_comp_mult/t16.u_comp_mult_t16/u_4mult_0/mult_0) has been disconnected.
I: Const net (pin CEMODEY of inst wav_display_1/u_fft_256/u_fft_wrapper/use_radix2_burst.u_radix2_burst_core/r2_dit_bf/u_r2_dit_mult_by_twiddle/u_comp_mult/t16.u_comp_mult_t16/u_4mult_0/mult_0) has been disconnected.
I: Const net (pin RSTMODEY of inst wav_display_1/u_fft_256/u_fft_wrapper/use_radix2_burst.u_radix2_burst_core/r2_dit_bf/u_r2_dit_mult_by_twiddle/u_comp_mult/t16.u_comp_mult_t16/u_4mult_0/mult_0) has been disconnected.
I: Const net (pin CEMODEZ of inst wav_display_1/u_fft_256/u_fft_wrapper/use_radix2_burst.u_radix2_burst_core/r2_dit_bf/u_r2_dit_mult_by_twiddle/u_comp_mult/t16.u_comp_mult_t16/u_4mult_0/mult_0) has been disconnected.
I: Const net (pin RSTMODEZ of inst wav_display_1/u_fft_256/u_fft_wrapper/use_radix2_burst.u_radix2_burst_core/r2_dit_bf/u_r2_dit_mult_by_twiddle/u_comp_mult/t16.u_comp_mult_t16/u_4mult_0/mult_0) has been disconnected.
I: Const net (pin CEX of inst wav_display_1/u_fft_256/u_fft_wrapper/use_radix2_burst.u_radix2_burst_core/r2_dit_bf/u_r2_dit_mult_by_twiddle/u_comp_mult/t16.u_comp_mult_t16/u_4mult_0/mult_0) has been disconnected.
I: Const net (pin RSTX of inst wav_display_1/u_fft_256/u_fft_wrapper/use_radix2_burst.u_radix2_burst_core/r2_dit_bf/u_r2_dit_mult_by_twiddle/u_comp_mult/t16.u_comp_mult_t16/u_4mult_0/mult_0) has been disconnected.
I: Const net (pin CEY of inst wav_display_1/u_fft_256/u_fft_wrapper/use_radix2_burst.u_radix2_burst_core/r2_dit_bf/u_r2_dit_mult_by_twiddle/u_comp_mult/t16.u_comp_mult_t16/u_4mult_0/mult_0) has been disconnected.
I: Const net (pin RSTY of inst wav_display_1/u_fft_256/u_fft_wrapper/use_radix2_burst.u_radix2_burst_core/r2_dit_bf/u_r2_dit_mult_by_twiddle/u_comp_mult/t16.u_comp_mult_t16/u_4mult_0/mult_0) has been disconnected.
I: Const net (pin CEZ of inst wav_display_1/u_fft_256/u_fft_wrapper/use_radix2_burst.u_radix2_burst_core/r2_dit_bf/u_r2_dit_mult_by_twiddle/u_comp_mult/t16.u_comp_mult_t16/u_4mult_0/mult_0) has been disconnected.
I: Const net (pin RSTZ of inst wav_display_1/u_fft_256/u_fft_wrapper/use_radix2_burst.u_radix2_burst_core/r2_dit_bf/u_r2_dit_mult_by_twiddle/u_comp_mult/t16.u_comp_mult_t16/u_4mult_0/mult_0) has been disconnected.
I: Const net (pin CEM of inst wav_display_1/u_fft_256/u_fft_wrapper/use_radix2_burst.u_radix2_burst_core/r2_dit_bf/u_r2_dit_mult_by_twiddle/u_comp_mult/t16.u_comp_mult_t16/u_4mult_0/mult_0) has been disconnected.
I: Const net (pin RSTM of inst wav_display_1/u_fft_256/u_fft_wrapper/use_radix2_burst.u_radix2_burst_core/r2_dit_bf/u_r2_dit_mult_by_twiddle/u_comp_mult/t16.u_comp_mult_t16/u_4mult_0/mult_0) has been disconnected.
I: Const net (pin CEP of inst wav_display_1/u_fft_256/u_fft_wrapper/use_radix2_burst.u_radix2_burst_core/r2_dit_bf/u_r2_dit_mult_by_twiddle/u_comp_mult/t16.u_comp_mult_t16/u_4mult_0/mult_0) has been disconnected.
I: Const net (pin RSTP of inst wav_display_1/u_fft_256/u_fft_wrapper/use_radix2_burst.u_radix2_burst_core/r2_dit_bf/u_r2_dit_mult_by_twiddle/u_comp_mult/t16.u_comp_mult_t16/u_4mult_0/mult_0) has been disconnected.
I: Const net (pin CEPRE of inst wav_display_1/u_fft_256/u_fft_wrapper/use_radix2_burst.u_radix2_burst_core/r2_dit_bf/u_r2_dit_mult_by_twiddle/u_comp_mult/t16.u_comp_mult_t16/u_4mult_1/genblk5[1].mult_i) has been disconnected.
I: Const net (pin RSTPRE of inst wav_display_1/u_fft_256/u_fft_wrapper/use_radix2_burst.u_radix2_burst_core/r2_dit_bf/u_r2_dit_mult_by_twiddle/u_comp_mult/t16.u_comp_mult_t16/u_4mult_1/genblk5[1].mult_i) has been disconnected.
I: Const net (pin CEMODEX of inst wav_display_1/u_fft_256/u_fft_wrapper/use_radix2_burst.u_radix2_burst_core/r2_dit_bf/u_r2_dit_mult_by_twiddle/u_comp_mult/t16.u_comp_mult_t16/u_4mult_1/genblk5[1].mult_i) has been disconnected.
I: Const net (pin RSTMODEX of inst wav_display_1/u_fft_256/u_fft_wrapper/use_radix2_burst.u_radix2_burst_core/r2_dit_bf/u_r2_dit_mult_by_twiddle/u_comp_mult/t16.u_comp_mult_t16/u_4mult_1/genblk5[1].mult_i) has been disconnected.
I: Const net (pin CEMODEY of inst wav_display_1/u_fft_256/u_fft_wrapper/use_radix2_burst.u_radix2_burst_core/r2_dit_bf/u_r2_dit_mult_by_twiddle/u_comp_mult/t16.u_comp_mult_t16/u_4mult_1/genblk5[1].mult_i) has been disconnected.
I: Const net (pin RSTMODEY of inst wav_display_1/u_fft_256/u_fft_wrapper/use_radix2_burst.u_radix2_burst_core/r2_dit_bf/u_r2_dit_mult_by_twiddle/u_comp_mult/t16.u_comp_mult_t16/u_4mult_1/genblk5[1].mult_i) has been disconnected.
I: Const net (pin CEMODEZ of inst wav_display_1/u_fft_256/u_fft_wrapper/use_radix2_burst.u_radix2_burst_core/r2_dit_bf/u_r2_dit_mult_by_twiddle/u_comp_mult/t16.u_comp_mult_t16/u_4mult_1/genblk5[1].mult_i) has been disconnected.
I: Const net (pin RSTMODEZ of inst wav_display_1/u_fft_256/u_fft_wrapper/use_radix2_burst.u_radix2_burst_core/r2_dit_bf/u_r2_dit_mult_by_twiddle/u_comp_mult/t16.u_comp_mult_t16/u_4mult_1/genblk5[1].mult_i) has been disconnected.
I: Const net (pin CEX of inst wav_display_1/u_fft_256/u_fft_wrapper/use_radix2_burst.u_radix2_burst_core/r2_dit_bf/u_r2_dit_mult_by_twiddle/u_comp_mult/t16.u_comp_mult_t16/u_4mult_1/genblk5[1].mult_i) has been disconnected.
I: Const net (pin RSTX of inst wav_display_1/u_fft_256/u_fft_wrapper/use_radix2_burst.u_radix2_burst_core/r2_dit_bf/u_r2_dit_mult_by_twiddle/u_comp_mult/t16.u_comp_mult_t16/u_4mult_1/genblk5[1].mult_i) has been disconnected.
I: Const net (pin CEY of inst wav_display_1/u_fft_256/u_fft_wrapper/use_radix2_burst.u_radix2_burst_core/r2_dit_bf/u_r2_dit_mult_by_twiddle/u_comp_mult/t16.u_comp_mult_t16/u_4mult_1/genblk5[1].mult_i) has been disconnected.
I: Const net (pin RSTY of inst wav_display_1/u_fft_256/u_fft_wrapper/use_radix2_burst.u_radix2_burst_core/r2_dit_bf/u_r2_dit_mult_by_twiddle/u_comp_mult/t16.u_comp_mult_t16/u_4mult_1/genblk5[1].mult_i) has been disconnected.
I: Const net (pin CEZ of inst wav_display_1/u_fft_256/u_fft_wrapper/use_radix2_burst.u_radix2_burst_core/r2_dit_bf/u_r2_dit_mult_by_twiddle/u_comp_mult/t16.u_comp_mult_t16/u_4mult_1/genblk5[1].mult_i) has been disconnected.
I: Const net (pin RSTZ of inst wav_display_1/u_fft_256/u_fft_wrapper/use_radix2_burst.u_radix2_burst_core/r2_dit_bf/u_r2_dit_mult_by_twiddle/u_comp_mult/t16.u_comp_mult_t16/u_4mult_1/genblk5[1].mult_i) has been disconnected.
I: Const net (pin CEM of inst wav_display_1/u_fft_256/u_fft_wrapper/use_radix2_burst.u_radix2_burst_core/r2_dit_bf/u_r2_dit_mult_by_twiddle/u_comp_mult/t16.u_comp_mult_t16/u_4mult_1/genblk5[1].mult_i) has been disconnected.
I: Const net (pin RSTM of inst wav_display_1/u_fft_256/u_fft_wrapper/use_radix2_burst.u_radix2_burst_core/r2_dit_bf/u_r2_dit_mult_by_twiddle/u_comp_mult/t16.u_comp_mult_t16/u_4mult_1/genblk5[1].mult_i) has been disconnected.
I: Const net (pin CEP of inst wav_display_1/u_fft_256/u_fft_wrapper/use_radix2_burst.u_radix2_burst_core/r2_dit_bf/u_r2_dit_mult_by_twiddle/u_comp_mult/t16.u_comp_mult_t16/u_4mult_1/genblk5[1].mult_i) has been disconnected.
I: Const net (pin RSTP of inst wav_display_1/u_fft_256/u_fft_wrapper/use_radix2_burst.u_radix2_burst_core/r2_dit_bf/u_r2_dit_mult_by_twiddle/u_comp_mult/t16.u_comp_mult_t16/u_4mult_1/genblk5[1].mult_i) has been disconnected.
I: Const net (pin CEPRE of inst wav_display_1/u_fft_256/u_fft_wrapper/use_radix2_burst.u_radix2_burst_core/r2_dit_bf/u_r2_dit_mult_by_twiddle/u_comp_mult/t16.u_comp_mult_t16/u_4mult_1/mult_0) has been disconnected.
I: Const net (pin RSTPRE of inst wav_display_1/u_fft_256/u_fft_wrapper/use_radix2_burst.u_radix2_burst_core/r2_dit_bf/u_r2_dit_mult_by_twiddle/u_comp_mult/t16.u_comp_mult_t16/u_4mult_1/mult_0) has been disconnected.
I: Const net (pin CEMODEX of inst wav_display_1/u_fft_256/u_fft_wrapper/use_radix2_burst.u_radix2_burst_core/r2_dit_bf/u_r2_dit_mult_by_twiddle/u_comp_mult/t16.u_comp_mult_t16/u_4mult_1/mult_0) has been disconnected.
I: Const net (pin RSTMODEX of inst wav_display_1/u_fft_256/u_fft_wrapper/use_radix2_burst.u_radix2_burst_core/r2_dit_bf/u_r2_dit_mult_by_twiddle/u_comp_mult/t16.u_comp_mult_t16/u_4mult_1/mult_0) has been disconnected.
I: Const net (pin CEMODEY of inst wav_display_1/u_fft_256/u_fft_wrapper/use_radix2_burst.u_radix2_burst_core/r2_dit_bf/u_r2_dit_mult_by_twiddle/u_comp_mult/t16.u_comp_mult_t16/u_4mult_1/mult_0) has been disconnected.
I: Const net (pin RSTMODEY of inst wav_display_1/u_fft_256/u_fft_wrapper/use_radix2_burst.u_radix2_burst_core/r2_dit_bf/u_r2_dit_mult_by_twiddle/u_comp_mult/t16.u_comp_mult_t16/u_4mult_1/mult_0) has been disconnected.
I: Const net (pin CEMODEZ of inst wav_display_1/u_fft_256/u_fft_wrapper/use_radix2_burst.u_radix2_burst_core/r2_dit_bf/u_r2_dit_mult_by_twiddle/u_comp_mult/t16.u_comp_mult_t16/u_4mult_1/mult_0) has been disconnected.
I: Const net (pin RSTMODEZ of inst wav_display_1/u_fft_256/u_fft_wrapper/use_radix2_burst.u_radix2_burst_core/r2_dit_bf/u_r2_dit_mult_by_twiddle/u_comp_mult/t16.u_comp_mult_t16/u_4mult_1/mult_0) has been disconnected.
I: Const net (pin CEX of inst wav_display_1/u_fft_256/u_fft_wrapper/use_radix2_burst.u_radix2_burst_core/r2_dit_bf/u_r2_dit_mult_by_twiddle/u_comp_mult/t16.u_comp_mult_t16/u_4mult_1/mult_0) has been disconnected.
I: Const net (pin RSTX of inst wav_display_1/u_fft_256/u_fft_wrapper/use_radix2_burst.u_radix2_burst_core/r2_dit_bf/u_r2_dit_mult_by_twiddle/u_comp_mult/t16.u_comp_mult_t16/u_4mult_1/mult_0) has been disconnected.
I: Const net (pin CEY of inst wav_display_1/u_fft_256/u_fft_wrapper/use_radix2_burst.u_radix2_burst_core/r2_dit_bf/u_r2_dit_mult_by_twiddle/u_comp_mult/t16.u_comp_mult_t16/u_4mult_1/mult_0) has been disconnected.
I: Const net (pin RSTY of inst wav_display_1/u_fft_256/u_fft_wrapper/use_radix2_burst.u_radix2_burst_core/r2_dit_bf/u_r2_dit_mult_by_twiddle/u_comp_mult/t16.u_comp_mult_t16/u_4mult_1/mult_0) has been disconnected.
I: Const net (pin CEZ of inst wav_display_1/u_fft_256/u_fft_wrapper/use_radix2_burst.u_radix2_burst_core/r2_dit_bf/u_r2_dit_mult_by_twiddle/u_comp_mult/t16.u_comp_mult_t16/u_4mult_1/mult_0) has been disconnected.
I: Const net (pin RSTZ of inst wav_display_1/u_fft_256/u_fft_wrapper/use_radix2_burst.u_radix2_burst_core/r2_dit_bf/u_r2_dit_mult_by_twiddle/u_comp_mult/t16.u_comp_mult_t16/u_4mult_1/mult_0) has been disconnected.
I: Const net (pin CEM of inst wav_display_1/u_fft_256/u_fft_wrapper/use_radix2_burst.u_radix2_burst_core/r2_dit_bf/u_r2_dit_mult_by_twiddle/u_comp_mult/t16.u_comp_mult_t16/u_4mult_1/mult_0) has been disconnected.
I: Const net (pin RSTM of inst wav_display_1/u_fft_256/u_fft_wrapper/use_radix2_burst.u_radix2_burst_core/r2_dit_bf/u_r2_dit_mult_by_twiddle/u_comp_mult/t16.u_comp_mult_t16/u_4mult_1/mult_0) has been disconnected.
I: Const net (pin CEP of inst wav_display_1/u_fft_256/u_fft_wrapper/use_radix2_burst.u_radix2_burst_core/r2_dit_bf/u_r2_dit_mult_by_twiddle/u_comp_mult/t16.u_comp_mult_t16/u_4mult_1/mult_0) has been disconnected.
I: Const net (pin RSTP of inst wav_display_1/u_fft_256/u_fft_wrapper/use_radix2_burst.u_radix2_burst_core/r2_dit_bf/u_r2_dit_mult_by_twiddle/u_comp_mult/t16.u_comp_mult_t16/u_4mult_1/mult_0) has been disconnected.
I: Const net (pin CEPRE of inst wav_display_1/u_fft_256/u_fft_wrapper/use_radix2_burst.u_radix2_burst_core/r2_dit_bf/u_r2_dit_mult_by_twiddle/u_comp_mult/t16.u_comp_mult_t16/u_4mult_2/genblk5[1].mult_i) has been disconnected.
I: Const net (pin RSTPRE of inst wav_display_1/u_fft_256/u_fft_wrapper/use_radix2_burst.u_radix2_burst_core/r2_dit_bf/u_r2_dit_mult_by_twiddle/u_comp_mult/t16.u_comp_mult_t16/u_4mult_2/genblk5[1].mult_i) has been disconnected.
I: Const net (pin CEMODEX of inst wav_display_1/u_fft_256/u_fft_wrapper/use_radix2_burst.u_radix2_burst_core/r2_dit_bf/u_r2_dit_mult_by_twiddle/u_comp_mult/t16.u_comp_mult_t16/u_4mult_2/genblk5[1].mult_i) has been disconnected.
I: Const net (pin RSTMODEX of inst wav_display_1/u_fft_256/u_fft_wrapper/use_radix2_burst.u_radix2_burst_core/r2_dit_bf/u_r2_dit_mult_by_twiddle/u_comp_mult/t16.u_comp_mult_t16/u_4mult_2/genblk5[1].mult_i) has been disconnected.
I: Const net (pin CEMODEY of inst wav_display_1/u_fft_256/u_fft_wrapper/use_radix2_burst.u_radix2_burst_core/r2_dit_bf/u_r2_dit_mult_by_twiddle/u_comp_mult/t16.u_comp_mult_t16/u_4mult_2/genblk5[1].mult_i) has been disconnected.
I: Const net (pin RSTMODEY of inst wav_display_1/u_fft_256/u_fft_wrapper/use_radix2_burst.u_radix2_burst_core/r2_dit_bf/u_r2_dit_mult_by_twiddle/u_comp_mult/t16.u_comp_mult_t16/u_4mult_2/genblk5[1].mult_i) has been disconnected.
I: Const net (pin CEMODEZ of inst wav_display_1/u_fft_256/u_fft_wrapper/use_radix2_burst.u_radix2_burst_core/r2_dit_bf/u_r2_dit_mult_by_twiddle/u_comp_mult/t16.u_comp_mult_t16/u_4mult_2/genblk5[1].mult_i) has been disconnected.
I: Const net (pin RSTMODEZ of inst wav_display_1/u_fft_256/u_fft_wrapper/use_radix2_burst.u_radix2_burst_core/r2_dit_bf/u_r2_dit_mult_by_twiddle/u_comp_mult/t16.u_comp_mult_t16/u_4mult_2/genblk5[1].mult_i) has been disconnected.
I: Const net (pin CEX of inst wav_display_1/u_fft_256/u_fft_wrapper/use_radix2_burst.u_radix2_burst_core/r2_dit_bf/u_r2_dit_mult_by_twiddle/u_comp_mult/t16.u_comp_mult_t16/u_4mult_2/genblk5[1].mult_i) has been disconnected.
I: Const net (pin RSTX of inst wav_display_1/u_fft_256/u_fft_wrapper/use_radix2_burst.u_radix2_burst_core/r2_dit_bf/u_r2_dit_mult_by_twiddle/u_comp_mult/t16.u_comp_mult_t16/u_4mult_2/genblk5[1].mult_i) has been disconnected.
I: Const net (pin CEY of inst wav_display_1/u_fft_256/u_fft_wrapper/use_radix2_burst.u_radix2_burst_core/r2_dit_bf/u_r2_dit_mult_by_twiddle/u_comp_mult/t16.u_comp_mult_t16/u_4mult_2/genblk5[1].mult_i) has been disconnected.
I: Const net (pin RSTY of inst wav_display_1/u_fft_256/u_fft_wrapper/use_radix2_burst.u_radix2_burst_core/r2_dit_bf/u_r2_dit_mult_by_twiddle/u_comp_mult/t16.u_comp_mult_t16/u_4mult_2/genblk5[1].mult_i) has been disconnected.
I: Const net (pin CEZ of inst wav_display_1/u_fft_256/u_fft_wrapper/use_radix2_burst.u_radix2_burst_core/r2_dit_bf/u_r2_dit_mult_by_twiddle/u_comp_mult/t16.u_comp_mult_t16/u_4mult_2/genblk5[1].mult_i) has been disconnected.
I: Const net (pin RSTZ of inst wav_display_1/u_fft_256/u_fft_wrapper/use_radix2_burst.u_radix2_burst_core/r2_dit_bf/u_r2_dit_mult_by_twiddle/u_comp_mult/t16.u_comp_mult_t16/u_4mult_2/genblk5[1].mult_i) has been disconnected.
I: Const net (pin CEM of inst wav_display_1/u_fft_256/u_fft_wrapper/use_radix2_burst.u_radix2_burst_core/r2_dit_bf/u_r2_dit_mult_by_twiddle/u_comp_mult/t16.u_comp_mult_t16/u_4mult_2/genblk5[1].mult_i) has been disconnected.
I: Const net (pin RSTM of inst wav_display_1/u_fft_256/u_fft_wrapper/use_radix2_burst.u_radix2_burst_core/r2_dit_bf/u_r2_dit_mult_by_twiddle/u_comp_mult/t16.u_comp_mult_t16/u_4mult_2/genblk5[1].mult_i) has been disconnected.
I: Const net (pin CEP of inst wav_display_1/u_fft_256/u_fft_wrapper/use_radix2_burst.u_radix2_burst_core/r2_dit_bf/u_r2_dit_mult_by_twiddle/u_comp_mult/t16.u_comp_mult_t16/u_4mult_2/genblk5[1].mult_i) has been disconnected.
I: Const net (pin RSTP of inst wav_display_1/u_fft_256/u_fft_wrapper/use_radix2_burst.u_radix2_burst_core/r2_dit_bf/u_r2_dit_mult_by_twiddle/u_comp_mult/t16.u_comp_mult_t16/u_4mult_2/genblk5[1].mult_i) has been disconnected.
I: Const net (pin CEPRE of inst wav_display_1/u_fft_256/u_fft_wrapper/use_radix2_burst.u_radix2_burst_core/r2_dit_bf/u_r2_dit_mult_by_twiddle/u_comp_mult/t16.u_comp_mult_t16/u_4mult_2/mult_0) has been disconnected.
I: Const net (pin RSTPRE of inst wav_display_1/u_fft_256/u_fft_wrapper/use_radix2_burst.u_radix2_burst_core/r2_dit_bf/u_r2_dit_mult_by_twiddle/u_comp_mult/t16.u_comp_mult_t16/u_4mult_2/mult_0) has been disconnected.
I: Const net (pin CEMODEX of inst wav_display_1/u_fft_256/u_fft_wrapper/use_radix2_burst.u_radix2_burst_core/r2_dit_bf/u_r2_dit_mult_by_twiddle/u_comp_mult/t16.u_comp_mult_t16/u_4mult_2/mult_0) has been disconnected.
I: Const net (pin RSTMODEX of inst wav_display_1/u_fft_256/u_fft_wrapper/use_radix2_burst.u_radix2_burst_core/r2_dit_bf/u_r2_dit_mult_by_twiddle/u_comp_mult/t16.u_comp_mult_t16/u_4mult_2/mult_0) has been disconnected.
I: Const net (pin CEMODEY of inst wav_display_1/u_fft_256/u_fft_wrapper/use_radix2_burst.u_radix2_burst_core/r2_dit_bf/u_r2_dit_mult_by_twiddle/u_comp_mult/t16.u_comp_mult_t16/u_4mult_2/mult_0) has been disconnected.
I: Const net (pin RSTMODEY of inst wav_display_1/u_fft_256/u_fft_wrapper/use_radix2_burst.u_radix2_burst_core/r2_dit_bf/u_r2_dit_mult_by_twiddle/u_comp_mult/t16.u_comp_mult_t16/u_4mult_2/mult_0) has been disconnected.
I: Const net (pin CEMODEZ of inst wav_display_1/u_fft_256/u_fft_wrapper/use_radix2_burst.u_radix2_burst_core/r2_dit_bf/u_r2_dit_mult_by_twiddle/u_comp_mult/t16.u_comp_mult_t16/u_4mult_2/mult_0) has been disconnected.
I: Const net (pin RSTMODEZ of inst wav_display_1/u_fft_256/u_fft_wrapper/use_radix2_burst.u_radix2_burst_core/r2_dit_bf/u_r2_dit_mult_by_twiddle/u_comp_mult/t16.u_comp_mult_t16/u_4mult_2/mult_0) has been disconnected.
I: Const net (pin CEX of inst wav_display_1/u_fft_256/u_fft_wrapper/use_radix2_burst.u_radix2_burst_core/r2_dit_bf/u_r2_dit_mult_by_twiddle/u_comp_mult/t16.u_comp_mult_t16/u_4mult_2/mult_0) has been disconnected.
I: Const net (pin RSTX of inst wav_display_1/u_fft_256/u_fft_wrapper/use_radix2_burst.u_radix2_burst_core/r2_dit_bf/u_r2_dit_mult_by_twiddle/u_comp_mult/t16.u_comp_mult_t16/u_4mult_2/mult_0) has been disconnected.
I: Const net (pin CEY of inst wav_display_1/u_fft_256/u_fft_wrapper/use_radix2_burst.u_radix2_burst_core/r2_dit_bf/u_r2_dit_mult_by_twiddle/u_comp_mult/t16.u_comp_mult_t16/u_4mult_2/mult_0) has been disconnected.
I: Const net (pin RSTY of inst wav_display_1/u_fft_256/u_fft_wrapper/use_radix2_burst.u_radix2_burst_core/r2_dit_bf/u_r2_dit_mult_by_twiddle/u_comp_mult/t16.u_comp_mult_t16/u_4mult_2/mult_0) has been disconnected.
I: Const net (pin CEZ of inst wav_display_1/u_fft_256/u_fft_wrapper/use_radix2_burst.u_radix2_burst_core/r2_dit_bf/u_r2_dit_mult_by_twiddle/u_comp_mult/t16.u_comp_mult_t16/u_4mult_2/mult_0) has been disconnected.
I: Const net (pin RSTZ of inst wav_display_1/u_fft_256/u_fft_wrapper/use_radix2_burst.u_radix2_burst_core/r2_dit_bf/u_r2_dit_mult_by_twiddle/u_comp_mult/t16.u_comp_mult_t16/u_4mult_2/mult_0) has been disconnected.
I: Const net (pin CEM of inst wav_display_1/u_fft_256/u_fft_wrapper/use_radix2_burst.u_radix2_burst_core/r2_dit_bf/u_r2_dit_mult_by_twiddle/u_comp_mult/t16.u_comp_mult_t16/u_4mult_2/mult_0) has been disconnected.
I: Const net (pin RSTM of inst wav_display_1/u_fft_256/u_fft_wrapper/use_radix2_burst.u_radix2_burst_core/r2_dit_bf/u_r2_dit_mult_by_twiddle/u_comp_mult/t16.u_comp_mult_t16/u_4mult_2/mult_0) has been disconnected.
I: Const net (pin CEP of inst wav_display_1/u_fft_256/u_fft_wrapper/use_radix2_burst.u_radix2_burst_core/r2_dit_bf/u_r2_dit_mult_by_twiddle/u_comp_mult/t16.u_comp_mult_t16/u_4mult_2/mult_0) has been disconnected.
I: Const net (pin RSTP of inst wav_display_1/u_fft_256/u_fft_wrapper/use_radix2_burst.u_radix2_burst_core/r2_dit_bf/u_r2_dit_mult_by_twiddle/u_comp_mult/t16.u_comp_mult_t16/u_4mult_2/mult_0) has been disconnected.
I: Const net (pin CEPRE of inst wav_display_1/u_fft_256/u_fft_wrapper/use_radix2_burst.u_radix2_burst_core/r2_dit_bf/u_r2_dit_mult_by_twiddle/u_comp_mult/t16.u_comp_mult_t16/u_4mult_3/genblk5[1].mult_i) has been disconnected.
I: Const net (pin RSTPRE of inst wav_display_1/u_fft_256/u_fft_wrapper/use_radix2_burst.u_radix2_burst_core/r2_dit_bf/u_r2_dit_mult_by_twiddle/u_comp_mult/t16.u_comp_mult_t16/u_4mult_3/genblk5[1].mult_i) has been disconnected.
I: Const net (pin CEMODEX of inst wav_display_1/u_fft_256/u_fft_wrapper/use_radix2_burst.u_radix2_burst_core/r2_dit_bf/u_r2_dit_mult_by_twiddle/u_comp_mult/t16.u_comp_mult_t16/u_4mult_3/genblk5[1].mult_i) has been disconnected.
I: Const net (pin RSTMODEX of inst wav_display_1/u_fft_256/u_fft_wrapper/use_radix2_burst.u_radix2_burst_core/r2_dit_bf/u_r2_dit_mult_by_twiddle/u_comp_mult/t16.u_comp_mult_t16/u_4mult_3/genblk5[1].mult_i) has been disconnected.
I: Const net (pin CEMODEY of inst wav_display_1/u_fft_256/u_fft_wrapper/use_radix2_burst.u_radix2_burst_core/r2_dit_bf/u_r2_dit_mult_by_twiddle/u_comp_mult/t16.u_comp_mult_t16/u_4mult_3/genblk5[1].mult_i) has been disconnected.
I: Const net (pin RSTMODEY of inst wav_display_1/u_fft_256/u_fft_wrapper/use_radix2_burst.u_radix2_burst_core/r2_dit_bf/u_r2_dit_mult_by_twiddle/u_comp_mult/t16.u_comp_mult_t16/u_4mult_3/genblk5[1].mult_i) has been disconnected.
I: Const net (pin CEMODEZ of inst wav_display_1/u_fft_256/u_fft_wrapper/use_radix2_burst.u_radix2_burst_core/r2_dit_bf/u_r2_dit_mult_by_twiddle/u_comp_mult/t16.u_comp_mult_t16/u_4mult_3/genblk5[1].mult_i) has been disconnected.
I: Const net (pin RSTMODEZ of inst wav_display_1/u_fft_256/u_fft_wrapper/use_radix2_burst.u_radix2_burst_core/r2_dit_bf/u_r2_dit_mult_by_twiddle/u_comp_mult/t16.u_comp_mult_t16/u_4mult_3/genblk5[1].mult_i) has been disconnected.
I: Const net (pin CEX of inst wav_display_1/u_fft_256/u_fft_wrapper/use_radix2_burst.u_radix2_burst_core/r2_dit_bf/u_r2_dit_mult_by_twiddle/u_comp_mult/t16.u_comp_mult_t16/u_4mult_3/genblk5[1].mult_i) has been disconnected.
I: Const net (pin RSTX of inst wav_display_1/u_fft_256/u_fft_wrapper/use_radix2_burst.u_radix2_burst_core/r2_dit_bf/u_r2_dit_mult_by_twiddle/u_comp_mult/t16.u_comp_mult_t16/u_4mult_3/genblk5[1].mult_i) has been disconnected.
I: Const net (pin CEY of inst wav_display_1/u_fft_256/u_fft_wrapper/use_radix2_burst.u_radix2_burst_core/r2_dit_bf/u_r2_dit_mult_by_twiddle/u_comp_mult/t16.u_comp_mult_t16/u_4mult_3/genblk5[1].mult_i) has been disconnected.
I: Const net (pin RSTY of inst wav_display_1/u_fft_256/u_fft_wrapper/use_radix2_burst.u_radix2_burst_core/r2_dit_bf/u_r2_dit_mult_by_twiddle/u_comp_mult/t16.u_comp_mult_t16/u_4mult_3/genblk5[1].mult_i) has been disconnected.
I: Const net (pin CEZ of inst wav_display_1/u_fft_256/u_fft_wrapper/use_radix2_burst.u_radix2_burst_core/r2_dit_bf/u_r2_dit_mult_by_twiddle/u_comp_mult/t16.u_comp_mult_t16/u_4mult_3/genblk5[1].mult_i) has been disconnected.
I: Const net (pin RSTZ of inst wav_display_1/u_fft_256/u_fft_wrapper/use_radix2_burst.u_radix2_burst_core/r2_dit_bf/u_r2_dit_mult_by_twiddle/u_comp_mult/t16.u_comp_mult_t16/u_4mult_3/genblk5[1].mult_i) has been disconnected.
I: Const net (pin CEM of inst wav_display_1/u_fft_256/u_fft_wrapper/use_radix2_burst.u_radix2_burst_core/r2_dit_bf/u_r2_dit_mult_by_twiddle/u_comp_mult/t16.u_comp_mult_t16/u_4mult_3/genblk5[1].mult_i) has been disconnected.
I: Const net (pin RSTM of inst wav_display_1/u_fft_256/u_fft_wrapper/use_radix2_burst.u_radix2_burst_core/r2_dit_bf/u_r2_dit_mult_by_twiddle/u_comp_mult/t16.u_comp_mult_t16/u_4mult_3/genblk5[1].mult_i) has been disconnected.
I: Const net (pin CEP of inst wav_display_1/u_fft_256/u_fft_wrapper/use_radix2_burst.u_radix2_burst_core/r2_dit_bf/u_r2_dit_mult_by_twiddle/u_comp_mult/t16.u_comp_mult_t16/u_4mult_3/genblk5[1].mult_i) has been disconnected.
I: Const net (pin RSTP of inst wav_display_1/u_fft_256/u_fft_wrapper/use_radix2_burst.u_radix2_burst_core/r2_dit_bf/u_r2_dit_mult_by_twiddle/u_comp_mult/t16.u_comp_mult_t16/u_4mult_3/genblk5[1].mult_i) has been disconnected.
I: Const net (pin CEPRE of inst wav_display_1/u_fft_256/u_fft_wrapper/use_radix2_burst.u_radix2_burst_core/r2_dit_bf/u_r2_dit_mult_by_twiddle/u_comp_mult/t16.u_comp_mult_t16/u_4mult_3/mult_0) has been disconnected.
I: Const net (pin RSTPRE of inst wav_display_1/u_fft_256/u_fft_wrapper/use_radix2_burst.u_radix2_burst_core/r2_dit_bf/u_r2_dit_mult_by_twiddle/u_comp_mult/t16.u_comp_mult_t16/u_4mult_3/mult_0) has been disconnected.
I: Const net (pin CEMODEX of inst wav_display_1/u_fft_256/u_fft_wrapper/use_radix2_burst.u_radix2_burst_core/r2_dit_bf/u_r2_dit_mult_by_twiddle/u_comp_mult/t16.u_comp_mult_t16/u_4mult_3/mult_0) has been disconnected.
I: Const net (pin RSTMODEX of inst wav_display_1/u_fft_256/u_fft_wrapper/use_radix2_burst.u_radix2_burst_core/r2_dit_bf/u_r2_dit_mult_by_twiddle/u_comp_mult/t16.u_comp_mult_t16/u_4mult_3/mult_0) has been disconnected.
I: Const net (pin CEMODEY of inst wav_display_1/u_fft_256/u_fft_wrapper/use_radix2_burst.u_radix2_burst_core/r2_dit_bf/u_r2_dit_mult_by_twiddle/u_comp_mult/t16.u_comp_mult_t16/u_4mult_3/mult_0) has been disconnected.
I: Const net (pin RSTMODEY of inst wav_display_1/u_fft_256/u_fft_wrapper/use_radix2_burst.u_radix2_burst_core/r2_dit_bf/u_r2_dit_mult_by_twiddle/u_comp_mult/t16.u_comp_mult_t16/u_4mult_3/mult_0) has been disconnected.
I: Const net (pin CEMODEZ of inst wav_display_1/u_fft_256/u_fft_wrapper/use_radix2_burst.u_radix2_burst_core/r2_dit_bf/u_r2_dit_mult_by_twiddle/u_comp_mult/t16.u_comp_mult_t16/u_4mult_3/mult_0) has been disconnected.
I: Const net (pin RSTMODEZ of inst wav_display_1/u_fft_256/u_fft_wrapper/use_radix2_burst.u_radix2_burst_core/r2_dit_bf/u_r2_dit_mult_by_twiddle/u_comp_mult/t16.u_comp_mult_t16/u_4mult_3/mult_0) has been disconnected.
I: Const net (pin CEX of inst wav_display_1/u_fft_256/u_fft_wrapper/use_radix2_burst.u_radix2_burst_core/r2_dit_bf/u_r2_dit_mult_by_twiddle/u_comp_mult/t16.u_comp_mult_t16/u_4mult_3/mult_0) has been disconnected.
I: Const net (pin RSTX of inst wav_display_1/u_fft_256/u_fft_wrapper/use_radix2_burst.u_radix2_burst_core/r2_dit_bf/u_r2_dit_mult_by_twiddle/u_comp_mult/t16.u_comp_mult_t16/u_4mult_3/mult_0) has been disconnected.
I: Const net (pin CEY of inst wav_display_1/u_fft_256/u_fft_wrapper/use_radix2_burst.u_radix2_burst_core/r2_dit_bf/u_r2_dit_mult_by_twiddle/u_comp_mult/t16.u_comp_mult_t16/u_4mult_3/mult_0) has been disconnected.
I: Const net (pin RSTY of inst wav_display_1/u_fft_256/u_fft_wrapper/use_radix2_burst.u_radix2_burst_core/r2_dit_bf/u_r2_dit_mult_by_twiddle/u_comp_mult/t16.u_comp_mult_t16/u_4mult_3/mult_0) has been disconnected.
I: Const net (pin CEZ of inst wav_display_1/u_fft_256/u_fft_wrapper/use_radix2_burst.u_radix2_burst_core/r2_dit_bf/u_r2_dit_mult_by_twiddle/u_comp_mult/t16.u_comp_mult_t16/u_4mult_3/mult_0) has been disconnected.
I: Const net (pin RSTZ of inst wav_display_1/u_fft_256/u_fft_wrapper/use_radix2_burst.u_radix2_burst_core/r2_dit_bf/u_r2_dit_mult_by_twiddle/u_comp_mult/t16.u_comp_mult_t16/u_4mult_3/mult_0) has been disconnected.
I: Const net (pin CEM of inst wav_display_1/u_fft_256/u_fft_wrapper/use_radix2_burst.u_radix2_burst_core/r2_dit_bf/u_r2_dit_mult_by_twiddle/u_comp_mult/t16.u_comp_mult_t16/u_4mult_3/mult_0) has been disconnected.
I: Const net (pin RSTM of inst wav_display_1/u_fft_256/u_fft_wrapper/use_radix2_burst.u_radix2_burst_core/r2_dit_bf/u_r2_dit_mult_by_twiddle/u_comp_mult/t16.u_comp_mult_t16/u_4mult_3/mult_0) has been disconnected.
I: Const net (pin CEP of inst wav_display_1/u_fft_256/u_fft_wrapper/use_radix2_burst.u_radix2_burst_core/r2_dit_bf/u_r2_dit_mult_by_twiddle/u_comp_mult/t16.u_comp_mult_t16/u_4mult_3/mult_0) has been disconnected.
I: Const net (pin RSTP of inst wav_display_1/u_fft_256/u_fft_wrapper/use_radix2_burst.u_radix2_burst_core/r2_dit_bf/u_r2_dit_mult_by_twiddle/u_comp_mult/t16.u_comp_mult_t16/u_4mult_3/mult_0) has been disconnected.
W: Public-4008: Instance 'wav_display_1/u_fft_256/all_err_lck' of 'GTP_DFF_C' unit is dangling and will be cleaned.
W: Public-4008: Instance 'hdmi_color/ms72xx_ctl/iic_dri_rx/busy' of 'GTP_DFF' unit is dangling and will be cleaned.
W: Public-4008: Instance 'hdmi_color/ms72xx_ctl/iic_dri_rx/fre_cnt[0]' of 'GTP_DFF_R' unit is dangling and will be cleaned.
W: Public-4008: Instance 'hdmi_color/ms72xx_ctl/iic_dri_rx/fre_cnt[1]' of 'GTP_DFF_R' unit is dangling and will be cleaned.
W: Public-4008: Instance 'hdmi_color/ms72xx_ctl/iic_dri_rx/fre_cnt[2]' of 'GTP_DFF_R' unit is dangling and will be cleaned.
W: Public-4008: Instance 'hdmi_color/ms72xx_ctl/iic_dri_rx/fre_cnt[3]' of 'GTP_DFF_R' unit is dangling and will be cleaned.
W: Public-4008: Instance 'hdmi_color/ms72xx_ctl/iic_dri_rx/fre_cnt[4]' of 'GTP_DFF_R' unit is dangling and will be cleaned.
W: Public-4008: Instance 'hdmi_color/ms72xx_ctl/iic_dri_rx/pluse_1d' of 'GTP_DFF_R' unit is dangling and will be cleaned.
W: Public-4008: Instance 'hdmi_color/ms72xx_ctl/iic_dri_rx/pluse_2d' of 'GTP_DFF_R' unit is dangling and will be cleaned.
W: Public-4008: Instance 'hdmi_color/ms72xx_ctl/iic_dri_rx/pluse_3d' of 'GTP_DFF_R' unit is dangling and will be cleaned.
W: Public-4008: Instance 'hdmi_color/ms72xx_ctl/iic_dri_rx/scl_out' of 'GTP_DFF_S' unit is dangling and will be cleaned.
W: Public-4008: Instance 'hdmi_color/ms72xx_ctl/iic_dri_rx/sda_out' of 'GTP_DFF_S' unit is dangling and will be cleaned.
W: Public-4008: Instance 'hdmi_color/ms72xx_ctl/iic_dri_rx/send_data[0]' of 'GTP_DFF_E' unit is dangling and will be cleaned.
W: Public-4008: Instance 'hdmi_color/ms72xx_ctl/iic_dri_rx/send_data[1]' of 'GTP_DFF_E' unit is dangling and will be cleaned.
W: Public-4008: Instance 'hdmi_color/ms72xx_ctl/iic_dri_rx/send_data[2]' of 'GTP_DFF_E' unit is dangling and will be cleaned.
W: Public-4008: Instance 'hdmi_color/ms72xx_ctl/iic_dri_rx/send_data[3]' of 'GTP_DFF_E' unit is dangling and will be cleaned.
W: Public-4008: Instance 'hdmi_color/ms72xx_ctl/iic_dri_rx/send_data[4]' of 'GTP_DFF_E' unit is dangling and will be cleaned.
W: Public-4008: Instance 'hdmi_color/ms72xx_ctl/iic_dri_rx/send_data[6]' of 'GTP_DFF_E' unit is dangling and will be cleaned.
W: Public-4008: Instance 'hdmi_color/ms72xx_ctl/iic_dri_rx/send_data[7]' of 'GTP_DFF_E' unit is dangling and will be cleaned.
W: Public-4008: Instance 'hdmi_color/ms72xx_ctl/iic_dri_rx/start_en' of 'GTP_DFF' unit is dangling and will be cleaned.
W: Public-4008: Instance 'hdmi_color/ms72xx_ctl/iic_dri_rx/state_0' of 'GTP_DFF_S' unit is dangling and will be cleaned.
W: Public-4008: Instance 'hdmi_color/ms72xx_ctl/iic_dri_rx/state_1' of 'GTP_DFF_R' unit is dangling and will be cleaned.
W: Public-4008: Instance 'hdmi_color/ms72xx_ctl/iic_dri_rx/state_2' of 'GTP_DFF_R' unit is dangling and will be cleaned.
W: Public-4008: Instance 'hdmi_color/ms72xx_ctl/iic_dri_rx/state_3' of 'GTP_DFF_R' unit is dangling and will be cleaned.
W: Public-4008: Instance 'hdmi_color/ms72xx_ctl/iic_dri_rx/state_4' of 'GTP_DFF_R' unit is dangling and will be cleaned.
W: Public-4008: Instance 'hdmi_color/ms72xx_ctl/iic_dri_rx/state_5' of 'GTP_DFF_R' unit is dangling and will be cleaned.
W: Public-4008: Instance 'hdmi_color/ms72xx_ctl/iic_dri_rx/state_6' of 'GTP_DFF_R' unit is dangling and will be cleaned.
W: Public-4008: Instance 'hdmi_color/ms72xx_ctl/iic_dri_rx/trans_bit[0]' of 'GTP_DFF_RE' unit is dangling and will be cleaned.
W: Public-4008: Instance 'hdmi_color/ms72xx_ctl/iic_dri_rx/trans_bit[1]' of 'GTP_DFF_RE' unit is dangling and will be cleaned.
W: Public-4008: Instance 'hdmi_color/ms72xx_ctl/iic_dri_rx/trans_bit[2]' of 'GTP_DFF_RE' unit is dangling and will be cleaned.
W: Public-4008: Instance 'hdmi_color/ms72xx_ctl/iic_dri_rx/trans_byte[0]' of 'GTP_DFF_RE' unit is dangling and will be cleaned.
W: Public-4008: Instance 'hdmi_color/ms72xx_ctl/iic_dri_rx/trans_byte[1]' of 'GTP_DFF_RE' unit is dangling and will be cleaned.
W: Public-4008: Instance 'hdmi_color/ms72xx_ctl/iic_dri_rx/trans_byte[2]' of 'GTP_DFF_RE' unit is dangling and will be cleaned.
W: Public-4008: Instance 'hdmi_color/ms72xx_ctl/iic_dri_rx/trans_byte[3]' of 'GTP_DFF_RE' unit is dangling and will be cleaned.
W: Public-4008: Instance 'hdmi_color/ms72xx_ctl/iic_dri_rx/trans_byte_max[0]' of 'GTP_DFF_E' unit is dangling and will be cleaned.
W: Public-4008: Instance 'hdmi_color/ms72xx_ctl/iic_dri_rx/trans_byte_max[2]' of 'GTP_DFF_E' unit is dangling and will be cleaned.
W: Public-4008: Instance 'hdmi_color/ms72xx_ctl/iic_dri_rx/trans_en' of 'GTP_DFF' unit is dangling and will be cleaned.
W: Public-4008: Instance 'hdmi_color/ms72xx_ctl/iic_dri_rx/twr_cnt[0]' of 'GTP_DFF_E' unit is dangling and will be cleaned.
W: Public-4008: Instance 'hdmi_color/ms72xx_ctl/iic_dri_rx/twr_cnt[1]' of 'GTP_DFF_E' unit is dangling and will be cleaned.
W: Public-4008: Instance 'hdmi_color/ms72xx_ctl/iic_dri_rx/twr_cnt[2]' of 'GTP_DFF_E' unit is dangling and will be cleaned.
W: Public-4008: Instance 'hdmi_color/ms72xx_ctl/iic_dri_rx/twr_cnt[3]' of 'GTP_DFF_E' unit is dangling and will be cleaned.
W: Public-4008: Instance 'hdmi_color/ms72xx_ctl/iic_dri_rx/twr_en' of 'GTP_DFF' unit is dangling and will be cleaned.
W: Public-4008: Instance 'hdmi_color/ms72xx_ctl/iic_dri_rx/w_r_1d' of 'GTP_DFF_R' unit is dangling and will be cleaned.
W: Public-4008: Instance 'hdmi_color/ms72xx_ctl/iic_dri_rx/w_r_2d' of 'GTP_DFF_R' unit is dangling and will be cleaned.
W: Public-4008: Instance 'hdmi_color/ms72xx_ctl/ms7200_ctl/addr[0]' of 'GTP_DFF_RE' unit is dangling and will be cleaned.
W: Public-4008: Instance 'hdmi_color/ms72xx_ctl/ms7200_ctl/addr[2]' of 'GTP_DFF_RE' unit is dangling and will be cleaned.
W: Public-4008: Instance 'hdmi_color/ms72xx_ctl/ms7200_ctl/addr[6]' of 'GTP_DFF_RE' unit is dangling and will be cleaned.
W: Public-4008: Instance 'hdmi_color/ms72xx_ctl/ms7200_ctl/addr[8]' of 'GTP_DFF_RE' unit is dangling and will be cleaned.
W: Public-4008: Instance 'hdmi_color/ms72xx_ctl/ms7200_ctl/busy_1d' of 'GTP_DFF' unit is dangling and will be cleaned.
W: Public-4008: Instance 'hdmi_color/ms72xx_ctl/ms7200_ctl/cmd_index[0]' of 'GTP_DFF_R' unit is dangling and will be cleaned.
W: Public-4008: Instance 'hdmi_color/ms72xx_ctl/ms7200_ctl/cmd_index[1]' of 'GTP_DFF_R' unit is dangling and will be cleaned.
W: Public-4008: Instance 'hdmi_color/ms72xx_ctl/ms7200_ctl/cmd_index[2]' of 'GTP_DFF_R' unit is dangling and will be cleaned.
W: Public-4008: Instance 'hdmi_color/ms72xx_ctl/ms7200_ctl/cmd_index[3]' of 'GTP_DFF_R' unit is dangling and will be cleaned.
W: Public-4008: Instance 'hdmi_color/ms72xx_ctl/ms7200_ctl/cmd_index[4]' of 'GTP_DFF_R' unit is dangling and will be cleaned.
W: Public-4008: Instance 'hdmi_color/ms72xx_ctl/ms7200_ctl/cmd_index[5]' of 'GTP_DFF_R' unit is dangling and will be cleaned.
W: Public-4008: Instance 'hdmi_color/ms72xx_ctl/ms7200_ctl/cmd_index[6]' of 'GTP_DFF_R' unit is dangling and will be cleaned.
W: Public-4008: Instance 'hdmi_color/ms72xx_ctl/ms7200_ctl/cmd_index[7]' of 'GTP_DFF_R' unit is dangling and will be cleaned.
W: Public-4008: Instance 'hdmi_color/ms72xx_ctl/ms7200_ctl/cmd_index[8]' of 'GTP_DFF_R' unit is dangling and will be cleaned.
W: Public-4008: Instance 'hdmi_color/ms72xx_ctl/ms7200_ctl/data_in[3]' of 'GTP_DFF_RE' unit is dangling and will be cleaned.
W: Public-4008: Instance 'hdmi_color/ms72xx_ctl/ms7200_ctl/data_in[7]' of 'GTP_DFF_RE' unit is dangling and will be cleaned.
W: Public-4008: Instance 'hdmi_color/ms72xx_ctl/ms7200_ctl/dri_cnt[0]' of 'GTP_DFF_RE' unit is dangling and will be cleaned.
W: Public-4008: Instance 'hdmi_color/ms72xx_ctl/ms7200_ctl/dri_cnt[1]' of 'GTP_DFF_RE' unit is dangling and will be cleaned.
W: Public-4008: Instance 'hdmi_color/ms72xx_ctl/ms7200_ctl/dri_cnt[2]' of 'GTP_DFF_RE' unit is dangling and will be cleaned.
W: Public-4008: Instance 'hdmi_color/ms72xx_ctl/ms7200_ctl/dri_cnt[3]' of 'GTP_DFF_RE' unit is dangling and will be cleaned.
W: Public-4008: Instance 'hdmi_color/ms72xx_ctl/ms7200_ctl/dri_cnt[4]' of 'GTP_DFF_RE' unit is dangling and will be cleaned.
W: Public-4008: Instance 'hdmi_color/ms72xx_ctl/ms7200_ctl/dri_cnt[5]' of 'GTP_DFF_RE' unit is dangling and will be cleaned.
W: Public-4008: Instance 'hdmi_color/ms72xx_ctl/ms7200_ctl/dri_cnt[6]' of 'GTP_DFF_RE' unit is dangling and will be cleaned.
W: Public-4008: Instance 'hdmi_color/ms72xx_ctl/ms7200_ctl/dri_cnt[7]' of 'GTP_DFF_RE' unit is dangling and will be cleaned.
W: Public-4008: Instance 'hdmi_color/ms72xx_ctl/ms7200_ctl/dri_cnt[8]' of 'GTP_DFF_RE' unit is dangling and will be cleaned.
W: Public-4008: Instance 'hdmi_color/ms72xx_ctl/ms7200_ctl/iic_trig' of 'GTP_DFF_R' unit is dangling and will be cleaned.
W: Public-4008: Instance 'hdmi_color/ms72xx_ctl/ms7200_ctl/state_1' of 'GTP_DFF_R' unit is dangling and will be cleaned.
W: Public-4008: Instance 'hdmi_color/ms72xx_ctl/ms7200_ctl/w_r' of 'GTP_DFF_S' unit is dangling and will be cleaned.
W: Public-4008: Instance 'wav_display_1/u_fft_256/u_fft_frame_chk/check_data_en.axi4s_data_tvalid_d1' of 'GTP_DFF_C' unit is dangling and will be cleaned.
W: Public-4008: Instance 'wav_display_1/u_fft_256/u_fft_frame_chk/check_data_en.fft_data_err' of 'GTP_DFF_C' unit is dangling and will be cleaned.
W: Public-4008: Instance 'wav_display_1/u_fft_256/u_fft_frame_chk/check_data_en.fft_ifft' of 'GTP_DFF_C' unit is dangling and will be cleaned.
W: Public-4008: Instance 'wav_display_1/u_fft_256/u_fft_frame_chk/check_data_en.fft_ip_data[0]' of 'GTP_DFF_C' unit is dangling and will be cleaned.
W: Public-4008: Instance 'wav_display_1/u_fft_256/u_fft_frame_chk/check_data_en.fft_ip_data[1]' of 'GTP_DFF_C' unit is dangling and will be cleaned.
W: Public-4008: Instance 'wav_display_1/u_fft_256/u_fft_frame_chk/check_data_en.fft_ip_data[2]' of 'GTP_DFF_C' unit is dangling and will be cleaned.
W: Public-4008: Instance 'wav_display_1/u_fft_256/u_fft_frame_chk/check_data_en.fft_ip_data[3]' of 'GTP_DFF_C' unit is dangling and will be cleaned.
W: Public-4008: Instance 'wav_display_1/u_fft_256/u_fft_frame_chk/check_data_en.fft_ip_data[4]' of 'GTP_DFF_C' unit is dangling and will be cleaned.
W: Public-4008: Instance 'wav_display_1/u_fft_256/u_fft_frame_chk/check_data_en.fft_ip_data[5]' of 'GTP_DFF_C' unit is dangling and will be cleaned.
W: Public-4008: Instance 'wav_display_1/u_fft_256/u_fft_frame_chk/check_data_en.fft_ip_data[6]' of 'GTP_DFF_C' unit is dangling and will be cleaned.
W: Public-4008: Instance 'wav_display_1/u_fft_256/u_fft_frame_chk/check_data_en.fft_ip_data[7]' of 'GTP_DFF_C' unit is dangling and will be cleaned.
W: Public-4008: Instance 'wav_display_1/u_fft_256/u_fft_frame_chk/check_data_en.fft_ip_data[8]' of 'GTP_DFF_C' unit is dangling and will be cleaned.
W: Public-4008: Instance 'wav_display_1/u_fft_256/u_fft_frame_chk/check_data_en.fft_ip_data[9]' of 'GTP_DFF_C' unit is dangling and will be cleaned.
W: Public-4008: Instance 'wav_display_1/u_fft_256/u_fft_frame_chk/check_data_en.fft_ip_data[10]' of 'GTP_DFF_C' unit is dangling and will be cleaned.
W: Public-4008: Instance 'wav_display_1/u_fft_256/u_fft_frame_chk/check_data_en.fft_ip_data[11]' of 'GTP_DFF_C' unit is dangling and will be cleaned.
W: Public-4008: Instance 'wav_display_1/u_fft_256/u_fft_frame_chk/check_data_en.fft_ip_data[12]' of 'GTP_DFF_C' unit is dangling and will be cleaned.
W: Public-4008: Instance 'wav_display_1/u_fft_256/u_fft_frame_chk/check_data_en.fft_ip_data[13]' of 'GTP_DFF_C' unit is dangling and will be cleaned.
W: Public-4008: Instance 'wav_display_1/u_fft_256/u_fft_frame_chk/check_data_en.fft_ip_data[14]' of 'GTP_DFF_C' unit is dangling and will be cleaned.
W: Public-4008: Instance 'wav_display_1/u_fft_256/u_fft_frame_chk/check_data_en.fft_ip_data[15]' of 'GTP_DFF_C' unit is dangling and will be cleaned.
W: Public-4008: Instance 'wav_display_1/u_fft_256/u_fft_frame_chk/check_data_en.fft_ip_data[16]' of 'GTP_DFF_C' unit is dangling and will be cleaned.
W: Public-4008: Instance 'wav_display_1/u_fft_256/u_fft_frame_chk/check_data_en.fft_ip_data[17]' of 'GTP_DFF_C' unit is dangling and will be cleaned.
W: Public-4008: Instance 'wav_display_1/u_fft_256/u_fft_frame_chk/check_data_en.fft_ip_data[18]' of 'GTP_DFF_C' unit is dangling and will be cleaned.
W: Public-4008: Instance 'wav_display_1/u_fft_256/u_fft_frame_chk/check_data_en.fft_ip_data[19]' of 'GTP_DFF_C' unit is dangling and will be cleaned.
W: Public-4008: Instance 'wav_display_1/u_fft_256/u_fft_frame_chk/check_data_en.fft_ip_data[20]' of 'GTP_DFF_C' unit is dangling and will be cleaned.
W: Public-4008: Instance 'wav_display_1/u_fft_256/u_fft_frame_chk/check_data_en.fft_ip_data[21]' of 'GTP_DFF_C' unit is dangling and will be cleaned.
W: Public-4008: Instance 'wav_display_1/u_fft_256/u_fft_frame_chk/check_data_en.fft_ip_data[22]' of 'GTP_DFF_C' unit is dangling and will be cleaned.
W: Public-4008: Instance 'wav_display_1/u_fft_256/u_fft_frame_chk/check_data_en.fft_ip_data[23]' of 'GTP_DFF_C' unit is dangling and will be cleaned.
W: Public-4008: Instance 'wav_display_1/u_fft_256/u_fft_frame_chk/check_data_en.fft_ip_data[24]' of 'GTP_DFF_C' unit is dangling and will be cleaned.
W: Public-4008: Instance 'wav_display_1/u_fft_256/u_fft_frame_chk/check_data_en.fft_ip_data[25]' of 'GTP_DFF_C' unit is dangling and will be cleaned.
W: Public-4008: Instance 'wav_display_1/u_fft_256/u_fft_frame_chk/check_data_en.fft_ip_data[26]' of 'GTP_DFF_C' unit is dangling and will be cleaned.
W: Public-4008: Instance 'wav_display_1/u_fft_256/u_fft_frame_chk/check_data_en.fft_ip_data[27]' of 'GTP_DFF_C' unit is dangling and will be cleaned.
W: Public-4008: Instance 'wav_display_1/u_fft_256/u_fft_frame_chk/check_data_en.fft_ip_data[28]' of 'GTP_DFF_C' unit is dangling and will be cleaned.
W: Public-4008: Instance 'wav_display_1/u_fft_256/u_fft_frame_chk/check_data_en.fft_ip_data[29]' of 'GTP_DFF_C' unit is dangling and will be cleaned.
W: Public-4008: Instance 'wav_display_1/u_fft_256/u_fft_frame_chk/check_data_en.fft_ip_data[30]' of 'GTP_DFF_C' unit is dangling and will be cleaned.
W: Public-4008: Instance 'wav_display_1/u_fft_256/u_fft_frame_chk/check_data_en.fft_ip_data[31]' of 'GTP_DFF_C' unit is dangling and will be cleaned.
W: Public-4008: Instance 'wav_display_1/u_fft_256/u_fft_frame_chk/check_data_en.fft_ip_data[32]' of 'GTP_DFF_C' unit is dangling and will be cleaned.
W: Public-4008: Instance 'wav_display_1/u_fft_256/u_fft_frame_chk/check_data_en.fft_ip_data[33]' of 'GTP_DFF_C' unit is dangling and will be cleaned.
W: Public-4008: Instance 'wav_display_1/u_fft_256/u_fft_frame_chk/check_data_en.fft_ip_data[34]' of 'GTP_DFF_C' unit is dangling and will be cleaned.
W: Public-4008: Instance 'wav_display_1/u_fft_256/u_fft_frame_chk/check_data_en.fft_ip_data[35]' of 'GTP_DFF_C' unit is dangling and will be cleaned.
W: Public-4008: Instance 'wav_display_1/u_fft_256/u_fft_frame_chk/check_data_en.fft_ip_data[36]' of 'GTP_DFF_C' unit is dangling and will be cleaned.
W: Public-4008: Instance 'wav_display_1/u_fft_256/u_fft_frame_chk/check_data_en.fft_ip_data[37]' of 'GTP_DFF_C' unit is dangling and will be cleaned.
W: Public-4008: Instance 'wav_display_1/u_fft_256/u_fft_frame_chk/check_data_en.fft_ip_data[38]' of 'GTP_DFF_C' unit is dangling and will be cleaned.
W: Public-4008: Instance 'wav_display_1/u_fft_256/u_fft_frame_chk/check_data_en.fft_ip_data[39]' of 'GTP_DFF_C' unit is dangling and will be cleaned.
W: Public-4008: Instance 'wav_display_1/u_fft_256/u_fft_frame_chk/check_data_en.fft_ip_data[40]' of 'GTP_DFF_C' unit is dangling and will be cleaned.
W: Public-4008: Instance 'wav_display_1/u_fft_256/u_fft_frame_chk/check_data_en.fft_ip_data[41]' of 'GTP_DFF_C' unit is dangling and will be cleaned.
W: Public-4008: Instance 'wav_display_1/u_fft_256/u_fft_frame_chk/check_data_en.fft_ip_data[42]' of 'GTP_DFF_C' unit is dangling and will be cleaned.
W: Public-4008: Instance 'wav_display_1/u_fft_256/u_fft_frame_chk/check_data_en.fft_ip_data[43]' of 'GTP_DFF_C' unit is dangling and will be cleaned.
W: Public-4008: Instance 'wav_display_1/u_fft_256/u_fft_frame_chk/check_data_en.fft_ip_data[44]' of 'GTP_DFF_C' unit is dangling and will be cleaned.
W: Public-4008: Instance 'wav_display_1/u_fft_256/u_fft_frame_chk/check_data_en.fft_ip_data[45]' of 'GTP_DFF_C' unit is dangling and will be cleaned.
W: Public-4008: Instance 'wav_display_1/u_fft_256/u_fft_frame_chk/check_data_en.fft_ip_data[46]' of 'GTP_DFF_C' unit is dangling and will be cleaned.
W: Public-4008: Instance 'wav_display_1/u_fft_256/u_fft_frame_chk/check_data_en.fft_ip_data[47]' of 'GTP_DFF_C' unit is dangling and will be cleaned.
W: Public-4008: Instance 'wav_display_1/u_fft_256/u_fft_frame_chk/check_data_en.fft_ip_data[48]' of 'GTP_DFF_C' unit is dangling and will be cleaned.
W: Public-4008: Instance 'wav_display_1/u_fft_256/u_fft_frame_chk/check_data_en.fft_ip_data[49]' of 'GTP_DFF_C' unit is dangling and will be cleaned.
W: Public-4008: Instance 'wav_display_1/u_fft_256/u_fft_frame_chk/check_data_en.ifft_data_err' of 'GTP_DFF_C' unit is dangling and will be cleaned.
W: Public-4008: Instance 'wav_display_1/u_fft_256/u_fft_frame_chk/data_cnt[0]' of 'GTP_DFF_CE' unit is dangling and will be cleaned.
W: Public-4008: Instance 'wav_display_1/u_fft_256/u_fft_frame_chk/data_cnt[1]' of 'GTP_DFF_CE' unit is dangling and will be cleaned.
W: Public-4008: Instance 'wav_display_1/u_fft_256/u_fft_frame_chk/data_cnt[2]' of 'GTP_DFF_CE' unit is dangling and will be cleaned.
W: Public-4008: Instance 'wav_display_1/u_fft_256/u_fft_frame_chk/data_cnt[3]' of 'GTP_DFF_CE' unit is dangling and will be cleaned.
W: Public-4008: Instance 'wav_display_1/u_fft_256/u_fft_frame_chk/data_cnt[4]' of 'GTP_DFF_CE' unit is dangling and will be cleaned.
W: Public-4008: Instance 'wav_display_1/u_fft_256/u_fft_frame_chk/data_cnt[5]' of 'GTP_DFF_CE' unit is dangling and will be cleaned.
W: Public-4008: Instance 'wav_display_1/u_fft_256/u_fft_frame_chk/data_cnt[6]' of 'GTP_DFF_CE' unit is dangling and will be cleaned.
W: Public-4008: Instance 'wav_display_1/u_fft_256/u_fft_frame_chk/data_cnt[7]' of 'GTP_DFF_CE' unit is dangling and will be cleaned.
W: Public-4008: Instance 'wav_display_1/u_fft_256/u_fft_frame_chk/data_cnt_err' of 'GTP_DFF_C' unit is dangling and will be cleaned.
W: Public-4008: Instance 'wav_display_1/u_fft_256/u_fft_frame_chk/frm_cnt[0]' of 'GTP_DFF_CE' unit is dangling and will be cleaned.
W: Public-4008: Instance 'wav_display_1/u_fft_256/u_fft_frame_chk/frm_cnt[1]' of 'GTP_DFF_CE' unit is dangling and will be cleaned.
W: Public-4008: Instance 'wav_display_1/u_fft_256/u_fft_frame_chk/frm_cnt_err' of 'GTP_DFF_C' unit is dangling and will be cleaned.
W: Public-4008: Instance 'wav_display_1/u_fft_256/u_fft_frame_gen/o_axi4s_cfg_tvalid' of 'GTP_DFF_C' unit is dangling and will be cleaned.
W: Public-4008: Instance 'wav_display_1/u_fft_256/u_fft_wrapper/u_output_ctrl/o_dataout_last' of 'GTP_DFF' unit is dangling and will be cleaned.
W: Public-4008: Instance 'wav_display_1/u_fft_256/u_fft_wrapper/use_radix2_burst.u_burst_input_ctrl/datain_channel_halt' of 'GTP_DFF' unit is dangling and will be cleaned.
W: Public-4008: Instance 'wav_display_1/u_fft_256/u_fft_wrapper/use_radix2_burst.u_burst_input_ctrl/datain_frame_started' of 'GTP_DFF' unit is dangling and will be cleaned.
W: Public-4008: Instance 'wav_display_1/u_fft_256/u_fft_wrapper/use_radix2_burst.u_burst_input_ctrl/datain_tlast_missing' of 'GTP_DFF' unit is dangling and will be cleaned.
W: Public-4008: Instance 'wav_display_1/u_fft_256/u_fft_wrapper/use_radix2_burst.u_burst_input_ctrl/datain_tlast_unexpected' of 'GTP_DFF' unit is dangling and will be cleaned.
W: Public-4008: Instance 'wav_display_1/u_fft_256/u_fft_wrapper/use_radix2_burst.u_burst_input_ctrl/input_eof_d1' of 'GTP_DFF' unit is dangling and will be cleaned.
W: Public-4008: Instance 'wav_display_1/u_fft_256/u_fft_wrapper/use_radix2_burst.u_burst_input_ctrl/input_vld_missing_flag' of 'GTP_DFF' unit is dangling and will be cleaned.
W: Public-4008: Instance 'wav_display_1/u_fft_256/u_fft_wrapper/use_radix2_burst.u_burst_input_ctrl/input_vld_missing_flag_d1' of 'GTP_DFF' unit is dangling and will be cleaned.
W: Public-4008: Instance 'wav_display_1/u_fft_256/u_fft_wrapper/use_radix2_burst.u_radix2_burst_core/r2_dit_ctrl/u_output_sreg/latency_larger_than_2.u_distram_sreg/u_distributed_shiftregister/u_distributed_sdpram/mem_doreg[8]' of 'GTP_DFF' unit is dangling and will be cleaned.
Checking design netlist.
Processing tech operator.
I: The instance clkbufg_3(GTP_CLKBUFG) has been inserted on the net clk_200M in design, driver pin CLKOUT1(instance u_pll/u_pll_e3) -> load pin CLK(instance u_CORES/u_debug_core_0/DATA_ff[0][0]).
I: The instance clkbufg_4(GTP_CLKBUFG) has been inserted on the net u_picosoc/sys_clk in design, driver pin CLKOUT0(instance u_picosoc/u_pll_pico/u_pll_e3) -> load pin CLK(instance u_picosoc/cpu/alu_out_q[0]).
I: The instance clkbufg_5(GTP_CLKBUFG) has been inserted on the net fft_clk in design, driver pin CLKOUT2(instance u_pll_fft_256/u_pll_e3) -> load pin CLK(instance wav_display_1/u_fft_256/db_cnt[0]).
I: The instance clkbufg_6(GTP_CLKBUFG) has been inserted on the net u_CORES/drck_o in design, driver pin TCK_USER(instance u_CORES/u_GTP_SCANCHAIN_PG) -> load pin CLK(instance u_CORES/u_debug_core_0/u0_trig_unit/conf_reg[0]).
I: The instance clkbufg_7(GTP_CLKBUFG) has been inserted on the net nt_vout_clk in design, driver pin CLKOUT0(instance hdmi_color/u_pll/u_pll_e3) -> load pin CLK(instance grid_display_1/grid_x[0]).
I: The instance clkbufg_8(GTP_CLKBUFG) has been inserted on the net nt_clk_50M in design, driver pin O(instance clk_50M_ibuf) -> load pin I(instance N236).
I: The instance clkbufg_9(GTP_CLKBUFG) has been inserted on the net hdmi_color/cfg_clk in design, driver pin CLKOUT1(instance hdmi_color/u_pll/u_pll_e3) -> load pin CLK(instance hdmi_color/ms72xx_ctl/iic_dri_tx/busy).
I: The instance clkbufg_10(GTP_CLKBUFG) has been inserted on the net clk_118_8 in design, driver pin CLKOUT0(instance u_pll_adda/u_pll_e3) -> load pin I(instance N270).
I: The instance clkbufg_11(GTP_CLKBUFG) has been inserted on the net u_CORES/capt_o in design, driver pin CAPDR(instance u_CORES/u_GTP_SCANCHAIN_PG) -> load pin CLK(instance u_CORES/u_debug_core_0/u_hub_data_decode/id_sample.conf_id[0]).
I: The instance clkbufg_12(GTP_CLKBUFG) has been inserted on the net clk_125M in design, driver pin CLKOUT0(instance u_pll/u_pll_e3) -> load pin CLKA(instance a_sawtooth_wave/U_ipml_rom_rom_sawtooth_wave/U_ipml_spram_rom_sawtooth_wave/ADDR_LOOP[0].DATA_LOOP[0].U_GTP_DRM9K).
Converting tech operator to gate operator.
Processing gate operator.
I: Infer CARRY group, base inst: N189_0/gateop, insts:15.
I: Infer CARRY group, base inst: grid_display_1/N50_1_1/gateop, insts:6.
I: Infer CARRY group, base inst: hdmi_color/N14_1_1/gateop, insts:5.
I: Infer CARRY group, base inst: u_key_2_adda/N8_1_1/gateop, insts:19.
I: Infer CARRY group, base inst: u_key_3_wave/N8_1_1/gateop, insts:19.
I: Infer CARRY group, base inst: u_key_4_frq/N8_1_1/gateop, insts:19.
I: Infer CARRY group, base inst: u_key_6_ad_clk/N8_1_1/gateop, insts:19.
I: Infer CARRY group, base inst: u_key_7_hor/N8_1_1/gateop, insts:19.
I: Infer CARRY group, base inst: u_key_fft_start/N8_1_1/gateop, insts:19.
I: Infer CARRY group, base inst: u_key_rst/N8_1_1/gateop, insts:19.
I: Infer CARRY group, base inst: wav_display_1/N40_1/gateop, insts:10.
I: Infer CARRY group, base inst: wav_display_1/N46_1.fsub_1/gateop, insts:7.
I: Infer CARRY group, base inst: wav_display_1/N78_1_1/gateop, insts:9.
I: Infer CARRY group, base inst: wav_display_1/N88_1_1/gateop, insts:25.
I: Infer CARRY group, base inst: grid_display_1/timing_gen_xy_m0/N8_1_1/gateop, insts:11.
I: Infer CARRY group, base inst: grid_display_1/timing_gen_xy_m0/N18_1_0/gateop, insts:12.
I: Infer CARRY group, base inst: hdmi_color/sync_vg_1080p/N15_1_1/gateop, insts:11.
I: Infer CARRY group, base inst: hdmi_color/sync_vg_1080p/N45_1_1/gateop, insts:11.
I: Infer CARRY group, base inst: u_picosoc/cpu/N69_0/gateop, insts:31.
I: Infer CARRY group, base inst: u_picosoc/cpu/N1405_3_0/gateop, insts:33.
I: Infer CARRY group, base inst: u_picosoc/cpu/N1406.eq_0/gateop, insts:16.
I: Infer CARRY group, base inst: u_picosoc/cpu/N1407.slt_0/gateop, insts:16.
I: Infer CARRY group, base inst: u_picosoc/cpu/N1462_1_1/gateop, insts:31.
I: Infer CARRY group, base inst: u_picosoc/cpu/N1525_1_1/gateop, insts:63.
I: Infer CARRY group, base inst: u_picosoc/cpu/N1532_1.fsub_1/gateop, insts:31.
I: Infer CARRY group, base inst: u_picosoc/cpu/N1616_1_1/gateop, insts:31.
I: Infer CARRY group, base inst: u_picosoc/cpu/N1627_1_1/gateop, insts:63.
I: Infer CARRY group, base inst: u_picosoc/cpu/N1628_1_0/gateop, insts:32.
I: Infer CARRY group, base inst: u_picosoc/cpu/N1780_0/gateop, insts:32.
I: Infer CARRY group, base inst: u_picosoc/cpu/N1867_1/gateop, insts:32.
I: Infer CARRY group, base inst: u_picosoc/simpleuart/N22_1_1/gateop, insts:31.
I: Infer CARRY group, base inst: u_picosoc/simpleuart/N33.lt_0/gateop, insts:16.
I: Infer CARRY group, base inst: u_picosoc/simpleuart/N39.lt_0/gateop, insts:16.
I: Infer CARRY group, base inst: u_picosoc/simpleuart/N75_1_1/gateop, insts:31.
I: Infer CARRY group, base inst: u_picosoc/simpleuart/N95.lt_0/gateop, insts:16.
I: Infer CARRY group, base inst: wav_display_1/timing_gen_xy_m0/N8_1_1/gateop, insts:11.
I: Infer CARRY group, base inst: wav_display_1/timing_gen_xy_m0/N18_1_0/gateop, insts:12.
I: Infer CARRY group, base inst: wav_display_1/u_fft_256/N91_4_0/gateop, insts:12.
I: Infer CARRY group, base inst: hdmi_color/ms72xx_ctl/iic_dri_tx/N136.lt_0/gateop, insts:2.
I: Infer CARRY group, base inst: hdmi_color/ms72xx_ctl/ms7210_ctl/N98_1_1/gateop, insts:21.
I: Infer CARRY group, base inst: hdmi_color/ms72xx_ctl/ms7210_ctl/N156_1_0/gateop, insts:6.
I: Infer CARRY group, base inst: u_CORES/u_debug_core_0/u_Storage_Condition/N263_1_0/gateop, insts:13.
I: Infer CARRY group, base inst: u_CORES/u_debug_core_0/u_Storage_Condition/N282_1.fsub_1/gateop, insts:12.
I: Infer CARRY group, base inst: u_CORES/u_debug_core_0/u_Storage_Condition/N315_1_1/gateop, insts:12.
I: Infer CARRY group, base inst: u_CORES/u_debug_core_0/u_Storage_Condition/N324_1_1/gateop, insts:12.
I: Infer CARRY group, base inst: u_CORES/u_debug_core_0/u_rd_addr_gen/N2_1_1/gateop, insts:7.
I: Infer CARRY group, base inst: u_CORES/u_debug_core_0/u_rd_addr_gen/N38_1_1/gateop, insts:12.
I: Infer CARRY group, base inst: u_picosoc/cpu/genblk1.pcpi_mul/N45_3_0/gateop, insts:6.
I: Infer CARRY group, base inst: u_picosoc/cpu/genblk1.pcpi_mul/N55_3_0/gateop, insts:6.
I: Infer CARRY group, base inst: u_picosoc/cpu/genblk1.pcpi_mul/N65_3_0/gateop, insts:6.
I: Infer CARRY group, base inst: u_picosoc/cpu/genblk1.pcpi_mul/N75_3_0/gateop, insts:6.
I: Infer CARRY group, base inst: u_picosoc/cpu/genblk1.pcpi_mul/N85_3_0/gateop, insts:6.
I: Infer CARRY group, base inst: u_picosoc/cpu/genblk1.pcpi_mul/N95_3_0/gateop, insts:6.
I: Infer CARRY group, base inst: u_picosoc/cpu/genblk1.pcpi_mul/N105_3_0/gateop, insts:6.
I: Infer CARRY group, base inst: u_picosoc/cpu/genblk1.pcpi_mul/N115_3_0/gateop, insts:6.
I: Infer CARRY group, base inst: u_picosoc/cpu/genblk1.pcpi_mul/N125_3_0/gateop, insts:6.
I: Infer CARRY group, base inst: u_picosoc/cpu/genblk1.pcpi_mul/N135_3_0/gateop, insts:6.
I: Infer CARRY group, base inst: u_picosoc/cpu/genblk1.pcpi_mul/N145_3_0/gateop, insts:6.
I: Infer CARRY group, base inst: u_picosoc/cpu/genblk1.pcpi_mul/N155_3_0/gateop, insts:6.
I: Infer CARRY group, base inst: u_picosoc/cpu/genblk1.pcpi_mul/N165_3_0/gateop, insts:6.
I: Infer CARRY group, base inst: u_picosoc/cpu/genblk1.pcpi_mul/N175_3_0/gateop, insts:6.
I: Infer CARRY group, base inst: u_picosoc/cpu/genblk1.pcpi_mul/N185_3_0/gateop, insts:6.
I: Infer CARRY group, base inst: u_picosoc/cpu/genblk1.pcpi_mul/N195_1_0/gateop, insts:5.
I: Infer CARRY group, base inst: u_picosoc/cpu/genblk1.pcpi_mul/N226_1.fsub_1/gateop, insts:6.
I: Infer CARRY group, base inst: u_picosoc/cpu/genblk2.pcpi_div/N44_1.fsub_1/gateop, insts:31.
I: Infer CARRY group, base inst: u_picosoc/cpu/genblk2.pcpi_div/N69.lt_0/gateop, insts:25.
I: Infer CARRY group, base inst: u_picosoc/cpu/genblk2.pcpi_div/N151_10.fsub_0/gateop, insts:32.
I: Infer CARRY group, base inst: u_picosoc/cpu/genblk2.pcpi_div/N167_7.fsub_1/gateop, insts:32.
I: Infer CARRY group, base inst: wav_display_1/u_fft_256/u_fft_frame_chk/N202_4_1/gateop, insts:13.
I: Infer CARRY group, base inst: wav_display_1/u_fft_256/u_fft_frame_gen/N46_1_1/gateop, insts:7.
I: Infer CARRY group, base inst: u_CORES/u_debug_core_0/u0_trig_unit/u_cfg_reg_file/N200_1_1/gateop, insts:8.
I: Infer CARRY group, base inst: wav_display_1/u_fft_256/u_fft_wrapper/use_radix2_burst.u_radix2_burst_core/r2_dit_bf/u_r2bf_as_core/u_r2bf_subtractor/use_two_addsub.u_re_add/no_use_apm.u_lut_addsub/N12_3_1/gateop, insts:14.
I: Infer CARRY group, base inst: wav_display_1/u_fft_256/u_fft_wrapper/use_radix2_burst.u_radix2_burst_core/r2_dit_bf/u_r2_dit_mult_by_twiddle/u_fft_comp_round/u_im_round/convegent_rouning.u_rouning_adder/no_use_apm.u_lut_addsub/N12_3_2/gateop, insts:20.
I: Infer CARRY group, base inst: wav_display_1/u_fft_256/u_fft_wrapper/use_radix2_burst.u_radix2_burst_core/r2_dit_bf/u_r2_dit_mult_by_twiddle/u_fft_comp_round/u_im_round/convegent_rouning.u_rouning_adder/no_use_apm.u_lut_addsub/N31_3_1/gateop, insts:19.
I: Infer CARRY group, base inst: wav_display_1/u_fft_256/u_fft_wrapper/use_radix2_burst.u_radix2_burst_core/r2_dit_bf/u_r2bf_as_core/u_r2bf_subtractor/use_two_addsub.u_re_add/no_use_apm.u_lut_addsub/N18_3_1/gateop, insts:12.
I: Infer CARRY group, base inst: wav_display_1/u_fft_256/u_fft_wrapper/use_radix2_burst.u_radix2_burst_core/r2_dit_bf/u_r2_dit_mult_by_twiddle/u_fft_comp_round/u_re_round/convegent_rouning.u_rouning_adder/no_use_apm.u_lut_addsub/N12_3_2/gateop, insts:20.
I: Infer CARRY group, base inst: wav_display_1/u_fft_256/u_fft_wrapper/use_radix2_burst.u_radix2_burst_core/r2_dit_bf/u_r2_dit_mult_by_twiddle/u_fft_comp_round/u_re_round/convegent_rouning.u_rouning_adder/no_use_apm.u_lut_addsub/N31_3_1/gateop, insts:19.
I: Infer CARRY group, base inst: wav_display_1/u_fft_256/u_fft_wrapper/use_radix2_burst.u_burst_input_ctrl/N96_4_0/gateop, insts:8.
I: Infer CARRY group, base inst: wav_display_1/u_fft_256/u_fft_wrapper/use_radix2_burst.u_radix2_burst_core/r2_dit_bf/u_r2bf_as_core/u_r2bf_subtractor/use_two_addsub.u_re_add/no_use_apm.u_lut_addsub/N31_3_1/gateop, insts:12.
I: Infer CARRY group, base inst: wav_display_1/u_fifo_ram_fft/u_ipm_distributed_fifo_fifo_ram_fft/u_ipm_distributed_fifo_ctr/N58_3_1/gateop, insts:11.
I: Infer CARRY group, base inst: wav_display_1/u_fifo_ram_fft/u_ipm_distributed_fifo_fifo_ram_fft/u_ipm_distributed_fifo_ctr/N190_3_1/gateop, insts:11.
I: Infer CARRY group, base inst: wav_display_1/u_fifo_ram_fft/u_ipm_distributed_fifo_fifo_ram_fft/u_ipm_distributed_fifo_ctr/N266.eq_0/gateop, insts:5.
I: Infer CARRY group, base inst: wav_display_1/u_fifo_ram_fft/u_ipm_distributed_fifo_fifo_ram_fft/u_ipm_distributed_fifo_ctr/N269.lt_0/gateop, insts:6.
I: Infer CARRY group, base inst: wav_display_1/u_fifo_ram_fft/u_ipm_distributed_fifo_fifo_ram_fft/u_ipm_distributed_fifo_ctr/N274_1.fsub_1/gateop, insts:12.
I: Infer CARRY group, base inst: wav_display_1/u_fifo_ram_fft/u_ipm_distributed_fifo_fifo_ram_fft/u_ipm_distributed_fifo_ctr/N280.fsub_1/gateop, insts:12.
I: Infer CARRY group, base inst: wav_display_1/u_fifo_ram_fft/u_ipm_distributed_fifo_fifo_ram_fft/u_ipm_distributed_fifo_ctr/N286.eq_0/gateop, insts:6.
I: Infer CARRY group, base inst: wav_display_1/u_fifo_ram_fft/u_ipm_distributed_fifo_fifo_ram_fft/u_ipm_distributed_fifo_ctr/N288.lt_0/gateop, insts:6.
I: Infer CARRY group, base inst: wav_display_1/u_fifo_ram_fft/u_ipm_distributed_fifo_fifo_ram_fft/u_ipm_distributed_fifo_ctr/N293_1.fsub_1/gateop, insts:12.
I: Infer CARRY group, base inst: wav_display_1/u_fifo_ram_fft/u_ipm_distributed_fifo_fifo_ram_fft/u_ipm_distributed_fifo_ctr/N299.fsub_1/gateop, insts:12.
I: Infer CARRY group, base inst: wav_display_1/u_fft_256/u_fft_wrapper/use_radix2_burst.u_radix2_burst_core/r2_dit_ctrl/N39_1_1/gateop, insts:6.
I: Infer CARRY group, base inst: wav_display_1/u_fft_256/u_fft_wrapper/use_radix2_burst.u_radix2_burst_core/r2_dit_ctrl/N73_1_1/gateop, insts:5.
I: Infer CARRY group, base inst: wav_display_1/u_fft_256/u_fft_wrapper/use_radix2_burst.u_radix2_burst_core/r2_dit_ctrl/N99_1.fsub_0/gateop, insts:6.
I: Infer CARRY group, base inst: wav_display_1/u_fft_256/u_fft_wrapper/use_radix2_burst.u_radix2_burst_core/r2_dit_ctrl/N100.eq_0/gateop, insts:3.
I: Infer CARRY group, base inst: wav_display_1/u_fft_256/u_fft_wrapper/use_radix2_burst.u_radix2_burst_core/r2_dit_ctrl/N107_1_1/gateop, insts:5.
I: Infer CARRY group, base inst: wav_display_1/u_fft_256/u_fft_wrapper/use_radix2_burst.u_radix2_burst_core/r2_dit_ctrl/N142_0/gateop, insts:8.
I: Infer CARRY group, base inst: wav_display_1/u_fft_256/u_fft_wrapper/use_radix2_burst.u_radix2_burst_core/r2_dit_ctrl/N160_1/gateop, insts:7.
I: Infer CARRY group, base inst: wav_display_1/u_fft_256/u_fft_wrapper/use_radix2_burst.u_radix2_burst_core/r2_dit_ctrl/N164_1/gateop, insts:7.
I: Infer CARRY group, base inst: wav_display_1/u_fft_256/u_fft_wrapper/use_radix2_burst.u_radix2_burst_core/r2_dit_ctrl/N169_1/gateop, insts:7.
I: Infer CARRY group, base inst: wav_display_1/u_fft_256/u_fft_wrapper/use_radix2_burst.u_radix2_burst_core/r2_dit_ctrl/N311_1_1/gateop, insts:7.
I: Infer CARRY group, base inst: wav_display_1/u_fft_256/u_fft_wrapper/use_radix2_burst.u_radix2_burst_core/r2_dit_bf/u_r2_dit_mult_by_twiddle/u_twiddle_gen/N49_1.fsub_1/gateop, insts:14.
I: Infer CARRY group, base inst: wav_display_1/u_fft_256/u_fft_wrapper/use_radix2_burst.u_radix2_burst_core/r2_dit_bf/u_r2_dit_mult_by_twiddle/u_twiddle_gen/N52_1.fsub_1/gateop, insts:14.
I: Infer CARRY group, base inst: wav_display_1/u_fft_256/u_fft_wrapper/use_radix2_burst.u_radix2_burst_core/r2_dit_bf/u_r2_dit_mult_by_twiddle/u_twiddle_gen/N216_1.fsub_1/gateop, insts:5.
I: Infer CARRY group, base inst: wav_display_1/u_fft_256/u_fft_wrapper/use_radix2_burst.u_radix2_burst_core/r2_dit_bf/u_r2_dit_mult_by_twiddle/u_comp_mult/t16.u_comp_mult_t16/u_4mult_1/N64.fsub_1/gateop, insts:39.
I: Infer CARRY group, base inst: wav_display_1/u_fft_256/u_fft_wrapper/use_radix2_burst.u_radix2_burst_core/r2_dit_bf/u_r2_dit_mult_by_twiddle/u_comp_mult/t16.u_comp_mult_t16/u_4mult_3/N65_1/gateop, insts:39.
I: Infer CARRY group, base inst: wav_display_1/u_fft_256/u_fft_wrapper/use_radix2_burst.u_radix2_burst_core/r2_dit_bf/u_r2bf_as_core/u_r2bf_adder/use_two_addsub.u_im_add/no_use_apm.u_lut_addsub/N12_3_1/gateop, insts:14.
I: Infer CARRY group, base inst: wav_display_1/u_fft_256/u_fft_wrapper/use_radix2_burst.u_radix2_burst_core/r2_dit_bf/u_r2bf_as_core/u_r2bf_adder/use_two_addsub.u_im_add/no_use_apm.u_lut_addsub/N18_3_1/gateop, insts:12.
I: Infer CARRY group, base inst: wav_display_1/u_fft_256/u_fft_wrapper/use_radix2_burst.u_radix2_burst_core/r2_dit_bf/u_r2bf_as_core/u_r2bf_adder/use_two_addsub.u_im_add/no_use_apm.u_lut_addsub/N31_3_1/gateop, insts:12.
I: Infer CARRY group, base inst: wav_display_1/u_fft_256/u_fft_wrapper/use_radix2_burst.u_radix2_burst_core/r2_dit_bf/u_r2bf_as_core/u_r2bf_adder/use_two_addsub.u_re_add/no_use_apm.u_lut_addsub/N12_3_1/gateop, insts:14.
I: Infer CARRY group, base inst: wav_display_1/u_fft_256/u_fft_wrapper/use_radix2_burst.u_radix2_burst_core/r2_dit_bf/u_r2bf_as_core/u_r2bf_adder/use_two_addsub.u_re_add/no_use_apm.u_lut_addsub/N18_3_1/gateop, insts:12.
I: Infer CARRY group, base inst: wav_display_1/u_fft_256/u_fft_wrapper/use_radix2_burst.u_radix2_burst_core/r2_dit_bf/u_r2bf_as_core/u_r2bf_adder/use_two_addsub.u_re_add/no_use_apm.u_lut_addsub/N31_3_1/gateop, insts:12.
I: Infer CARRY group, base inst: wav_display_1/u_fft_256/u_fft_wrapper/use_radix2_burst.u_radix2_burst_core/r2_dit_bf/u_r2bf_as_core/u_r2bf_subtractor/use_two_addsub.u_im_add/no_use_apm.u_lut_addsub/N12_3_1/gateop, insts:14.
I: Infer CARRY group, base inst: wav_display_1/u_fft_256/u_fft_wrapper/use_radix2_burst.u_radix2_burst_core/r2_dit_bf/u_r2bf_as_core/u_r2bf_subtractor/use_two_addsub.u_im_add/no_use_apm.u_lut_addsub/N18_3_1/gateop, insts:12.
I: Infer CARRY group, base inst: wav_display_1/u_fft_256/u_fft_wrapper/use_radix2_burst.u_radix2_burst_core/r2_dit_bf/u_r2bf_as_core/u_r2bf_subtractor/use_two_addsub.u_im_add/no_use_apm.u_lut_addsub/N31_3_1/gateop, insts:12.
I: Infer CARRY group, base inst: wav_display_1/u_fft_256/u_fft_wrapper/use_radix2_burst.u_radix2_burst_core/r2_dit_bf/u_r2_dit_mult_by_twiddle/u_comp_mult/t16.u_comp_mult_t16/u_4mult_0/mult_0/gopapm, insts:2.
I: Infer CARRY group, base inst: wav_display_1/u_fft_256/u_fft_wrapper/use_radix2_burst.u_radix2_burst_core/r2_dit_bf/u_r2_dit_mult_by_twiddle/u_comp_mult/t16.u_comp_mult_t16/u_4mult_1/mult_0/gopapm, insts:2.
I: Infer CARRY group, base inst: wav_display_1/u_fft_256/u_fft_wrapper/use_radix2_burst.u_radix2_burst_core/r2_dit_bf/u_r2_dit_mult_by_twiddle/u_comp_mult/t16.u_comp_mult_t16/u_4mult_2/mult_0/gopapm, insts:2.
I: Infer CARRY group, base inst: wav_display_1/u_fft_256/u_fft_wrapper/use_radix2_burst.u_radix2_burst_core/r2_dit_bf/u_r2_dit_mult_by_twiddle/u_comp_mult/t16.u_comp_mult_t16/u_4mult_3/mult_0/gopapm, insts:2.
Device mapping done.
Total device mapping takes 1.64 sec.

Device Utilization Summary:
+------------------------------------------------------------------------+
| Logic Utilization     | Used     | Available     | Utilization(%)     
+------------------------------------------------------------------------+
| APM                   | 8        | 84            | 10                 
| IOCKDLY               | 0        | 40            | 0                  
| FF                    | 5701     | 64200         | 9                  
| LUT                   | 7424     | 42800         | 18                 
| Distributed RAM       | 409      | 17000         | 3                  
| DLL                   | 0        | 10            | 0                  
| DQSL                  | 0        | 18            | 0                  
| DRM                   | 93       | 134           | 70                 
| FUSECODE              | 0        | 1             | 0                  
| IO                    | 68       | 296           | 23                 
| IOCKDIV               | 0        | 20            | 0                  
| IOCKGATE              | 0        | 20            | 0                  
| IPAL                  | 0        | 1             | 0                  
| PLL                   | 5        | 5             | 100                
| RCKB                  | 0        | 24            | 0                  
| SCANCHAIN             | 1        | 2             | 50                 
| START                 | 0        | 1             | 0                  
| USCM                  | 10       | 30            | 34                 
| HSST                  | 0        | 1             | 0                  
| OSC                   | 0        | 1             | 0                  
| CRYSTAL               | 0        | 2             | 0                  
| RESCAL                | 0        | 4             | 0                  
| UDID                  | 0        | 1             | 0                  
| PCIE                  | 0        | 1             | 0                  
+------------------------------------------------------------------------+

Design 'ad_da_hdmi_top' has been successfully mapped to architecture-specific objects.
Saving design to DB.
W: Public-4010: Pcf file D:/01_Learning_projects/PDS_projects/SINGAL/HDMI/device_map/ad_da_hdmi_top.pcf has been covered.
Action dev_map: Real time elapsed is 0h:0m:26s
Action dev_map: CPU time elapsed is 0h:0m:5s
Action dev_map: Process CPU time elapsed is 0h:0m:5s
Current time: Sat Nov  9 23:34:26 2024
Action dev_map: Peak memory pool usage is 376 MB
