#Build: Fabric Compiler 2022.1, Build 99559, Jul 12 00:20 2022
#Install: D:\Apps\1_LearningApps\PDS_2022.1\bin
#Application name: pds_shell.exe
#OS: Windows 10 10.0.22621
#Hostname: WIN-N8QUUCFJHSN
Generated by Fabric Compiler (version 2022.1 build 99559) at Sat Nov  9 22:01:53 2024
License checkout: fabric_ads
Compiling verification operator library.
Compiling common defs.
Loading technology operator library.
Compiling technology operator library.
Compiling technology operator (valence) library.
Reading design from compile DB
Reading design from compile DB successfully.
Constraint check start.
Compiling prim grid devices.
Building architecture model.
Loading device packaging model.
Building architecture floorplan logic view.
E: ConstraintEditor-0046: [D:/01_Learning_projects/PDS_projects/SINGAL/HDMI/ad9280_ad9708_HDMI.fdc(line number: 355)] Object 'p:key_1' can not be found in current view.
E: ConstraintEditor-0046: [D:/01_Learning_projects/PDS_projects/SINGAL/HDMI/ad9280_ad9708_HDMI.fdc(line number: 356)] Object 'p:key_1' can not be found in current view.
E: ConstraintEditor-0046: [D:/01_Learning_projects/PDS_projects/SINGAL/HDMI/ad9280_ad9708_HDMI.fdc(line number: 357)] Object 'p:key_1' can not be found in current view.
E: ConstraintEditor-0046: [D:/01_Learning_projects/PDS_projects/SINGAL/HDMI/ad9280_ad9708_HDMI.fdc(line number: 358)] Object 'p:key_1' can not be found in current view.
E: ConstraintEditor-0046: [D:/01_Learning_projects/PDS_projects/SINGAL/HDMI/ad9280_ad9708_HDMI.fdc(line number: 359)] Object 'p:key_1' can not be found in current view.
E: ConstraintEditor-0046: [D:/01_Learning_projects/PDS_projects/SINGAL/HDMI/ad9280_ad9708_HDMI.fdc(line number: 360)] Object 'p:key_2' can not be found in current view.
E: ConstraintEditor-0046: [D:/01_Learning_projects/PDS_projects/SINGAL/HDMI/ad9280_ad9708_HDMI.fdc(line number: 361)] Object 'p:key_2' can not be found in current view.
E: ConstraintEditor-0046: [D:/01_Learning_projects/PDS_projects/SINGAL/HDMI/ad9280_ad9708_HDMI.fdc(line number: 362)] Object 'p:key_2' can not be found in current view.
E: ConstraintEditor-0046: [D:/01_Learning_projects/PDS_projects/SINGAL/HDMI/ad9280_ad9708_HDMI.fdc(line number: 363)] Object 'p:key_2' can not be found in current view.
E: ConstraintEditor-0046: [D:/01_Learning_projects/PDS_projects/SINGAL/HDMI/ad9280_ad9708_HDMI.fdc(line number: 364)] Object 'p:key_2' can not be found in current view.
E: ConstraintEditor-0046: [D:/01_Learning_projects/PDS_projects/SINGAL/HDMI/ad9280_ad9708_HDMI.fdc(line number: 365)] Object 'p:key_fft_in' can not be found in current view.
E: ConstraintEditor-0046: [D:/01_Learning_projects/PDS_projects/SINGAL/HDMI/ad9280_ad9708_HDMI.fdc(line number: 366)] Object 'p:key_fft_in' can not be found in current view.
E: ConstraintEditor-0046: [D:/01_Learning_projects/PDS_projects/SINGAL/HDMI/ad9280_ad9708_HDMI.fdc(line number: 367)] Object 'p:key_fft_in' can not be found in current view.
E: ConstraintEditor-0046: [D:/01_Learning_projects/PDS_projects/SINGAL/HDMI/ad9280_ad9708_HDMI.fdc(line number: 368)] Object 'p:key_fft_in' can not be found in current view.
E: ConstraintEditor-0046: [D:/01_Learning_projects/PDS_projects/SINGAL/HDMI/ad9280_ad9708_HDMI.fdc(line number: 369)] Object 'p:key_fft_in' can not be found in current view.
Executing : get_ports clk_50M
Executing : get_ports clk_50M successfully.
Executing : create_clock -name clk_50M [get_ports clk_50M] -period 20.000 -waveform {0.000 10.000}
Executing : create_clock -name clk_50M [get_ports clk_50M] -period 20.000 -waveform {0.000 10.000} successfully.
E: ConstraintEditor-0046: [D:/01_Learning_projects/PDS_projects/SINGAL/HDMI/ad9280_ad9708_HDMI.fdc(line number: 371)] Object 'p:key_3_adda' can not be found in current view.
E: ConstraintEditor-0046: [D:/01_Learning_projects/PDS_projects/SINGAL/HDMI/ad9280_ad9708_HDMI.fdc(line number: 372)] Object 'p:key_3_adda' can not be found in current view.
E: ConstraintEditor-0046: [D:/01_Learning_projects/PDS_projects/SINGAL/HDMI/ad9280_ad9708_HDMI.fdc(line number: 373)] Object 'p:key_3_adda' can not be found in current view.
E: ConstraintEditor-0046: [D:/01_Learning_projects/PDS_projects/SINGAL/HDMI/ad9280_ad9708_HDMI.fdc(line number: 374)] Object 'p:key_3_adda' can not be found in current view.
E: ConstraintEditor-0046: [D:/01_Learning_projects/PDS_projects/SINGAL/HDMI/ad9280_ad9708_HDMI.fdc(line number: 375)] Object 'p:key_3_adda' can not be found in current view.
E: ConstraintEditor-0046: [D:/01_Learning_projects/PDS_projects/SINGAL/HDMI/ad9280_ad9708_HDMI.fdc(line number: 376)] Object 'p:key_ad_clk' can not be found in current view.
E: ConstraintEditor-0046: [D:/01_Learning_projects/PDS_projects/SINGAL/HDMI/ad9280_ad9708_HDMI.fdc(line number: 377)] Object 'p:key_ad_clk' can not be found in current view.
E: ConstraintEditor-0046: [D:/01_Learning_projects/PDS_projects/SINGAL/HDMI/ad9280_ad9708_HDMI.fdc(line number: 378)] Object 'p:key_ad_clk' can not be found in current view.
E: ConstraintEditor-0046: [D:/01_Learning_projects/PDS_projects/SINGAL/HDMI/ad9280_ad9708_HDMI.fdc(line number: 379)] Object 'p:key_ad_clk' can not be found in current view.
E: ConstraintEditor-0046: [D:/01_Learning_projects/PDS_projects/SINGAL/HDMI/ad9280_ad9708_HDMI.fdc(line number: 380)] Object 'p:key_ad_clk' can not be found in current view.
E: ConstraintEditor-0046: [D:/01_Learning_projects/PDS_projects/SINGAL/HDMI/ad9280_ad9708_HDMI.fdc(line number: 381)] Object 'p:key_hor' can not be found in current view.
E: ConstraintEditor-0046: [D:/01_Learning_projects/PDS_projects/SINGAL/HDMI/ad9280_ad9708_HDMI.fdc(line number: 382)] Object 'p:key_hor' can not be found in current view.
E: ConstraintEditor-0046: [D:/01_Learning_projects/PDS_projects/SINGAL/HDMI/ad9280_ad9708_HDMI.fdc(line number: 383)] Object 'p:key_hor' can not be found in current view.
E: ConstraintEditor-0046: [D:/01_Learning_projects/PDS_projects/SINGAL/HDMI/ad9280_ad9708_HDMI.fdc(line number: 384)] Object 'p:key_hor' can not be found in current view.
E: ConstraintEditor-0046: [D:/01_Learning_projects/PDS_projects/SINGAL/HDMI/ad9280_ad9708_HDMI.fdc(line number: 385)] Object 'p:key_hor' can not be found in current view.
E: ConstraintEditor-0046: [D:/01_Learning_projects/PDS_projects/SINGAL/HDMI/ad9280_ad9708_HDMI.fdc(line number: 386)] Object 'p:key_fft_clk' can not be found in current view.
E: ConstraintEditor-0046: [D:/01_Learning_projects/PDS_projects/SINGAL/HDMI/ad9280_ad9708_HDMI.fdc(line number: 387)] Object 'p:key_fft_clk' can not be found in current view.
E: ConstraintEditor-0046: [D:/01_Learning_projects/PDS_projects/SINGAL/HDMI/ad9280_ad9708_HDMI.fdc(line number: 388)] Object 'p:key_fft_clk' can not be found in current view.
E: ConstraintEditor-0046: [D:/01_Learning_projects/PDS_projects/SINGAL/HDMI/ad9280_ad9708_HDMI.fdc(line number: 389)] Object 'p:key_fft_clk' can not be found in current view.
E: ConstraintEditor-0046: [D:/01_Learning_projects/PDS_projects/SINGAL/HDMI/ad9280_ad9708_HDMI.fdc(line number: 390)] Object 'p:key_fft_clk' can not be found in current view.
C: ConstraintEditor-2002: [D:/01_Learning_projects/PDS_projects/SINGAL/HDMI/ad9280_ad9708_HDMI.fdc(line number: 2)] | Port da_data_out[7] has been placed at location AB13, whose type is share pin.
C: ConstraintEditor-2002: [D:/01_Learning_projects/PDS_projects/SINGAL/HDMI/ad9280_ad9708_HDMI.fdc(line number: 9)] | Port da_data_out[6] has been placed at location Y13, whose type is share pin.
C: ConstraintEditor-2002: [D:/01_Learning_projects/PDS_projects/SINGAL/HDMI/ad9280_ad9708_HDMI.fdc(line number: 58)] | Port vout_data[23] has been placed at location H19, whose type is share pin.
C: ConstraintEditor-2002: [D:/01_Learning_projects/PDS_projects/SINGAL/HDMI/ad9280_ad9708_HDMI.fdc(line number: 65)] | Port vout_data[22] has been placed at location H22, whose type is share pin.
C: ConstraintEditor-2002: [D:/01_Learning_projects/PDS_projects/SINGAL/HDMI/ad9280_ad9708_HDMI.fdc(line number: 72)] | Port vout_data[21] has been placed at location H21, whose type is share pin.
C: ConstraintEditor-2002: [D:/01_Learning_projects/PDS_projects/SINGAL/HDMI/ad9280_ad9708_HDMI.fdc(line number: 107)] | Port vout_data[16] has been placed at location K17, whose type is share pin.
C: ConstraintEditor-2002: [D:/01_Learning_projects/PDS_projects/SINGAL/HDMI/ad9280_ad9708_HDMI.fdc(line number: 114)] | Port vout_data[15] has been placed at location L17, whose type is share pin.
C: ConstraintEditor-2002: [D:/01_Learning_projects/PDS_projects/SINGAL/HDMI/ad9280_ad9708_HDMI.fdc(line number: 121)] | Port vout_data[14] has been placed at location K20, whose type is share pin.
C: ConstraintEditor-2002: [D:/01_Learning_projects/PDS_projects/SINGAL/HDMI/ad9280_ad9708_HDMI.fdc(line number: 128)] | Port vout_data[13] has been placed at location L19, whose type is share pin.
C: ConstraintEditor-2002: [D:/01_Learning_projects/PDS_projects/SINGAL/HDMI/ad9280_ad9708_HDMI.fdc(line number: 163)] | Port vout_data[8] has been placed at location M21, whose type is share pin.
C: ConstraintEditor-2002: [D:/01_Learning_projects/PDS_projects/SINGAL/HDMI/ad9280_ad9708_HDMI.fdc(line number: 184)] | Port vout_data[5] has been placed at location R22, whose type is share pin.
C: ConstraintEditor-2002: [D:/01_Learning_projects/PDS_projects/SINGAL/HDMI/ad9280_ad9708_HDMI.fdc(line number: 191)] | Port vout_data[4] has been placed at location R20, whose type is share pin.
C: ConstraintEditor-2002: [D:/01_Learning_projects/PDS_projects/SINGAL/HDMI/ad9280_ad9708_HDMI.fdc(line number: 205)] | Port vout_data[2] has been placed at location T21, whose type is share pin.
C: ConstraintEditor-2002: [D:/01_Learning_projects/PDS_projects/SINGAL/HDMI/ad9280_ad9708_HDMI.fdc(line number: 308)] | Port vout_clk has been placed at location M22, whose type is share pin.
C: ConstraintEditor-2002: [D:/01_Learning_projects/PDS_projects/SINGAL/HDMI/ad9280_ad9708_HDMI.fdc(line number: 341)] | Port rst_n has been placed at location K18, whose type is share pin.
C: ConstraintEditor-2002: [D:/01_Learning_projects/PDS_projects/SINGAL/HDMI/ad9280_ad9708_HDMI.fdc(line number: 475)] | Port key_6_ad_clk has been placed at location J19, whose type is share pin.
C: ConstraintEditor-2002: [D:/01_Learning_projects/PDS_projects/SINGAL/HDMI/ad9280_ad9708_HDMI.fdc(line number: 480)] | Port key_7_hor has been placed at location H20, whose type is share pin.
Constraint check end.
Action synthesize: Real time elapsed is 0h:0m:4s
Action synthesize: CPU time elapsed is 0h:0m:1s
Action synthesize: Process CPU time elapsed is 0h:0m:1s
Current time: Sat Nov  9 22:01:55 2024
Action synthesize: Peak memory pool usage is 246 MB
