#Build: Fabric Compiler 2022.1, Build 99559, Jul 12 00:20 2022
#Install: D:\software\pango2022.1\PDS_2022.1\bin
#Application name: pds_shell.exe
#OS: Windows 10 10.0.22621
#Hostname: DESKTOP-NTRMANG
Generated by Fabric Compiler (version 2022.1 build 99559) at Mon Jan  8 17:22:02 2024
Compiling verification operator library.
Compiling common defs.
Compiling prim grid devices.
Compiling gate devices.
Compiling gate operators.
Building architecture model.
Loading device packaging model.
Reading design from pnr DB.
Start Report Post-PnR timing.
Constructing timing graph ...
Timing graph has been constructed successfully
C: STA-3009: The clock top|clk_50M is not connected to any clock endpoints,it will be treated as a normal port or pin.
W: Timing-4087: Port 'da_clk' is not constrained, it is treated as combinational output.
W: Timing-4087: Port 'da_data[0]' is not constrained, it is treated as combinational output.
W: Timing-4087: Port 'da_data[1]' is not constrained, it is treated as combinational output.
W: Timing-4087: Port 'da_data[2]' is not constrained, it is treated as combinational output.
W: Timing-4087: Port 'da_data[3]' is not constrained, it is treated as combinational output.
W: Timing-4087: Port 'da_data[4]' is not constrained, it is treated as combinational output.
W: Timing-4087: Port 'da_data[5]' is not constrained, it is treated as combinational output.
W: Timing-4087: Port 'da_data[6]' is not constrained, it is treated as combinational output.
W: Timing-4087: Port 'da_data[7]' is not constrained, it is treated as combinational output.
Report timing is finished successfully.
Action report_timing: Real time elapsed is 0h:0m:7s
Action report_timing: CPU time elapsed is 0h:0m:4s
Action report_timing: Process CPU time elapsed is 0h:0m:4s
Current time: Mon Jan  8 17:22:07 2024
Action report_timing: Peak memory pool usage is 701 MB
