#Build: Fabric Compiler 2022.1, Build 99559, Jul 12 00:20 2022
#Install: D:\software\pango2022.1\PDS_2022.1\bin
#Application name: pds_shell.exe
#OS: Windows 10 10.0.22621
#Hostname: DESKTOP-NTRMANG
Generated by Fabric Compiler (version 2022.1 build 99559) at Mon Jan  8 17:04:33 2024
Compiling verification operator library.
Compiling common defs.
Compiling prim grid devices.
Compiling gate devices.
Compiling gate operators.
Building architecture model.
Loading device packaging model.
W: ConstraintEditor-4030: No constraint files found, so all ports are unspecified I/O constraint.
I: Column Clock Check open.
Read Column Clock Map.

Placement started.
Phase 1 Pre global placement started.
Phase 1.1 1st GP placement started.
Design Utilization : 1%.
Wirelength after clock region global placement is 353.
1st GP placement takes 2.38 sec.

Phase 1.2 Clock placement started.
Mapping instance u_pll/u_pll_e3/goppll to PLL_158_303.
Mapping instance clkbufg_0/gopclkbufg to USCM_84_108.
Clock placement takes 0.22 sec.

Pre global placement takes 4.02 sec.

Phase 2 Global placement started.
Phase 2.1 Fixed placement started.
Placed fixed instance clkbufg_0/gopclkbufg on USCM_84_108.
Placed fixed instance u_pll/u_pll_e3/goppll on PLL_158_303.
Fixed placement takes 0.00 sec.

Phase 2.2 Process placement started.
Process placement takes 0.00 sec.

Phase 2.3 IO placement started.
IO placement takes 0.00 sec.

Phase 2.4 2nd GP placement started.
Run super clustering :
	Initial slack 498358.
	1 iterations finished.
	Final slack 498358.
Super clustering done.
Design Utilization : 1%.
2nd GP placement takes 1.86 sec.

Wirelength after global placement is 960.
Global placement takes 1.88 sec.

Phase 3 Post global placement started.
Phase 3.1 Macro cell placement started.
Wirelength after macro cell placement is 984.
Macro cell placement takes 0.00 sec.

Phase 3.2 3rd GP placement started.
Run super clustering :
	Initial slack 498358.
	1 iterations finished.
	Final slack 498358.
Super clustering done.
Design Utilization : 1%.
3rd GP placement takes 1.95 sec.

Wirelength after post global placement is 946.
Post global placement takes 1.95 sec.

Phase 4 Legalization started.
The average distance in LP is 13.200000.
Wirelength after legalization is 966.
Legalization takes 0.00 sec.

Phase 5 Timing-driven detailed placement started.
Phase 5.1 Replication placement started.
Worst slack before Replication Place is 499010.
Replication placement takes 0.02 sec.

Wirelength after replication placement is 966.
Phase 5.2 DP placement started.
Legalized cost 499010.000000.
The detailed placement ends at 0th iteration.
DP placement takes 0.00 sec.

Wirelength after detailed placement is 966.
Timing-driven detailed placement takes 0.02 sec.

Worst slack is 499010, TNS after placement is 0.
Placement done.
Total placement takes 7.88 sec.
Finished placement. (CPU time elapsed 0h:00m:07s)

Routing started.
Building routing graph takes 1.09 sec.
Worst slack is 499010, TNS before global route is 0.
Processing design graph takes 0.22 sec.
Total memory for routing:
	115.221292 M.
Total nets for routing : 64.
Rcf routing step 1 processed 0 nets, it takes 0.00 sec.
Rcf routing step 2 processed 0 nets, it takes 0.00 sec.
Rcf routing step 3 processed 0 nets, it takes 0.00 sec.
Global Routing step 1 processed 0 nets, it takes 0.00 sec.
Global Routing step 2 processed 0 nets, it takes 0.00 sec.
Unrouted nets 4 at the end of iteration 0.
Unrouted nets 2 at the end of iteration 1.
Unrouted nets 0 at the end of iteration 2.
Global Routing step 3 processed 8 nets, it takes 0.02 sec.
Global routing takes 0.03 sec.
Total 72 subnets.
    forward max bucket size 1431 , backward 126.
        Unrouted nets 17 at the end of iteration 0.
    route iteration 0, CPU time elapsed 0.000000 sec.
    forward max bucket size 17 , backward 53.
        Unrouted nets 5 at the end of iteration 1.
    route iteration 1, CPU time elapsed 0.000000 sec.
    forward max bucket size 18 , backward 9.
        Unrouted nets 2 at the end of iteration 2.
    route iteration 2, CPU time elapsed 0.000000 sec.
    forward max bucket size 7 , backward 7.
        Unrouted nets 0 at the end of iteration 3.
    route iteration 3, CPU time elapsed 0.000000 sec.
Detailed routing takes 3 iterations
Detailed routing takes 0.02 sec.
Start fix hold violation.
Build tmp routing results takes 0.00 sec.
Timing analysis takes 0.00 sec.
No hold violation.
Hold Violation Fix in router takes 0 iterations.
Fix hold violation Finished.
Hold Violation Fix in router takes 0.05 sec.

Dispose routing result:
    Collect routing result.
    Delete unused device instances.
    Annotate routing result.
    Change LUT configuration.
    Dispose misc instances.
    Annotate routing result again.
Finish routing takes 0.00 sec.
Used SRB routing arc is 472.
Cleanup routing takes 0.00 sec.
Routing done.
Total routing takes 1.77 sec.


Device Utilization Summary :
+---------------------------------------------------------------------------+
| Logic Utilization        | Used     | Available     | Utilization(%)     
+---------------------------------------------------------------------------+
| Use of APM               | 0        | 84            | 0                  
| Use of BKCL              | 0        | 4             | 0                  
| Use of CLMA              | 1        | 6450          | 1                  
|   FF                     | 1        | 38700         | 1                  
|   LUT                    | 4        | 25800         | 1                  
|   LUT-FF pairs           | 1        | 25800         | 1                  
| Use of CLMS              | 3        | 4250          | 1                  
|   FF                     | 9        | 25500         | 1                  
|   LUT                    | 9        | 17000         | 1                  
|   LUT-FF pairs           | 1        | 17000         | 1                  
|   Distributed RAM        | 0        | 17000         | 0                  
| Use of CRYSTAL           | 0        | 2             | 0                  
| Use of DLL               | 0        | 10            | 0                  
| Use of DQSL              | 0        | 18            | 0                  
| Use of DRM               | 0.5      | 134           | 1                  
| Use of FUSECODE          | 0        | 1             | 0                  
| Use of HARD0N1           | 12       | 6672          | 1                  
| Use of IO                | 10       | 332           | 4                  
|   IOBD                   | 1        | 81            | 2                  
|   IOBR_LR                | 0        | 7             | 0                  
|   IOBR_TB                | 0        | 8             | 0                  
|   IOBS_LR                | 9        | 163           | 6                  
|   IOBS_TB                | 0        | 73            | 0                  
| Use of IOCKDIV           | 0        | 20            | 0                  
| Use of IOCKDLY           | 0        | 40            | 0                  
| Use of IOCKGATE          | 0        | 20            | 0                  
| Use of IOCKGMUX_TEST     | 0        | 20            | 0                  
| Use of IOL               | 10       | 400           | 3                  
| Use of IPAL              | 0        | 1             | 0                  
| Use of LDO               | 0        | 4             | 0                  
| Use of MFG_TEST          | 0        | 1             | 0                  
| Use of OSC               | 0        | 1             | 0                  
| Use of PIOMUX_TEST       | 0        | 10            | 0                  
| Use of PLL               | 1        | 5             | 20                 
| Use of PREGMUX_TEST      | 0        | 6             | 0                  
| Use of RCKB              | 0        | 24            | 0                  
| Use of RCKBMUX_TEST      | 0        | 12            | 0                  
| Use of RESCAL            | 0        | 4             | 0                  
| Use of SCANCHAIN         | 0        | 2             | 0                  
| Use of START             | 1        | 1             | 100                
| Use of UDID              | 0        | 1             | 0                  
| Use of USCM              | 2        | 30            | 7                  
| Use of USCMMUX_TEST      | 0        | 30            | 0                  
| Use of VCKBMUX_TEST      | 0        | 12            | 0                  
+---------------------------------------------------------------------------+

Finished routing. (CPU time elapsed 0h:00m:01s)
Design 'square_wave' has been placed and routed successfully.
Saving design to DB.
Finished placement and routing. (CPU time elapsed 0h:00m:13s)
Action pnr: Real time elapsed is 0h:0m:16s
Action pnr: CPU time elapsed is 0h:0m:13s
Action pnr: Process CPU time elapsed is 0h:0m:13s
Current time: Mon Jan  8 17:04:47 2024
Action pnr: Peak memory pool usage is 730 MB
