# Reading D:/Apps/1_LearningApps/ModelSim_v10.5Se/tcl/vsim/pref.tcl
# //  ModelSim SE-64 10.5 Feb 13 2016 
# //
# //  Copyright 1991-2016 Mentor Graphics Corporation
# //  All Rights Reserved.
# //
# //  ModelSim SE-64 and its associated documentation contain trade
# //  secrets and commercial or financial information that are the property of
# //  Mentor Graphics Corporation and are privileged, confidential,
# //  and exempt from disclosure under the Freedom of Information Act,
# //  5 U.S.C. Section 552. Furthermore, this information
# //  is prohibited from disclosure under the Trade Secrets Act,
# //  18 U.S.C. Section 1905.
# //
# do {run_behav_compile.tcl}
# ** Error: (vlib-35) Failed to create directory "work".
# File exists. (errno = EEXIST)
# Model Technology ModelSim SE-64 vmap 10.5 Lib Mapping Utility 2016.02 Feb 13 2016
# vmap work ./work 
# Modifying modelsim.ini
# Model Technology ModelSim SE-64 vmap 10.5 Lib Mapping Utility 2016.02 Feb 13 2016
# vmap usim D:/01_Learning_projects/PDS_projects/SINGAL/HDMI/sim_lib/usim 
# Modifying modelsim.ini
# Model Technology ModelSim SE-64 vmap 10.5 Lib Mapping Utility 2016.02 Feb 13 2016
# vmap adc D:/01_Learning_projects/PDS_projects/SINGAL/HDMI/sim_lib/adc 
# Modifying modelsim.ini
# Model Technology ModelSim SE-64 vmap 10.5 Lib Mapping Utility 2016.02 Feb 13 2016
# vmap ddrc D:/01_Learning_projects/PDS_projects/SINGAL/HDMI/sim_lib/ddrc 
# Modifying modelsim.ini
# Model Technology ModelSim SE-64 vmap 10.5 Lib Mapping Utility 2016.02 Feb 13 2016
# vmap ddrphy D:/01_Learning_projects/PDS_projects/SINGAL/HDMI/sim_lib/ddrphy 
# Modifying modelsim.ini
# Model Technology ModelSim SE-64 vmap 10.5 Lib Mapping Utility 2016.02 Feb 13 2016
# vmap hsst_e2 D:/01_Learning_projects/PDS_projects/SINGAL/HDMI/sim_lib/hsst_e2 
# Modifying modelsim.ini
# Model Technology ModelSim SE-64 vmap 10.5 Lib Mapping Utility 2016.02 Feb 13 2016
# vmap iolhr_dft D:/01_Learning_projects/PDS_projects/SINGAL/HDMI/sim_lib/iolhr_dft 
# Modifying modelsim.ini
# Model Technology ModelSim SE-64 vmap 10.5 Lib Mapping Utility 2016.02 Feb 13 2016
# vmap ipal_e1 D:/01_Learning_projects/PDS_projects/SINGAL/HDMI/sim_lib/ipal_e1 
# Modifying modelsim.ini
# Model Technology ModelSim SE-64 vmap 10.5 Lib Mapping Utility 2016.02 Feb 13 2016
# vmap pciegen2 D:/01_Learning_projects/PDS_projects/SINGAL/HDMI/sim_lib/pciegen2 
# Modifying modelsim.ini
# Model Technology ModelSim SE-64 vlog 10.5 Compiler 2016.02 Feb 13 2016
# Start time: 22:37:59 on Oct 27,2024
# vlog -reportprogress 300 D:/01_Learning_projects/PDS_projects/SINGAL/HDMI/source/ad_da_hdmi_top.v -work work 
# -- Compiling module ad_da_hdmi_top
# 
# Top level modules:
# 	ad_da_hdmi_top
# End time: 22:37:59 on Oct 27,2024, Elapsed time: 0:00:00
# Errors: 0, Warnings: 0
# Model Technology ModelSim SE-64 vlog 10.5 Compiler 2016.02 Feb 13 2016
# Start time: 22:37:59 on Oct 27,2024
# vlog -reportprogress 300 D:/01_Learning_projects/PDS_projects/SINGAL/HDMI/source/ad9708_sin_wave.v -work work 
# -- Compiling module ad9708_sin_wave
# 
# Top level modules:
# 	ad9708_sin_wave
# End time: 22:37:59 on Oct 27,2024, Elapsed time: 0:00:00
# Errors: 0, Warnings: 0
# Model Technology ModelSim SE-64 vlog 10.5 Compiler 2016.02 Feb 13 2016
# Start time: 22:37:59 on Oct 27,2024
# vlog -reportprogress 300 D:/01_Learning_projects/PDS_projects/SINGAL/HDMI/source/grid_display.v -work work 
# -- Compiling module grid_display
# 
# Top level modules:
# 	grid_display
# End time: 22:37:59 on Oct 27,2024, Elapsed time: 0:00:00
# Errors: 0, Warnings: 0
# Model Technology ModelSim SE-64 vlog 10.5 Compiler 2016.02 Feb 13 2016
# Start time: 22:37:59 on Oct 27,2024
# vlog -reportprogress 300 D:/01_Learning_projects/PDS_projects/SINGAL/HDMI/source/hdmi_test.v -work work 
# -- Compiling module hdmi_test
# 
# Top level modules:
# 	hdmi_test
# End time: 22:37:59 on Oct 27,2024, Elapsed time: 0:00:00
# Errors: 0, Warnings: 0
# Model Technology ModelSim SE-64 vlog 10.5 Compiler 2016.02 Feb 13 2016
# Start time: 22:37:59 on Oct 27,2024
# vlog -reportprogress 300 D:/01_Learning_projects/PDS_projects/SINGAL/HDMI/source/iic_dri.v -work work 
# -- Compiling module iic_dri
# 
# Top level modules:
# 	iic_dri
# End time: 22:37:59 on Oct 27,2024, Elapsed time: 0:00:00
# Errors: 0, Warnings: 0
# Model Technology ModelSim SE-64 vlog 10.5 Compiler 2016.02 Feb 13 2016
# Start time: 22:37:59 on Oct 27,2024
# vlog -reportprogress 300 D:/01_Learning_projects/PDS_projects/SINGAL/HDMI/source/ms72xx_ctl.v -work work 
# -- Compiling module ms72xx_ctl
# 
# Top level modules:
# 	ms72xx_ctl
# End time: 22:37:59 on Oct 27,2024, Elapsed time: 0:00:00
# Errors: 0, Warnings: 0
# Model Technology ModelSim SE-64 vlog 10.5 Compiler 2016.02 Feb 13 2016
# Start time: 22:37:59 on Oct 27,2024
# vlog -reportprogress 300 D:/01_Learning_projects/PDS_projects/SINGAL/HDMI/source/ms7200_ctl.v -work work 
# -- Compiling module ms7200_ctl
# 
# Top level modules:
# 	ms7200_ctl
# End time: 22:37:59 on Oct 27,2024, Elapsed time: 0:00:00
# Errors: 0, Warnings: 0
# Model Technology ModelSim SE-64 vlog 10.5 Compiler 2016.02 Feb 13 2016
# Start time: 22:37:59 on Oct 27,2024
# vlog -reportprogress 300 D:/01_Learning_projects/PDS_projects/SINGAL/HDMI/source/ms7210_ctl.v -work work 
# -- Compiling module ms7210_ctl
# 
# Top level modules:
# 	ms7210_ctl
# End time: 22:37:59 on Oct 27,2024, Elapsed time: 0:00:00
# Errors: 0, Warnings: 0
# Model Technology ModelSim SE-64 vlog 10.5 Compiler 2016.02 Feb 13 2016
# Start time: 22:37:59 on Oct 27,2024
# vlog -reportprogress 300 D:/01_Learning_projects/PDS_projects/SINGAL/HDMI/source/pattern_vg.v -work work 
# -- Compiling module pattern_vg
# 
# Top level modules:
# 	pattern_vg
# End time: 22:37:59 on Oct 27,2024, Elapsed time: 0:00:00
# Errors: 0, Warnings: 0
# Model Technology ModelSim SE-64 vlog 10.5 Compiler 2016.02 Feb 13 2016
# Start time: 22:37:59 on Oct 27,2024
# vlog -reportprogress 300 D:/01_Learning_projects/PDS_projects/SINGAL/HDMI/source/sync_vg.v -work work 
# -- Compiling module sync_vg
# 
# Top level modules:
# 	sync_vg
# End time: 22:37:59 on Oct 27,2024, Elapsed time: 0:00:00
# Errors: 0, Warnings: 0
# Model Technology ModelSim SE-64 vlog 10.5 Compiler 2016.02 Feb 13 2016
# Start time: 22:38:00 on Oct 27,2024
# vlog -reportprogress 300 D:/01_Learning_projects/PDS_projects/SINGAL/HDMI/source/timing_gen_xy.v -work work 
# -- Compiling module timing_gen_xy
# 
# Top level modules:
# 	timing_gen_xy
# End time: 22:38:00 on Oct 27,2024, Elapsed time: 0:00:00
# Errors: 0, Warnings: 0
# Model Technology ModelSim SE-64 vlog 10.5 Compiler 2016.02 Feb 13 2016
# Start time: 22:38:00 on Oct 27,2024
# vlog -reportprogress 300 D:/01_Learning_projects/PDS_projects/SINGAL/HDMI/source/wav_display.v -work work 
# -- Compiling module wav_display
# 
# Top level modules:
# 	wav_display
# End time: 22:38:00 on Oct 27,2024, Elapsed time: 0:00:00
# Errors: 0, Warnings: 0
# Model Technology ModelSim SE-64 vlog 10.5 Compiler 2016.02 Feb 13 2016
# Start time: 22:38:00 on Oct 27,2024
# vlog -reportprogress 300 D:/01_Learning_projects/PDS_projects/SINGAL/HDMI/source/Key_Debounce.v -work work 
# -- Compiling module Key_Debounce
# 
# Top level modules:
# 	Key_Debounce
# End time: 22:38:00 on Oct 27,2024, Elapsed time: 0:00:00
# Errors: 0, Warnings: 0
# Model Technology ModelSim SE-64 vlog 10.5 Compiler 2016.02 Feb 13 2016
# Start time: 22:38:00 on Oct 27,2024
# vlog -reportprogress 300 D:/01_Learning_projects/PDS_projects/SINGAL/HDMI/source/Key_Debounce_fix.v -work work 
# -- Compiling module Key_Debounce_fix
# 
# Top level modules:
# 	Key_Debounce_fix
# End time: 22:38:00 on Oct 27,2024, Elapsed time: 0:00:00
# Errors: 0, Warnings: 0
# Model Technology ModelSim SE-64 vlog 10.5 Compiler 2016.02 Feb 13 2016
# Start time: 22:38:00 on Oct 27,2024
# vlog -reportprogress 300 D:/01_Learning_projects/PDS_projects/SINGAL/HDMI/ipcore/rom_sin_wave/rtl/ipml_rom_v1_5_rom_sin_wave.v -work work 
# -- Compiling module ipml_rom_v1_5_rom_sin_wave
# 
# Top level modules:
# 	ipml_rom_v1_5_rom_sin_wave
# End time: 22:38:00 on Oct 27,2024, Elapsed time: 0:00:00
# Errors: 0, Warnings: 0
# Model Technology ModelSim SE-64 vlog 10.5 Compiler 2016.02 Feb 13 2016
# Start time: 22:38:00 on Oct 27,2024
# vlog -reportprogress 300 D:/01_Learning_projects/PDS_projects/SINGAL/HDMI/ipcore/rom_sin_wave/rtl/ipml_spram_v1_5_rom_sin_wave.v -work work 
# -- Compiling module ipml_spram_v1_5_rom_sin_wave
# 
# Top level modules:
# 	ipml_spram_v1_5_rom_sin_wave
# End time: 22:38:00 on Oct 27,2024, Elapsed time: 0:00:00
# Errors: 0, Warnings: 0
# Model Technology ModelSim SE-64 vlog 10.5 Compiler 2016.02 Feb 13 2016
# Start time: 22:38:00 on Oct 27,2024
# vlog -reportprogress 300 D:/01_Learning_projects/PDS_projects/SINGAL/HDMI/ipcore/rom_sin_wave/rom_sin_wave.v -work work 
# -- Compiling module rom_sin_wave
# 
# Top level modules:
# 	rom_sin_wave
# End time: 22:38:00 on Oct 27,2024, Elapsed time: 0:00:00
# Errors: 0, Warnings: 0
# Model Technology ModelSim SE-64 vlog 10.5 Compiler 2016.02 Feb 13 2016
# Start time: 22:38:00 on Oct 27,2024
# vlog -reportprogress 300 D:/01_Learning_projects/PDS_projects/SINGAL/HDMI/ipcore/pll_clock_125m/pll_clock_125m.v -work work 
# -- Compiling module pll_clock_125m
# 
# Top level modules:
# 	pll_clock_125m
# End time: 22:38:00 on Oct 27,2024, Elapsed time: 0:00:00
# Errors: 0, Warnings: 0
# Model Technology ModelSim SE-64 vlog 10.5 Compiler 2016.02 Feb 13 2016
# Start time: 22:38:00 on Oct 27,2024
# vlog -reportprogress 300 D:/01_Learning_projects/PDS_projects/SINGAL/HDMI/ipcore/pll/pll.v -work work 
# -- Compiling module pll
# 
# Top level modules:
# 	pll
# End time: 22:38:00 on Oct 27,2024, Elapsed time: 0:00:00
# Errors: 0, Warnings: 0
# Model Technology ModelSim SE-64 vlog 10.5 Compiler 2016.02 Feb 13 2016
# Start time: 22:38:00 on Oct 27,2024
# vlog -reportprogress 300 D:/01_Learning_projects/PDS_projects/SINGAL/HDMI/ipcore/pll_adda/pll_adda.v -work work 
# -- Compiling module pll_adda
# 
# Top level modules:
# 	pll_adda
# End time: 22:38:00 on Oct 27,2024, Elapsed time: 0:00:00
# Errors: 0, Warnings: 0
# Model Technology ModelSim SE-64 vlog 10.5 Compiler 2016.02 Feb 13 2016
# Start time: 22:38:00 on Oct 27,2024
# vlog -reportprogress 300 D:/01_Learning_projects/PDS_projects/SINGAL/HDMI/ipcore/ram1024x8/rtl/ipml_sdpram_v1_6_ram1024x8.v -work work 
# -- Compiling module ipml_sdpram_v1_6_ram1024x8
# 
# Top level modules:
# 	ipml_sdpram_v1_6_ram1024x8
# End time: 22:38:00 on Oct 27,2024, Elapsed time: 0:00:00
# Errors: 0, Warnings: 0
# Model Technology ModelSim SE-64 vlog 10.5 Compiler 2016.02 Feb 13 2016
# Start time: 22:38:00 on Oct 27,2024
# vlog -reportprogress 300 D:/01_Learning_projects/PDS_projects/SINGAL/HDMI/ipcore/ram1024x8/ram1024x8.v -work work 
# -- Compiling module ram1024x8
# 
# Top level modules:
# 	ram1024x8
# End time: 22:38:00 on Oct 27,2024, Elapsed time: 0:00:00
# Errors: 0, Warnings: 0
# Model Technology ModelSim SE-64 vlog 10.5 Compiler 2016.02 Feb 13 2016
# Start time: 22:38:00 on Oct 27,2024
# vlog -reportprogress 300 D:/01_Learning_projects/PDS_projects/SINGAL/AD_DA_50H/AD9708_sawtooth_wave/ipcore/rom_sawtooth_wave/rtl/ipml_rom_v1_5_rom_sawtooth_wave.v -work work 
# -- Compiling module ipml_rom_v1_5_rom_sawtooth_wave
# 
# Top level modules:
# 	ipml_rom_v1_5_rom_sawtooth_wave
# End time: 22:38:00 on Oct 27,2024, Elapsed time: 0:00:00
# Errors: 0, Warnings: 0
# Model Technology ModelSim SE-64 vlog 10.5 Compiler 2016.02 Feb 13 2016
# Start time: 22:38:00 on Oct 27,2024
# vlog -reportprogress 300 D:/01_Learning_projects/PDS_projects/SINGAL/AD_DA_50H/AD9708_sawtooth_wave/ipcore/rom_sawtooth_wave/rtl/ipml_spram_v1_5_rom_sawtooth_wave.v -work work 
# -- Compiling module ipml_spram_v1_5_rom_sawtooth_wave
# 
# Top level modules:
# 	ipml_spram_v1_5_rom_sawtooth_wave
# End time: 22:38:00 on Oct 27,2024, Elapsed time: 0:00:00
# Errors: 0, Warnings: 0
# Model Technology ModelSim SE-64 vlog 10.5 Compiler 2016.02 Feb 13 2016
# Start time: 22:38:00 on Oct 27,2024
# vlog -reportprogress 300 D:/01_Learning_projects/PDS_projects/SINGAL/AD_DA_50H/AD9708_sawtooth_wave/ipcore/rom_sawtooth_wave/rom_sawtooth_wave.v -work work 
# -- Compiling module rom_sawtooth_wave
# 
# Top level modules:
# 	rom_sawtooth_wave
# End time: 22:38:00 on Oct 27,2024, Elapsed time: 0:00:00
# Errors: 0, Warnings: 0
# Model Technology ModelSim SE-64 vlog 10.5 Compiler 2016.02 Feb 13 2016
# Start time: 22:38:00 on Oct 27,2024
# vlog -reportprogress 300 D:/01_Learning_projects/PDS_projects/SINGAL/HDMI/source/tb_hdmi.v -work work 
# -- Compiling module tb_hdmi
# 
# Top level modules:
# 	tb_hdmi
# End time: 22:38:00 on Oct 27,2024, Elapsed time: 0:00:00
# Errors: 0, Warnings: 0
# Model Technology ModelSim SE-64 vlog 10.5 Compiler 2016.02 Feb 13 2016
# Start time: 22:38:00 on Oct 27,2024
# vlog -reportprogress 300 D:/01_Learning_projects/PDS_projects/SINGAL/HDMI/source/tb_key_debounce.v -work work 
# -- Compiling module tb_ctrl_test
# 
# Top level modules:
# 	tb_ctrl_test
# End time: 22:38:00 on Oct 27,2024, Elapsed time: 0:00:00
# Errors: 0, Warnings: 0
# do {run_behav_simulate.tcl}
# vsim -novopt -L work -L usim -L adc -L ddrc -L ddrphy -L hsst_e2 -L iolhr_dft -L ipal_e1 -L pciegen2 tb_ctrl_test usim.GTP_GRS 
# Start time: 22:38:00 on Oct 27,2024
# ** Warning: (vsim-8891) All optimizations are turned off because the -novopt switch is in effect. This will cause your simulation to run very slowly. If you are using this switch to preserve visibility for Debug or PLI features please see the User's Manual section on Preserving Object Visibility with vopt.
# Refreshing D:/01_Learning_projects/PDS_projects/SINGAL/HDMI/sim/behav/work.tb_ctrl_test
# Loading work.tb_ctrl_test
# Loading usim.GTP_GRS
# Refreshing D:/01_Learning_projects/PDS_projects/SINGAL/HDMI/sim/behav/work.Key_Debounce
# Loading work.Key_Debounce
# .main_pane.wave.interior.cs.body.pw.wf
# .main_pane.structure.interior.cs.body.struct
# .main_pane.objects.interior.cs.body.tree
run -all
add wave -position insertpoint  \
sim:/tb_ctrl_test/Key_Debounce_inst/cnt_20ms
restart
# ** Warning: (vsim-8891) All optimizations are turned off because the -novopt switch is in effect. This will cause your simulation to run very slowly. If you are using this switch to preserve visibility for Debug or PLI features please see the User's Manual section on Preserving Object Visibility with vopt.
run -all
# End time: 10:02:27 on Oct 28,2024, Elapsed time: 11:24:27
# Errors: 0, Warnings: 2
