--------------------------------------------------------------------------------------------------------------------------------------------------------------------------------------------------------------------------------------------------------------------------------------------------------------------------------------------------------------------------------------------------
Detailed RTL Component Info :
-----Module Name :
                    ad_da_hdmi_top

-----ROMs :
            896 Bit    (64 x 14 bit)          ROMs := 2
            1K Bit    (64 x 20 bit)          ROMs := 1
            25K Bit    (256 x 100 bit)          ROMs := 1
            10K Bit    (512 x 20 bit)          ROMs := 1

-----RAMs :
            16 Bit    (16 x 1 bit)          RAMs := 3
            48 Bit    (16 x 3 bit)          RAMs := 1
            112 Bit    (16 x 7 bit)          RAMs := 1
            128 Bit    (16 x 8 bit)          RAMs := 1
            144 Bit    (16 x 9 bit)          RAMs := 1
            160 Bit    (16 x 10 bit)          RAMs := 1
            400 Bit    (16 x 25 bit)          RAMs := 2
            1K Bit    (32 x 32 bit)          RAMs := 2
            8K Bit    (1024 x 8 bit)          RAMs := 1
            64K Bit    (8192 x 8 bit)          RAMs := 4

Distributed RAM and Block RAM: Final Mapping Report
|-------------------------------------------------------------------------------------------------------------------------------------------------------------------------------------------------------------------------------------------------------------------------|------------------------|-------------------|---------|
| DPRAM Inst Name                                                                                                                                                                                                                                                         | Size (Depth x Width)   | Primitives        | Count   |
|-------------------------------------------------------------------------------------------------------------------------------------------------------------------------------------------------------------------------------------------------------------------------|------------------------|-------------------|---------|
| wav_display_1/u_fifo_ram_fft/u_ipm_distributed_fifo_fifo_ram_fft/ipm_distributed_sdpram_fifo_ram_fft/mem                                                                                                                                                                | 1024 x 8               |                   |         |
|                                                                                                                                                                                                                                                                         | 32 x 1                 | GTP_RAM32X1DP     | 256     |
|-------------------------------------------------------------------------------------------------------------------------------------------------------------------------------------------------------------------------------------------------------------------------|------------------------|-------------------|---------|
| wav_display_1/u_fft_256/u_fft_wrapper/use_radix2_burst.u_radix2_burst_core/r2_dit_ctrl/u_output_p4_sreg/latency_larger_than_2.u_distram_sreg/u_distributed_shiftregister/u_distributed_sdpram/mem                                                                       | 16 x 10                |                   |         |
|                                                                                                                                                                                                                                                                         | 16 x 1                 | GTP_RAM16X1DP     | 10      |
|-------------------------------------------------------------------------------------------------------------------------------------------------------------------------------------------------------------------------------------------------------------------------|------------------------|-------------------|---------|
| wav_display_1/u_fft_256/u_fft_wrapper/use_radix2_burst.u_radix2_burst_core/r2_dit_ctrl/u_output_sreg/latency_larger_than_2.u_distram_sreg/u_distributed_shiftregister/u_distributed_sdpram/mem                                                                          | 16 x 9                 |                   |         |
|                                                                                                                                                                                                                                                                         | 16 x 1                 | GTP_RAM16X1DP     | 9       |
|-------------------------------------------------------------------------------------------------------------------------------------------------------------------------------------------------------------------------------------------------------------------------|------------------------|-------------------|---------|
| wav_display_1/u_fft_256/u_fft_wrapper/use_radix2_burst.u_radix2_burst_core/r2_dit_ctrl/bfcnt_last_sreg/latency_larger_than_2.u_distram_sreg/u_distributed_shiftregister/u_distributed_sdpram/mem                                                                        | 16 x 1                 |                   |         |
|                                                                                                                                                                                                                                                                         | 16 x 1                 | GTP_RAM16X1DP     | 1       |
|-------------------------------------------------------------------------------------------------------------------------------------------------------------------------------------------------------------------------------------------------------------------------|------------------------|-------------------|---------|
| u_picosoc/cpu/cpuregs/regs                                                                                                                                                                                                                                              | 32 x 32                |                   |         |
|                                                                                                                                                                                                                                                                         | 32 x 1                 | GTP_RAM32X1DP     | 32      |
|-------------------------------------------------------------------------------------------------------------------------------------------------------------------------------------------------------------------------------------------------------------------------|------------------------|-------------------|---------|
| u_picosoc/cpu/cpuregs/regs_1                                                                                                                                                                                                                                            | 32 x 32                |                   |         |
|                                                                                                                                                                                                                                                                         | 32 x 1                 | GTP_RAM32X1DP     | 32      |
|-------------------------------------------------------------------------------------------------------------------------------------------------------------------------------------------------------------------------------------------------------------------------|------------------------|-------------------|---------|
| wav_display_1/u_fft_256/u_fft_wrapper/use_radix2_burst.u_radix2_burst_core/r2_dit_bf/u_im_input_sreg/latency_larger_than_2.u_distram_sreg/u_distributed_shiftregister/u_distributed_sdpram/mem                                                                          | 16 x 25                |                   |         |
|                                                                                                                                                                                                                                                                         | 16 x 1                 | GTP_RAM16X1DP     | 25      |
|-------------------------------------------------------------------------------------------------------------------------------------------------------------------------------------------------------------------------------------------------------------------------|------------------------|-------------------|---------|
| wav_display_1/u_fft_256/u_fft_wrapper/use_radix2_burst.u_radix2_burst_core/r2_dit_ctrl/u_stage_sreg/latency_larger_than_2.u_distram_sreg/u_distributed_shiftregister/u_distributed_sdpram/mem                                                                           | 16 x 3                 |                   |         |
|                                                                                                                                                                                                                                                                         | 16 x 1                 | GTP_RAM16X1DP     | 3       |
|-------------------------------------------------------------------------------------------------------------------------------------------------------------------------------------------------------------------------------------------------------------------------|------------------------|-------------------|---------|
| wav_display_1/u_fft_256/u_fft_wrapper/use_radix2_burst.u_radix2_burst_core/r2_dit_ctrl/u_raddr_sreg/latency_larger_than_2.u_distram_sreg/u_distributed_shiftregister/u_distributed_sdpram/mem                                                                           | 16 x 7                 |                   |         |
|                                                                                                                                                                                                                                                                         | 16 x 1                 | GTP_RAM16X1DP     | 7       |
|-------------------------------------------------------------------------------------------------------------------------------------------------------------------------------------------------------------------------------------------------------------------------|------------------------|-------------------|---------|
| wav_display_1/u_fft_256/u_fft_wrapper/use_radix2_burst.u_radix2_burst_core/r2_dit_ctrl/u_bfcnt_sreg/latency_larger_than_2.u_distram_sreg/u_distributed_shiftregister/u_distributed_sdpram/mem                                                                           | 16 x 8                 |                   |         |
|                                                                                                                                                                                                                                                                         | 16 x 1                 | GTP_RAM16X1DP     | 8       |
|-------------------------------------------------------------------------------------------------------------------------------------------------------------------------------------------------------------------------------------------------------------------------|------------------------|-------------------|---------|
| wav_display_1/u_fft_256/u_fft_wrapper/use_radix2_burst.u_radix2_burst_core/r2_dit_bf/u_re_input_sreg/latency_larger_than_2.u_distram_sreg/u_distributed_shiftregister/u_distributed_sdpram/mem                                                                          | 16 x 25                |                   |         |
|                                                                                                                                                                                                                                                                         | 16 x 1                 | GTP_RAM16X1DP     | 25      |
|-------------------------------------------------------------------------------------------------------------------------------------------------------------------------------------------------------------------------------------------------------------------------|------------------------|-------------------|---------|
| wav_display_1/u_fft_256/u_fft_wrapper/use_radix2_burst.u_radix2_burst_core/r2_dit_bf/u_r2_dit_mult_by_twiddle/u_fft_comp_round/u_re_round/convegent_rouning.u_din_sign_sreg/latency_larger_than_2.u_distram_sreg/u_distributed_shiftregister/u_distributed_sdpram/mem   | 16 x 1                 |                   |         |
|                                                                                                                                                                                                                                                                         | 16 x 1                 | GTP_RAM16X1DP     | 1       |
|-------------------------------------------------------------------------------------------------------------------------------------------------------------------------------------------------------------------------------------------------------------------------|------------------------|-------------------|---------|
| wav_display_1/u_fft_256/u_fft_wrapper/use_radix2_burst.u_radix2_burst_core/r2_dit_bf/u_r2_dit_mult_by_twiddle/u_fft_comp_round/u_im_round/convegent_rouning.u_din_sign_sreg/latency_larger_than_2.u_distram_sreg/u_distributed_shiftregister/u_distributed_sdpram/mem   | 16 x 1                 |                   |         |
|                                                                                                                                                                                                                                                                         | 16 x 1                 | GTP_RAM16X1DP     | 1       |
|-------------------------------------------------------------------------------------------------------------------------------------------------------------------------------------------------------------------------------------------------------------------------|------------------------|-------------------|---------|

|------------------------------------------------------------------------------------------------------------------------------------------------------------------------------|------------------------|-------------------|-------------------|-------------------|-------------------|
| Inst Name                                                                                                                                                                    | Size (Depth x Width)   | Write_Mode_A      | Write_Mode_B      | Ram_Mode          | Primitives        |
|------------------------------------------------------------------------------------------------------------------------------------------------------------------------------|------------------------|-------------------|-------------------|-------------------|-------------------|
| u_picosoc/memory                                                                                                                                                             | 8 K x 8                |                   |                   |                   |                   |
|           memory_0                                                                                                                                                           | 8 K x 2                | READ_BEFORE_WRITE | /                 | SINGLE_PORT       | GTP_DRM18K        |
|           memory_4                                                                                                                                                           | 8 K x 2                | READ_BEFORE_WRITE | /                 | SINGLE_PORT       | GTP_DRM18K        |
|           memory_5                                                                                                                                                           | 8 K x 2                | READ_BEFORE_WRITE | /                 | SINGLE_PORT       | GTP_DRM18K        |
|           memory_6                                                                                                                                                           | 8 K x 2                | READ_BEFORE_WRITE | /                 | SINGLE_PORT       | GTP_DRM18K        |
|------------------------------------------------------------------------------------------------------------------------------------------------------------------------------|------------------------|-------------------|-------------------|-------------------|-------------------|
| hdmi_color/ms72xx_ctl/ms7200_ctl/N1219_1_concat_3                                                                                                                            | 512 x 20               |                   |                   |                   |                   |
|                                  N1219_1_concat_3                                                                                                                            | 512 x 20               | NORMAL_WRITE      | /                 | SINGLE_PORT       | GTP_DRM18K        |
|------------------------------------------------------------------------------------------------------------------------------------------------------------------------------|------------------------|-------------------|-------------------|-------------------|-------------------|
| u_picosoc/memory_1                                                                                                                                                           | 8 K x 8                |                   |                   |                   |                   |
|           memory_1_0                                                                                                                                                         | 8 K x 2                | READ_BEFORE_WRITE | /                 | SINGLE_PORT       | GTP_DRM18K        |
|           memory_1_1                                                                                                                                                         | 8 K x 2                | READ_BEFORE_WRITE | /                 | SINGLE_PORT       | GTP_DRM18K        |
|           memory_1_2                                                                                                                                                         | 8 K x 2                | READ_BEFORE_WRITE | /                 | SINGLE_PORT       | GTP_DRM18K        |
|           memory_1_3                                                                                                                                                         | 8 K x 2                | READ_BEFORE_WRITE | /                 | SINGLE_PORT       | GTP_DRM18K        |
|------------------------------------------------------------------------------------------------------------------------------------------------------------------------------|------------------------|-------------------|-------------------|-------------------|-------------------|
| wav_display_1/u_fft_256/u_fft_frame_chk/check_data_en.u_ifft_exp_rom/exp_re_rom_concat_4                                                                                     | 256 x 100              |                   |                   |                   |                   |
|                                                                      exp_re_rom_concat_4_0                                                                                   | 256 x 36               | NORMAL_WRITE      | /                 | SINGLE_PORT       | GTP_DRM9K         |
|                                                                      exp_re_rom_concat_4_1_1                                                                                 | 256 x 32               | NORMAL_WRITE      | /                 | SINGLE_PORT       | GTP_DRM9K         |
|                                                                      exp_re_rom_concat_4_1_0                                                                                 | 256 x 32               | NORMAL_WRITE      | /                 | SINGLE_PORT       | GTP_DRM9K         |
|------------------------------------------------------------------------------------------------------------------------------------------------------------------------------|------------------------|-------------------|-------------------|-------------------|-------------------|
| wav_display_1/u_fft_256/u_fft_wrapper/use_radix2_burst.u_radix2_burst_core/r2_dit_bf/u_r2_dit_mult_by_twiddle/u_twiddle_gen/u_sin_rom/use_drm.u_sin_drm_rom/sin_rom_used_3   | 64 x 14                |                   |                   |                   |                   |
|                                                                                                                                                             sin_rom_used_3   | 64 x 14                | NORMAL_WRITE      | /                 | SINGLE_PORT       | GTP_DRM9K         |
|------------------------------------------------------------------------------------------------------------------------------------------------------------------------------|------------------------|-------------------|-------------------|-------------------|-------------------|
| wav_display_1/u_fft_256/u_fft_wrapper/use_radix2_burst.u_radix2_burst_core/r2_dit_bf/u_r2_dit_mult_by_twiddle/u_twiddle_gen/u_sin_rom/use_drm.u_sin_drm_rom/sin_rom_used_2   | 64 x 14                |                   |                   |                   |                   |
|                                                                                                                                                             sin_rom_used_2   | 64 x 14                | NORMAL_WRITE      | /                 | SINGLE_PORT       | GTP_DRM9K         |
|------------------------------------------------------------------------------------------------------------------------------------------------------------------------------|------------------------|-------------------|-------------------|-------------------|-------------------|
| u_picosoc/memory_2                                                                                                                                                           | 8 K x 8                |                   |                   |                   |                   |
|           memory_2_0                                                                                                                                                         | 8 K x 2                | READ_BEFORE_WRITE | /                 | SINGLE_PORT       | GTP_DRM18K        |
|           memory_2_1                                                                                                                                                         | 8 K x 2                | READ_BEFORE_WRITE | /                 | SINGLE_PORT       | GTP_DRM18K        |
|           memory_2_2                                                                                                                                                         | 8 K x 2                | READ_BEFORE_WRITE | /                 | SINGLE_PORT       | GTP_DRM18K        |
|           memory_2_3                                                                                                                                                         | 8 K x 2                | READ_BEFORE_WRITE | /                 | SINGLE_PORT       | GTP_DRM18K        |
|------------------------------------------------------------------------------------------------------------------------------------------------------------------------------|------------------------|-------------------|-------------------|-------------------|-------------------|
| u_picosoc/memory_3                                                                                                                                                           | 8 K x 8                |                   |                   |                   |                   |
|           memory_3_0                                                                                                                                                         | 8 K x 2                | READ_BEFORE_WRITE | /                 | SINGLE_PORT       | GTP_DRM18K        |
|           memory_3_1                                                                                                                                                         | 8 K x 2                | READ_BEFORE_WRITE | /                 | SINGLE_PORT       | GTP_DRM18K        |
|           memory_3_2                                                                                                                                                         | 8 K x 2                | READ_BEFORE_WRITE | /                 | SINGLE_PORT       | GTP_DRM18K        |
|           memory_3_3                                                                                                                                                         | 8 K x 2                | READ_BEFORE_WRITE | /                 | SINGLE_PORT       | GTP_DRM18K        |
|------------------------------------------------------------------------------------------------------------------------------------------------------------------------------|------------------------|-------------------|-------------------|-------------------|-------------------|
| hdmi_color/ms72xx_ctl/ms7210_ctl/N325_1_concat_2                                                                                                                             | 64 x 20                |                   |                   |                   |                   |
|                                  N325_1_concat_2                                                                                                                             | 64 x 20                | NORMAL_WRITE      | /                 | SINGLE_PORT       | GTP_DRM9K         |
|------------------------------------------------------------------------------------------------------------------------------------------------------------------------------|------------------------|-------------------|-------------------|-------------------|-------------------|

--------------------------------------------------------------------------------------------------------------------------------------------------------------------------------------------------------------------------------------------------------------------------------------------------------------------------------------------------------------------------------------------------

