Model Technology ModelSim SE-64 vlog 10.5 Compiler 2016.02 Feb 13 2016
Start time: 21:12:51 on Nov 02,2024
vlog -reportprogress 300 -incr -sv D:/Apps/1_LearningApps/PDS_SP_2022.2/arch/vendor/pango/verilog/simulation/GTP_APM_E1.v D:/Apps/1_LearningApps/PDS_SP_2022.2/arch/vendor/pango/verilog/simulation/GTP_DRM18K_E1.v D:/Apps/1_LearningApps/PDS_SP_2022.2/arch/vendor/pango/verilog/simulation/GTP_DRM18K.v D:/Apps/1_LearningApps/PDS_SP_2022.2/arch/vendor/pango/verilog/simulation/GTP_DRM9K.v D:/Apps/1_LearningApps/PDS_SP_2022.2/arch/vendor/pango/verilog/simulation/GTP_GRS.v -f ./ipsxe_fft_onboard_top_filelist.f -l vlog.log 
-- Compiling module GTP_APM_E1
-- Compiling module GTP_DRM18K_E1
-- Compiling module GTP_DRM18K
-- Compiling module GTP_DRM9K
-- Compiling module GTP_GRS
-- Compiling module ipsxe_fft_onboard_top
-- Compiling module ipsxe_fft_frame_gen
-- Compiling module ipsxe_fft_frame_chk
-- Compiling module ipsxe_fft_sync_arstn
-- Compiling module ipsxe_fft_exp_rom
-- Compiling module ipsxe_fft_onboard_top_tb
-- Compiling module fft_demo_00
-- Compiling module ipsxe_fft_drm_sdpram_18k
-- Compiling module ipsxe_fft_drm_sdpram_36k
-- Compiling module ipml_sdpram_v1_7_drm
-- Compiling package drm_init_param_v_unit
-- Compiling module ipsxe_fft_distram_sreg
-- Compiling module ipsxe_fft_distributed_shiftregister_v1_3
-- Compiling module ipsxe_fft_distributed_sdpram_v1_2
-- Compiling module ipsxe_fft_distram_sdpram
** Warning: ../../sim_lib/modelsim/ipsxe_fft_core_v1_1_simvpAll.vp(257): (vlog-2600) <protected>
** Warning: ../../sim_lib/modelsim/ipsxe_fft_core_v1_1_simvpAll.vp(401): (vlog-2600) <protected>

Top level modules:
	GTP_DRM18K_E1
	GTP_DRM9K
	ipsxe_fft_onboard_top_tb
End time: 21:12:56 on Nov 02,2024, Elapsed time: 0:00:05
Errors: 0, Warnings: 2
