#Build: Fabric Compiler 2022.1, Build 99559, Jul 12 00:20 2022
#Install: D:\Apps\1_LearningApps\PDS_2022.1\bin
#Application name: pds_shell.exe
#OS: Windows 10 10.0.22621
#Hostname: WIN-N8QUUCFJHSN
Generated by Fabric Compiler (version 2022.1 build 99559) at Sat Nov  9 11:49:05 2024
Compiling verification operator library.
Compiling common defs.
Compiling prim grid devices.
Compiling gate devices.
Compiling gate operators.
Building architecture model.
Loading device packaging model.
Building architecture floorplan logic view.
Constraint check start.
Executing : def_port {iic_tx_sda} LOC=P18 VCCIO=3.3 IOSTANDARD=LVCMOS33 DRIVE=8 SLEW=SLOW NONE=TRUE
Executing : def_port {iic_tx_sda} LOC=P18 VCCIO=3.3 IOSTANDARD=LVCMOS33 DRIVE=8 SLEW=SLOW NONE=TRUE successfully
Executing : def_port {ad_clk} LOC=Y10 VCCIO=3.3 IOSTANDARD=LVCMOS33 DRIVE=8 SLEW=SLOW NONE=TRUE
Executing : def_port {ad_clk} LOC=Y10 VCCIO=3.3 IOSTANDARD=LVCMOS33 DRIVE=8 SLEW=SLOW NONE=TRUE successfully
Executing : def_port {da_clk} LOC=W10 VCCIO=3.3 IOSTANDARD=LVCMOS33 DRIVE=8 SLEW=SLOW NONE=TRUE
Executing : def_port {da_clk} LOC=W10 VCCIO=3.3 IOSTANDARD=LVCMOS33 DRIVE=8 SLEW=SLOW NONE=TRUE successfully
Executing : def_port {da_data_out[0]} LOC=AA10 VCCIO=3.3 IOSTANDARD=LVCMOS33 DRIVE=8 SLEW=SLOW NONE=TRUE
Executing : def_port {da_data_out[0]} LOC=AA10 VCCIO=3.3 IOSTANDARD=LVCMOS33 DRIVE=8 SLEW=SLOW NONE=TRUE successfully
Executing : def_port {da_data_out[1]} LOC=AB10 VCCIO=3.3 IOSTANDARD=LVCMOS33 DRIVE=8 SLEW=SLOW NONE=TRUE
Executing : def_port {da_data_out[1]} LOC=AB10 VCCIO=3.3 IOSTANDARD=LVCMOS33 DRIVE=8 SLEW=SLOW NONE=TRUE successfully
Executing : def_port {da_data_out[2]} LOC=V11 VCCIO=3.3 IOSTANDARD=LVCMOS33 DRIVE=8 SLEW=SLOW NONE=TRUE
Executing : def_port {da_data_out[2]} LOC=V11 VCCIO=3.3 IOSTANDARD=LVCMOS33 DRIVE=8 SLEW=SLOW NONE=TRUE successfully
Executing : def_port {da_data_out[3]} LOC=W11 VCCIO=3.3 IOSTANDARD=LVCMOS33 DRIVE=8 SLEW=SLOW NONE=TRUE
Executing : def_port {da_data_out[3]} LOC=W11 VCCIO=3.3 IOSTANDARD=LVCMOS33 DRIVE=8 SLEW=SLOW NONE=TRUE successfully
Executing : def_port {da_data_out[4]} LOC=Y11 VCCIO=3.3 IOSTANDARD=LVCMOS33 DRIVE=8 SLEW=SLOW NONE=TRUE
Executing : def_port {da_data_out[4]} LOC=Y11 VCCIO=3.3 IOSTANDARD=LVCMOS33 DRIVE=8 SLEW=SLOW NONE=TRUE successfully
Executing : def_port {da_data_out[5]} LOC=AB11 VCCIO=3.3 IOSTANDARD=LVCMOS33 DRIVE=8 SLEW=SLOW NONE=TRUE
Executing : def_port {da_data_out[5]} LOC=AB11 VCCIO=3.3 IOSTANDARD=LVCMOS33 DRIVE=8 SLEW=SLOW NONE=TRUE successfully
Executing : def_port {da_data_out[6]} LOC=Y13 VCCIO=3.3 IOSTANDARD=LVCMOS33 DRIVE=8 SLEW=SLOW NONE=TRUE
C: ConstraintEditor-2002: [D:/01_Learning_projects/PDS_projects/SINGAL/HDMI/device_map/ad_da_hdmi_top.pcf(line number: 12)] | Port da_data_out[6] has been placed at location Y13, whose type is share pin.
Executing : def_port {da_data_out[6]} LOC=Y13 VCCIO=3.3 IOSTANDARD=LVCMOS33 DRIVE=8 SLEW=SLOW NONE=TRUE successfully
Executing : def_port {da_data_out[7]} LOC=AB13 VCCIO=3.3 IOSTANDARD=LVCMOS33 DRIVE=8 SLEW=SLOW NONE=TRUE
C: ConstraintEditor-2002: [D:/01_Learning_projects/PDS_projects/SINGAL/HDMI/device_map/ad_da_hdmi_top.pcf(line number: 13)] | Port da_data_out[7] has been placed at location AB13, whose type is share pin.
Executing : def_port {da_data_out[7]} LOC=AB13 VCCIO=3.3 IOSTANDARD=LVCMOS33 DRIVE=8 SLEW=SLOW NONE=TRUE successfully
Executing : def_port {iic_tx_scl} LOC=P17 VCCIO=3.3 IOSTANDARD=LVCMOS33 DRIVE=8 SLEW=SLOW NONE=TRUE
Executing : def_port {iic_tx_scl} LOC=P17 VCCIO=3.3 IOSTANDARD=LVCMOS33 DRIVE=8 SLEW=SLOW NONE=TRUE successfully
Executing : def_port {led_int} LOC=B2 VCCIO=3.3 IOSTANDARD=LVCMOS33 DRIVE=8 SLEW=SLOW NONE=TRUE
Executing : def_port {led_int} LOC=B2 VCCIO=3.3 IOSTANDARD=LVCMOS33 DRIVE=8 SLEW=SLOW NONE=TRUE successfully
Executing : def_port {rstn_out} LOC=R17 VCCIO=3.3 IOSTANDARD=LVCMOS33 DRIVE=8 SLEW=SLOW NONE=TRUE
Executing : def_port {rstn_out} LOC=R17 VCCIO=3.3 IOSTANDARD=LVCMOS33 DRIVE=8 SLEW=SLOW NONE=TRUE successfully
Executing : def_port {vout_clk} LOC=M22 VCCIO=3.3 IOSTANDARD=LVCMOS33 DRIVE=8 SLEW=SLOW NONE=TRUE
C: ConstraintEditor-2002: [D:/01_Learning_projects/PDS_projects/SINGAL/HDMI/device_map/ad_da_hdmi_top.pcf(line number: 17)] | Port vout_clk has been placed at location M22, whose type is share pin.
Executing : def_port {vout_clk} LOC=M22 VCCIO=3.3 IOSTANDARD=LVCMOS33 DRIVE=8 SLEW=SLOW NONE=TRUE successfully
Executing : def_port {vout_data[0]} LOC=V21 VCCIO=3.3 IOSTANDARD=LVCMOS33 DRIVE=8 SLEW=SLOW NONE=TRUE
Executing : def_port {vout_data[0]} LOC=V21 VCCIO=3.3 IOSTANDARD=LVCMOS33 DRIVE=8 SLEW=SLOW NONE=TRUE successfully
Executing : def_port {vout_data[1]} LOC=V22 VCCIO=3.3 IOSTANDARD=LVCMOS33 DRIVE=8 SLEW=SLOW NONE=TRUE
Executing : def_port {vout_data[1]} LOC=V22 VCCIO=3.3 IOSTANDARD=LVCMOS33 DRIVE=8 SLEW=SLOW NONE=TRUE successfully
Executing : def_port {vout_data[2]} LOC=T21 VCCIO=3.3 IOSTANDARD=LVCMOS33 DRIVE=8 SLEW=SLOW NONE=TRUE
C: ConstraintEditor-2002: [D:/01_Learning_projects/PDS_projects/SINGAL/HDMI/device_map/ad_da_hdmi_top.pcf(line number: 20)] | Port vout_data[2] has been placed at location T21, whose type is share pin.
Executing : def_port {vout_data[2]} LOC=T21 VCCIO=3.3 IOSTANDARD=LVCMOS33 DRIVE=8 SLEW=SLOW NONE=TRUE successfully
Executing : def_port {vout_data[3]} LOC=T22 VCCIO=3.3 IOSTANDARD=LVCMOS33 DRIVE=8 SLEW=SLOW NONE=TRUE
Executing : def_port {vout_data[3]} LOC=T22 VCCIO=3.3 IOSTANDARD=LVCMOS33 DRIVE=8 SLEW=SLOW NONE=TRUE successfully
Executing : def_port {vout_data[4]} LOC=R20 VCCIO=3.3 IOSTANDARD=LVCMOS33 DRIVE=8 SLEW=SLOW NONE=TRUE
C: ConstraintEditor-2002: [D:/01_Learning_projects/PDS_projects/SINGAL/HDMI/device_map/ad_da_hdmi_top.pcf(line number: 22)] | Port vout_data[4] has been placed at location R20, whose type is share pin.
Executing : def_port {vout_data[4]} LOC=R20 VCCIO=3.3 IOSTANDARD=LVCMOS33 DRIVE=8 SLEW=SLOW NONE=TRUE successfully
Executing : def_port {vout_data[5]} LOC=R22 VCCIO=3.3 IOSTANDARD=LVCMOS33 DRIVE=8 SLEW=SLOW NONE=TRUE
C: ConstraintEditor-2002: [D:/01_Learning_projects/PDS_projects/SINGAL/HDMI/device_map/ad_da_hdmi_top.pcf(line number: 23)] | Port vout_data[5] has been placed at location R22, whose type is share pin.
Executing : def_port {vout_data[5]} LOC=R22 VCCIO=3.3 IOSTANDARD=LVCMOS33 DRIVE=8 SLEW=SLOW NONE=TRUE successfully
Executing : def_port {vout_data[6]} LOC=R19 VCCIO=3.3 IOSTANDARD=LVCMOS33 DRIVE=8 SLEW=SLOW NONE=TRUE
Executing : def_port {vout_data[6]} LOC=R19 VCCIO=3.3 IOSTANDARD=LVCMOS33 DRIVE=8 SLEW=SLOW NONE=TRUE successfully
Executing : def_port {vout_data[7]} LOC=P19 VCCIO=3.3 IOSTANDARD=LVCMOS33 DRIVE=8 SLEW=SLOW NONE=TRUE
Executing : def_port {vout_data[7]} LOC=P19 VCCIO=3.3 IOSTANDARD=LVCMOS33 DRIVE=8 SLEW=SLOW NONE=TRUE successfully
Executing : def_port {vout_data[8]} LOC=M21 VCCIO=3.3 IOSTANDARD=LVCMOS33 DRIVE=8 SLEW=SLOW NONE=TRUE
C: ConstraintEditor-2002: [D:/01_Learning_projects/PDS_projects/SINGAL/HDMI/device_map/ad_da_hdmi_top.pcf(line number: 26)] | Port vout_data[8] has been placed at location M21, whose type is share pin.
Executing : def_port {vout_data[8]} LOC=M21 VCCIO=3.3 IOSTANDARD=LVCMOS33 DRIVE=8 SLEW=SLOW NONE=TRUE successfully
Executing : def_port {vout_data[9]} LOC=M17 VCCIO=3.3 IOSTANDARD=LVCMOS33 DRIVE=8 SLEW=SLOW NONE=TRUE
Executing : def_port {vout_data[9]} LOC=M17 VCCIO=3.3 IOSTANDARD=LVCMOS33 DRIVE=8 SLEW=SLOW NONE=TRUE successfully
Executing : def_port {vout_data[10]} LOC=M18 VCCIO=3.3 IOSTANDARD=LVCMOS33 DRIVE=8 SLEW=SLOW NONE=TRUE
Executing : def_port {vout_data[10]} LOC=M18 VCCIO=3.3 IOSTANDARD=LVCMOS33 DRIVE=8 SLEW=SLOW NONE=TRUE successfully
Executing : def_port {vout_data[11]} LOC=M16 VCCIO=3.3 IOSTANDARD=LVCMOS33 DRIVE=8 SLEW=SLOW NONE=TRUE
Executing : def_port {vout_data[11]} LOC=M16 VCCIO=3.3 IOSTANDARD=LVCMOS33 DRIVE=8 SLEW=SLOW NONE=TRUE successfully
Executing : def_port {vout_data[12]} LOC=N15 VCCIO=3.3 IOSTANDARD=LVCMOS33 DRIVE=8 SLEW=SLOW NONE=TRUE
Executing : def_port {vout_data[12]} LOC=N15 VCCIO=3.3 IOSTANDARD=LVCMOS33 DRIVE=8 SLEW=SLOW NONE=TRUE successfully
Executing : def_port {vout_data[13]} LOC=L19 VCCIO=3.3 IOSTANDARD=LVCMOS33 DRIVE=8 SLEW=SLOW NONE=TRUE
C: ConstraintEditor-2002: [D:/01_Learning_projects/PDS_projects/SINGAL/HDMI/device_map/ad_da_hdmi_top.pcf(line number: 31)] | Port vout_data[13] has been placed at location L19, whose type is share pin.
Executing : def_port {vout_data[13]} LOC=L19 VCCIO=3.3 IOSTANDARD=LVCMOS33 DRIVE=8 SLEW=SLOW NONE=TRUE successfully
Executing : def_port {vout_data[14]} LOC=K20 VCCIO=3.3 IOSTANDARD=LVCMOS33 DRIVE=8 SLEW=SLOW NONE=TRUE
C: ConstraintEditor-2002: [D:/01_Learning_projects/PDS_projects/SINGAL/HDMI/device_map/ad_da_hdmi_top.pcf(line number: 32)] | Port vout_data[14] has been placed at location K20, whose type is share pin.
Executing : def_port {vout_data[14]} LOC=K20 VCCIO=3.3 IOSTANDARD=LVCMOS33 DRIVE=8 SLEW=SLOW NONE=TRUE successfully
Executing : def_port {vout_data[15]} LOC=L17 VCCIO=3.3 IOSTANDARD=LVCMOS33 DRIVE=8 SLEW=SLOW NONE=TRUE
C: ConstraintEditor-2002: [D:/01_Learning_projects/PDS_projects/SINGAL/HDMI/device_map/ad_da_hdmi_top.pcf(line number: 33)] | Port vout_data[15] has been placed at location L17, whose type is share pin.
Executing : def_port {vout_data[15]} LOC=L17 VCCIO=3.3 IOSTANDARD=LVCMOS33 DRIVE=8 SLEW=SLOW NONE=TRUE successfully
Executing : def_port {vout_data[16]} LOC=K17 VCCIO=3.3 IOSTANDARD=LVCMOS33 DRIVE=8 SLEW=SLOW NONE=TRUE
C: ConstraintEditor-2002: [D:/01_Learning_projects/PDS_projects/SINGAL/HDMI/device_map/ad_da_hdmi_top.pcf(line number: 34)] | Port vout_data[16] has been placed at location K17, whose type is share pin.
Executing : def_port {vout_data[16]} LOC=K17 VCCIO=3.3 IOSTANDARD=LVCMOS33 DRIVE=8 SLEW=SLOW NONE=TRUE successfully
Executing : def_port {vout_data[17]} LOC=N19 VCCIO=3.3 IOSTANDARD=LVCMOS33 DRIVE=8 SLEW=SLOW NONE=TRUE
Executing : def_port {vout_data[17]} LOC=N19 VCCIO=3.3 IOSTANDARD=LVCMOS33 DRIVE=8 SLEW=SLOW NONE=TRUE successfully
Executing : def_port {vout_data[18]} LOC=J22 VCCIO=3.3 IOSTANDARD=LVCMOS33 DRIVE=8 SLEW=SLOW NONE=TRUE
Executing : def_port {vout_data[18]} LOC=J22 VCCIO=3.3 IOSTANDARD=LVCMOS33 DRIVE=8 SLEW=SLOW NONE=TRUE successfully
Executing : def_port {vout_data[19]} LOC=J20 VCCIO=3.3 IOSTANDARD=LVCMOS33 DRIVE=8 SLEW=SLOW NONE=TRUE
Executing : def_port {vout_data[19]} LOC=J20 VCCIO=3.3 IOSTANDARD=LVCMOS33 DRIVE=8 SLEW=SLOW NONE=TRUE successfully
Executing : def_port {vout_data[20]} LOC=K22 VCCIO=3.3 IOSTANDARD=LVCMOS33 DRIVE=8 SLEW=SLOW NONE=TRUE
Executing : def_port {vout_data[20]} LOC=K22 VCCIO=3.3 IOSTANDARD=LVCMOS33 DRIVE=8 SLEW=SLOW NONE=TRUE successfully
Executing : def_port {vout_data[21]} LOC=H21 VCCIO=3.3 IOSTANDARD=LVCMOS33 DRIVE=8 SLEW=SLOW NONE=TRUE
C: ConstraintEditor-2002: [D:/01_Learning_projects/PDS_projects/SINGAL/HDMI/device_map/ad_da_hdmi_top.pcf(line number: 39)] | Port vout_data[21] has been placed at location H21, whose type is share pin.
Executing : def_port {vout_data[21]} LOC=H21 VCCIO=3.3 IOSTANDARD=LVCMOS33 DRIVE=8 SLEW=SLOW NONE=TRUE successfully
Executing : def_port {vout_data[22]} LOC=H22 VCCIO=3.3 IOSTANDARD=LVCMOS33 DRIVE=8 SLEW=SLOW NONE=TRUE
C: ConstraintEditor-2002: [D:/01_Learning_projects/PDS_projects/SINGAL/HDMI/device_map/ad_da_hdmi_top.pcf(line number: 40)] | Port vout_data[22] has been placed at location H22, whose type is share pin.
Executing : def_port {vout_data[22]} LOC=H22 VCCIO=3.3 IOSTANDARD=LVCMOS33 DRIVE=8 SLEW=SLOW NONE=TRUE successfully
Executing : def_port {vout_data[23]} LOC=H19 VCCIO=3.3 IOSTANDARD=LVCMOS33 DRIVE=8 SLEW=SLOW NONE=TRUE
C: ConstraintEditor-2002: [D:/01_Learning_projects/PDS_projects/SINGAL/HDMI/device_map/ad_da_hdmi_top.pcf(line number: 41)] | Port vout_data[23] has been placed at location H19, whose type is share pin.
Executing : def_port {vout_data[23]} LOC=H19 VCCIO=3.3 IOSTANDARD=LVCMOS33 DRIVE=8 SLEW=SLOW NONE=TRUE successfully
Executing : def_port {vout_de} LOC=Y22 VCCIO=3.3 IOSTANDARD=LVCMOS33 DRIVE=8 SLEW=SLOW NONE=TRUE
Executing : def_port {vout_de} LOC=Y22 VCCIO=3.3 IOSTANDARD=LVCMOS33 DRIVE=8 SLEW=SLOW NONE=TRUE successfully
Executing : def_port {vout_hs} LOC=Y21 VCCIO=3.3 IOSTANDARD=LVCMOS33 DRIVE=8 SLEW=SLOW NONE=TRUE
Executing : def_port {vout_hs} LOC=Y21 VCCIO=3.3 IOSTANDARD=LVCMOS33 DRIVE=8 SLEW=SLOW NONE=TRUE successfully
Executing : def_port {vout_vs} LOC=W20 VCCIO=3.3 IOSTANDARD=LVCMOS33 DRIVE=8 SLEW=SLOW NONE=TRUE
Executing : def_port {vout_vs} LOC=W20 VCCIO=3.3 IOSTANDARD=LVCMOS33 DRIVE=8 SLEW=SLOW NONE=TRUE successfully
Executing : def_port {ad_data_in[0]} LOC=T11 VCCIO=3.3 IOSTANDARD=LVCMOS33 NONE=TRUE
Executing : def_port {ad_data_in[0]} LOC=T11 VCCIO=3.3 IOSTANDARD=LVCMOS33 NONE=TRUE successfully
Executing : def_port {ad_data_in[1]} LOC=R11 VCCIO=3.3 IOSTANDARD=LVCMOS33 NONE=TRUE
Executing : def_port {ad_data_in[1]} LOC=R11 VCCIO=3.3 IOSTANDARD=LVCMOS33 NONE=TRUE successfully
Executing : def_port {ad_data_in[2]} LOC=Y12 VCCIO=3.3 IOSTANDARD=LVCMOS33 NONE=TRUE
Executing : def_port {ad_data_in[2]} LOC=Y12 VCCIO=3.3 IOSTANDARD=LVCMOS33 NONE=TRUE successfully
Executing : def_port {ad_data_in[3]} LOC=W12 VCCIO=3.3 IOSTANDARD=LVCMOS33 NONE=TRUE
Executing : def_port {ad_data_in[3]} LOC=W12 VCCIO=3.3 IOSTANDARD=LVCMOS33 NONE=TRUE successfully
Executing : def_port {ad_data_in[4]} LOC=U12 VCCIO=3.3 IOSTANDARD=LVCMOS33 NONE=TRUE
Executing : def_port {ad_data_in[4]} LOC=U12 VCCIO=3.3 IOSTANDARD=LVCMOS33 NONE=TRUE successfully
Executing : def_port {ad_data_in[5]} LOC=T12 VCCIO=3.3 IOSTANDARD=LVCMOS33 NONE=TRUE
Executing : def_port {ad_data_in[5]} LOC=T12 VCCIO=3.3 IOSTANDARD=LVCMOS33 NONE=TRUE successfully
Executing : def_port {ad_data_in[6]} LOC=U10 VCCIO=3.3 IOSTANDARD=LVCMOS33 NONE=TRUE
Executing : def_port {ad_data_in[6]} LOC=U10 VCCIO=3.3 IOSTANDARD=LVCMOS33 NONE=TRUE successfully
Executing : def_port {ad_data_in[7]} LOC=T10 VCCIO=3.3 IOSTANDARD=LVCMOS33 NONE=TRUE
Executing : def_port {ad_data_in[7]} LOC=T10 VCCIO=3.3 IOSTANDARD=LVCMOS33 NONE=TRUE successfully
Executing : def_port {clk_50M} LOC=P20 VCCIO=3.3 IOSTANDARD=LVCMOS33 NONE=TRUE
Executing : def_port {clk_50M} LOC=P20 VCCIO=3.3 IOSTANDARD=LVCMOS33 NONE=TRUE successfully
Executing : def_port {key_1} LOC=L15 VCCIO=3.3 IOSTANDARD=LVCMOS33 NONE=TRUE
Executing : def_port {key_1} LOC=L15 VCCIO=3.3 IOSTANDARD=LVCMOS33 NONE=TRUE successfully
Executing : def_port {key_2} LOC=J17 VCCIO=3.3 IOSTANDARD=LVCMOS33 NONE=TRUE
Executing : def_port {key_2} LOC=J17 VCCIO=3.3 IOSTANDARD=LVCMOS33 NONE=TRUE successfully
Executing : def_port {key_3_adda} LOC=J16 VCCIO=3.3 IOSTANDARD=LVCMOS33 NONE=TRUE
Executing : def_port {key_3_adda} LOC=J16 VCCIO=3.3 IOSTANDARD=LVCMOS33 NONE=TRUE successfully
Executing : def_port {key_ad_clk} LOC=J19 VCCIO=3.3 IOSTANDARD=LVCMOS33 NONE=TRUE
C: ConstraintEditor-2002: [D:/01_Learning_projects/PDS_projects/SINGAL/HDMI/device_map/ad_da_hdmi_top.pcf(line number: 57)] | Port key_ad_clk has been placed at location J19, whose type is share pin.
Executing : def_port {key_ad_clk} LOC=J19 VCCIO=3.3 IOSTANDARD=LVCMOS33 NONE=TRUE successfully
Executing : def_port {key_fft_clk} LOC=H17 VCCIO=3.3 IOSTANDARD=LVCMOS33 NONE=TRUE
Executing : def_port {key_fft_clk} LOC=H17 VCCIO=3.3 IOSTANDARD=LVCMOS33 NONE=TRUE successfully
Executing : def_port {key_fft_in} LOC=K16 VCCIO=3.3 IOSTANDARD=LVCMOS33 NONE=TRUE
Executing : def_port {key_fft_in} LOC=K16 VCCIO=3.3 IOSTANDARD=LVCMOS33 NONE=TRUE successfully
Executing : def_port {key_hor} LOC=H20 VCCIO=3.3 IOSTANDARD=LVCMOS33 NONE=TRUE
C: ConstraintEditor-2002: [D:/01_Learning_projects/PDS_projects/SINGAL/HDMI/device_map/ad_da_hdmi_top.pcf(line number: 60)] | Port key_hor has been placed at location H20, whose type is share pin.
Executing : def_port {key_hor} LOC=H20 VCCIO=3.3 IOSTANDARD=LVCMOS33 NONE=TRUE successfully
Executing : def_port {rst_n} LOC=K18 VCCIO=3.3 IOSTANDARD=LVCMOS33 NONE=TRUE
C: ConstraintEditor-2002: [D:/01_Learning_projects/PDS_projects/SINGAL/HDMI/device_map/ad_da_hdmi_top.pcf(line number: 61)] | Port rst_n has been placed at location K18, whose type is share pin.
Executing : def_port {rst_n} LOC=K18 VCCIO=3.3 IOSTANDARD=LVCMOS33 NONE=TRUE successfully
Constraint check end.
I: Column Clock Check open.
Read Column Clock Map.

Placement started.
Phase 1 Pre global placement started.
I: Infer CARRY group, base inst: u_rom_squ/U_ipml_rom_rom_square_wave/U_ipml_spram_rom_square_wave/ADDR_LOOP[0].DATA_LOOP[0].U_GTP_DRM9K/iGopDrm_inv, insts:2.
I: Infer CARRY group, base inst: wav_display_1/u_fft_256/u_fft_wrapper/use_radix2_burst.u_radix2_burst_core/r2_dit_bf/u_r2_dit_mult_by_twiddle/u_twiddle_gen/u_sin_rom/use_drm.u_sin_drm_rom/sin_rom_used_2/iGopDrm, insts:2.
Mapping instance u_CORES/u_GTP_SCANCHAIN_PG/scanchain to SCANCHAIN_325_0.
Mapping instance hdmi_color/u_pll/u_pll_e3/goppll to PLL_158_55.
Mapping instance the_instance_name/u_pll_e3/goppll to PLL_158_75.
Mapping instance u_pll/u_pll_e3/goppll to PLL_158_179.
Mapping instance u_pll_adda/u_pll_e3/goppll to PLL_158_199.
Mapping instance u_pll_fft_256/u_pll_e3/goppll to PLL_158_303.
Phase 1.1 1st GP placement started.
Design Utilization : 10%.
Wirelength after clock region global placement is 44212.
1st GP placement takes 6.27 sec.

Phase 1.2 Clock placement started.
Mapping instance clkbufg_3/gopclkbufg to USCM_84_108.
Mapping instance clkbufg_4/gopclkbufg to USCM_84_109.
Mapping instance clkbufg_6/gopclkbufg to USCM_84_110.
Mapping instance clkbufg_7/gopclkbufg to USCM_84_111.
Mapping instance clkbufg_8/gopclkbufg to USCM_84_112.
Mapping instance clkbufg_9/gopclkbufg to USCM_84_113.
Mapping instance clkbufg_11/gopclkbufg to USCM_84_114.
C: Place-2028: GLOBAL_CLOCK: the driver u_CORES/u_GTP_SCANCHAIN_PG/scanchain fixed at SCANCHAIN_325_0 is unreasonable. Sub-optimal placement for a clock source and a clock buffer.
Mapping instance clkbufg_5/gopclkbufg to USCM_84_115.
C: Place-2028: GLOBAL_CLOCK: the driver u_CORES/u_GTP_SCANCHAIN_PG/scanchain fixed at SCANCHAIN_325_0 is unreasonable. Sub-optimal placement for a clock source and a clock buffer.
Mapping instance clkbufg_10/gopclkbufg to USCM_84_116.
Clock placement takes 0.41 sec.

Pre global placement takes 8.03 sec.

Phase 2 Global placement started.
Phase 2.1 Fixed placement started.
Placed fixed group with base inst ad_clk_obuf/opit_1 on IOL_123_5.
Placed fixed group with base inst ad_data_in_ibuf[0]/opit_1 on IOL_187_5.
Placed fixed group with base inst ad_data_in_ibuf[1]/opit_1 on IOL_187_6.
Placed fixed group with base inst ad_data_in_ibuf[2]/opit_1 on IOL_155_5.
Placed fixed group with base inst ad_data_in_ibuf[3]/opit_1 on IOL_155_6.
Placed fixed group with base inst ad_data_in_ibuf[4]/opit_1 on IOL_171_5.
Placed fixed group with base inst ad_data_in_ibuf[5]/opit_1 on IOL_171_6.
Placed fixed group with base inst ad_data_in_ibuf[6]/opit_1 on IOL_115_5.
Placed fixed group with base inst ad_data_in_ibuf[7]/opit_1 on IOL_115_6.
Placed fixed group with base inst clk_50M_ibuf/opit_1 on IOL_327_210.
Placed fixed group with base inst da_clk_1/opit_1 on IOL_123_6.
Placed fixed group with base inst da_data_out[0]/opit_1 on IOL_151_6.
Placed fixed group with base inst da_data_out[1]/opit_1 on IOL_151_5.
Placed fixed group with base inst da_data_out[2]/opit_1 on IOL_135_6.
Placed fixed group with base inst da_data_out[3]/opit_1 on IOL_135_5.
Placed fixed group with base inst da_data_out[4]/opit_1 on IOL_159_6.
Placed fixed group with base inst da_data_out[5]/opit_1 on IOL_159_5.
Placed fixed group with base inst da_data_out[6]/opit_1 on IOL_167_6.
Placed fixed group with base inst da_data_out[7]/opit_1 on IOL_167_5.
Placed fixed group with base inst hdmi_color.ms72xx_ctl.iic_tx_sda_tri/opit_1 on IOL_327_45.
Placed fixed group with base inst iic_tx_scl_obuf/opit_1 on IOL_327_46.
Placed fixed group with base inst key_1_ibuf/opit_1 on IOL_327_134.
Placed fixed group with base inst key_2_ibuf/opit_1 on IOL_327_297.
Placed fixed group with base inst key_3_adda_ibuf/opit_1 on IOL_327_298.
Placed fixed group with base inst key_ad_clk_ibuf/opit_1 on IOL_327_262.
Placed fixed group with base inst key_fft_clk_ibuf/opit_1 on IOL_327_365.
Placed fixed group with base inst key_fft_in_ibuf/opit_1 on IOL_327_133.
Placed fixed group with base inst key_hor_ibuf/opit_1 on IOL_327_261.
Placed fixed group with base inst led_int_obuf/opit_1 on IOL_19_374.
Placed fixed group with base inst rst_n_ibuf/opit_1 on IOL_327_257.
Placed fixed group with base inst rstn_out_obuf/opit_1 on IOL_327_42.
Placed fixed group with base inst vout_clk_obuf/opit_1 on IOL_327_201.
Placed fixed group with base inst vout_data_obuf[0]/opit_1 on IOL_327_150.
Placed fixed group with base inst vout_data_obuf[1]/opit_1 on IOL_327_149.
Placed fixed group with base inst vout_data_obuf[2]/opit_1 on IOL_327_166.
Placed fixed group with base inst vout_data_obuf[3]/opit_1 on IOL_327_165.
Placed fixed group with base inst vout_data_obuf[4]/opit_1 on IOL_327_170.
Placed fixed group with base inst vout_data_obuf[5]/opit_1 on IOL_327_169.
Placed fixed group with base inst vout_data_obuf[6]/opit_1 on IOL_327_137.
Placed fixed group with base inst vout_data_obuf[7]/opit_1 on IOL_327_138.
Placed fixed group with base inst vout_data_obuf[8]/opit_1 on IOL_327_202.
Placed fixed group with base inst vout_data_obuf[9]/opit_1 on IOL_327_110.
Placed fixed group with base inst vout_data_obuf[10]/opit_1 on IOL_327_109.
Placed fixed group with base inst vout_data_obuf[11]/opit_1 on IOL_327_122.
Placed fixed group with base inst vout_data_obuf[12]/opit_1 on IOL_327_121.
Placed fixed group with base inst vout_data_obuf[13]/opit_1 on IOL_327_233.
Placed fixed group with base inst vout_data_obuf[14]/opit_1 on IOL_327_234.
Placed fixed group with base inst vout_data_obuf[15]/opit_1 on IOL_327_241.
Placed fixed group with base inst vout_data_obuf[16]/opit_1 on IOL_327_242.
Placed fixed group with base inst vout_data_obuf[17]/opit_1 on IOL_327_209.
Placed fixed group with base inst vout_data_obuf[18]/opit_1 on IOL_327_229.
Placed fixed group with base inst vout_data_obuf[19]/opit_1 on IOL_327_230.
Placed fixed group with base inst vout_data_obuf[20]/opit_1 on IOL_327_213.
Placed fixed group with base inst vout_data_obuf[21]/opit_1 on IOL_327_238.
Placed fixed group with base inst vout_data_obuf[22]/opit_1 on IOL_327_237.
Placed fixed group with base inst vout_data_obuf[23]/opit_1 on IOL_327_273.
Placed fixed group with base inst vout_de_obuf/opit_1 on IOL_327_141.
Placed fixed group with base inst vout_hs_obuf/opit_1 on IOL_327_142.
Placed fixed group with base inst vout_vs_obuf/opit_1 on IOL_327_146.
Placed fixed instance clkbufg_3/gopclkbufg on USCM_84_108.
Placed fixed instance clkbufg_4/gopclkbufg on USCM_84_109.
Placed fixed instance clkbufg_5/gopclkbufg on USCM_84_115.
Placed fixed instance clkbufg_6/gopclkbufg on USCM_84_110.
Placed fixed instance clkbufg_7/gopclkbufg on USCM_84_111.
Placed fixed instance clkbufg_8/gopclkbufg on USCM_84_112.
Placed fixed instance clkbufg_9/gopclkbufg on USCM_84_113.
Placed fixed instance clkbufg_10/gopclkbufg on USCM_84_116.
Placed fixed instance clkbufg_11/gopclkbufg on USCM_84_114.
Placed fixed instance hdmi_color/u_pll/u_pll_e3/goppll on PLL_158_55.
Placed fixed instance the_instance_name/u_pll_e3/goppll on PLL_158_75.
Placed fixed instance u_CORES/u_GTP_SCANCHAIN_PG/scanchain on SCANCHAIN_325_0.
Placed fixed instance u_pll/u_pll_e3/goppll on PLL_158_179.
Placed fixed instance u_pll_adda/u_pll_e3/goppll on PLL_158_199.
Placed fixed instance u_pll_fft_256/u_pll_e3/goppll on PLL_158_303.
Placed fixed instance BKCL_auto_0 on BKCL_188_376.
Placed fixed instance BKCL_auto_1 on BKCL_328_184.
Placed fixed instance BKCL_auto_2 on BKCL_192_0.
Fixed placement takes 0.00 sec.

Phase 2.2 Process placement started.
Process placement takes 0.00 sec.

Phase 2.3 IO placement started.
IO placement takes 0.05 sec.

Phase 2.4 2nd GP placement started.
Run super clustering :
	Initial slack -8493.
	6 iterations finished.
	Final slack -5741.
Super clustering done.
Design Utilization : 10%.
2nd GP placement takes 5.45 sec.

Wirelength after global placement is 40775.
Global placement takes 5.50 sec.

Phase 3 Post global placement started.
Phase 3.1 Macro cell placement started.
Wirelength after macro cell placement is 47666.
Macro cell placement takes 0.02 sec.

Phase 3.2 3rd GP placement started.
Run super clustering :
	Initial slack -8493.
	6 iterations finished.
	Final slack -5741.
Super clustering done.
Design Utilization : 10%.
3rd GP placement takes 5.11 sec.

Wirelength after post global placement is 42129.
Post global placement takes 5.14 sec.

Phase 4 Legalization started.
The average distance in LP is 1.652129.
Wirelength after legalization is 50930.
Legalization takes 0.17 sec.

Phase 5 Timing-driven detailed placement started.
Phase 5.1 Replication placement started.
Worst slack before Replication Place is -5058.
Replication placement takes 0.56 sec.

Wirelength after replication placement is 50930.
Phase 5.2 DP placement started.
Legalized cost -5058.000000.
The detailed placement ends at 14th iteration.
DP placement takes 3.55 sec.

Wirelength after detailed placement is 51275.
Timing-driven detailed placement takes 4.12 sec.

Worst slack is -5247, TNS after placement is -1257812.
Placement done.
Total placement takes 24.55 sec.
Finished placement. (CPU time elapsed 0h:00m:24s)

Routing started.
Building routing graph takes 1.61 sec.
Worst slack is -5247, TNS before global route is -1257812.
Processing design graph takes 0.36 sec.
Total memory for routing:
	119.886847 M.
Total nets for routing : 7821.
Rcf routing step 1 processed 0 nets, it takes 0.00 sec.
Rcf routing step 2 processed 0 nets, it takes 0.00 sec.
Rcf routing step 3 processed 0 nets, it takes 0.00 sec.
Unrouted nets 0 at the end of iteration 0.
Global Routing step 1 processed 37 nets, it takes 0.00 sec.
Unrouted nets 105 at the end of iteration 0.
Unrouted nets 54 at the end of iteration 1.
Unrouted nets 39 at the end of iteration 2.
Unrouted nets 30 at the end of iteration 3.
Unrouted nets 27 at the end of iteration 4.
Unrouted nets 28 at the end of iteration 5.
Unrouted nets 27 at the end of iteration 6.
Unrouted nets 23 at the end of iteration 7.
Unrouted nets 19 at the end of iteration 8.
Unrouted nets 22 at the end of iteration 9.
Unrouted nets 18 at the end of iteration 10.
Unrouted nets 15 at the end of iteration 11.
Unrouted nets 12 at the end of iteration 12.
Unrouted nets 13 at the end of iteration 13.
Unrouted nets 15 at the end of iteration 14.
Unrouted nets 16 at the end of iteration 15.
Unrouted nets 15 at the end of iteration 16.
Unrouted nets 12 at the end of iteration 17.
Unrouted nets 11 at the end of iteration 18.
Unrouted nets 7 at the end of iteration 19.
Unrouted nets 11 at the end of iteration 20.
Unrouted nets 9 at the end of iteration 21.
Unrouted nets 8 at the end of iteration 22.
Unrouted nets 9 at the end of iteration 23.
Unrouted nets 7 at the end of iteration 24.
Unrouted nets 7 at the end of iteration 25.
Unrouted nets 8 at the end of iteration 26.
Unrouted nets 7 at the end of iteration 27.
Unrouted nets 9 at the end of iteration 28.
Unrouted nets 8 at the end of iteration 29.
Unrouted nets 9 at the end of iteration 30.
Unrouted nets 5 at the end of iteration 31.
Unrouted nets 5 at the end of iteration 32.
Unrouted nets 5 at the end of iteration 33.
Unrouted nets 5 at the end of iteration 34.
Unrouted nets 5 at the end of iteration 35.
Unrouted nets 5 at the end of iteration 36.
Unrouted nets 6 at the end of iteration 37.
Unrouted nets 5 at the end of iteration 38.
Unrouted nets 5 at the end of iteration 39.
Unrouted nets 5 at the end of iteration 40.
Unrouted nets 5 at the end of iteration 41.
Unrouted nets 5 at the end of iteration 42.
Unrouted nets 5 at the end of iteration 43.
Unrouted nets 5 at the end of iteration 44.
Unrouted nets 5 at the end of iteration 45.
Unrouted nets 5 at the end of iteration 46.
Unrouted nets 5 at the end of iteration 47.
Unrouted nets 4 at the end of iteration 48.
Unrouted nets 3 at the end of iteration 49.
Unrouted nets 3 at the end of iteration 50.
Unrouted nets 3 at the end of iteration 51.
Unrouted nets 3 at the end of iteration 52.
Unrouted nets 3 at the end of iteration 53.
Unrouted nets 3 at the end of iteration 54.
Unrouted nets 3 at the end of iteration 55.
Unrouted nets 3 at the end of iteration 56.
Unrouted nets 3 at the end of iteration 57.
Unrouted nets 3 at the end of iteration 58.
Unrouted nets 2 at the end of iteration 59.
Unrouted nets 2 at the end of iteration 60.
Unrouted nets 2 at the end of iteration 61.
Unrouted nets 2 at the end of iteration 62.
Unrouted nets 2 at the end of iteration 63.
Unrouted nets 2 at the end of iteration 64.
Unrouted nets 3 at the end of iteration 65.
Unrouted nets 2 at the end of iteration 66.
Unrouted nets 2 at the end of iteration 67.
Unrouted nets 2 at the end of iteration 68.
Unrouted nets 2 at the end of iteration 69.
Unrouted nets 2 at the end of iteration 70.
Unrouted nets 2 at the end of iteration 71.
Unrouted nets 2 at the end of iteration 72.
Unrouted nets 2 at the end of iteration 73.
Unrouted nets 2 at the end of iteration 74.
Unrouted nets 2 at the end of iteration 75.
Unrouted nets 1 at the end of iteration 76.
Unrouted nets 1 at the end of iteration 77.
Unrouted nets 1 at the end of iteration 78.
Unrouted nets 1 at the end of iteration 79.
Unrouted nets 1 at the end of iteration 80.
Unrouted nets 1 at the end of iteration 81.
Unrouted nets 1 at the end of iteration 82.
Unrouted nets 0 at the end of iteration 83.
Global Routing step 2 processed 222 nets, it takes 1.75 sec.
Unrouted nets 109 at the end of iteration 0.
Unrouted nets 66 at the end of iteration 1.
Unrouted nets 35 at the end of iteration 2.
Unrouted nets 31 at the end of iteration 3.
Unrouted nets 24 at the end of iteration 4.
Unrouted nets 15 at the end of iteration 5.
Unrouted nets 12 at the end of iteration 6.
Unrouted nets 14 at the end of iteration 7.
Unrouted nets 18 at the end of iteration 8.
Unrouted nets 9 at the end of iteration 9.
Unrouted nets 5 at the end of iteration 10.
Unrouted nets 4 at the end of iteration 11.
Unrouted nets 3 at the end of iteration 12.
Unrouted nets 0 at the end of iteration 13.
Global Routing step 3 processed 247 nets, it takes 2.39 sec.
Global routing takes 4.16 sec.
Total 9801 subnets.
    forward max bucket size 34579 , backward 5481.
        Unrouted nets 5854 at the end of iteration 0.
    route iteration 0, CPU time elapsed 2.187500 sec.
    forward max bucket size 34467 , backward 3340.
        Unrouted nets 4055 at the end of iteration 1.
    route iteration 1, CPU time elapsed 1.578125 sec.
    forward max bucket size 4715 , backward 5203.
        Unrouted nets 2934 at the end of iteration 2.
    route iteration 2, CPU time elapsed 0.656250 sec.
    forward max bucket size 2581 , backward 5085.
        Unrouted nets 2138 at the end of iteration 3.
    route iteration 3, CPU time elapsed 0.671875 sec.
    forward max bucket size 2407 , backward 5111.
        Unrouted nets 1899 at the end of iteration 4.
    route iteration 4, CPU time elapsed 0.328125 sec.
    forward max bucket size 1733 , backward 2015.
        Unrouted nets 1484 at the end of iteration 5.
    route iteration 5, CPU time elapsed 0.187500 sec.
    forward max bucket size 1743 , backward 509.
        Unrouted nets 1058 at the end of iteration 6.
    route iteration 6, CPU time elapsed 0.187500 sec.
    forward max bucket size 1743 , backward 500.
        Unrouted nets 750 at the end of iteration 7.
    route iteration 7, CPU time elapsed 0.156250 sec.
    forward max bucket size 74 , backward 201.
        Unrouted nets 560 at the end of iteration 8.
    route iteration 8, CPU time elapsed 0.125000 sec.
    forward max bucket size 121 , backward 209.
        Unrouted nets 434 at the end of iteration 9.
    route iteration 9, CPU time elapsed 0.078125 sec.
    forward max bucket size 170 , backward 166.
        Unrouted nets 312 at the end of iteration 10.
    route iteration 10, CPU time elapsed 0.062500 sec.
    forward max bucket size 113 , backward 85.
        Unrouted nets 237 at the end of iteration 11.
    route iteration 11, CPU time elapsed 0.062500 sec.
    forward max bucket size 156 , backward 113.
        Unrouted nets 179 at the end of iteration 12.
    route iteration 12, CPU time elapsed 0.062500 sec.
    forward max bucket size 121 , backward 85.
        Unrouted nets 125 at the end of iteration 13.
    route iteration 13, CPU time elapsed 0.031250 sec.
    forward max bucket size 38 , backward 52.
        Unrouted nets 91 at the end of iteration 14.
    route iteration 14, CPU time elapsed 0.046875 sec.
    forward max bucket size 23 , backward 71.
        Unrouted nets 59 at the end of iteration 15.
    route iteration 15, CPU time elapsed 0.062500 sec.
    forward max bucket size 19 , backward 104.
        Unrouted nets 36 at the end of iteration 16.
    route iteration 16, CPU time elapsed 0.000000 sec.
    forward max bucket size 18 , backward 18.
        Unrouted nets 22 at the end of iteration 17.
    route iteration 17, CPU time elapsed 0.031250 sec.
    forward max bucket size 85 , backward 94.
        Unrouted nets 25 at the end of iteration 18.
    route iteration 18, CPU time elapsed 0.031250 sec.
    forward max bucket size 115 , backward 62.
        Unrouted nets 13 at the end of iteration 19.
    route iteration 19, CPU time elapsed 0.015625 sec.
    forward max bucket size 134 , backward 114.
        Unrouted nets 9 at the end of iteration 20.
    route iteration 20, CPU time elapsed 0.015625 sec.
    forward max bucket size 15 , backward 60.
        Unrouted nets 6 at the end of iteration 21.
    route iteration 21, CPU time elapsed 0.062500 sec.
    forward max bucket size 15 , backward 7.
        Unrouted nets 2 at the end of iteration 22.
    route iteration 22, CPU time elapsed 0.031250 sec.
    forward max bucket size 9 , backward 5.
        Unrouted nets 2 at the end of iteration 23.
    route iteration 23, CPU time elapsed 0.000000 sec.
    forward max bucket size 15 , backward 6.
        Unrouted nets 2 at the end of iteration 24.
    route iteration 24, CPU time elapsed 0.015625 sec.
    forward max bucket size 9 , backward 2.
        Unrouted nets 2 at the end of iteration 25.
    route iteration 25, CPU time elapsed 0.015625 sec.
    forward max bucket size 9 , backward 4.
        Unrouted nets 2 at the end of iteration 26.
    route iteration 26, CPU time elapsed 0.031250 sec.
    forward max bucket size 15 , backward 5.
        Unrouted nets 2 at the end of iteration 27.
    route iteration 27, CPU time elapsed 0.031250 sec.
    forward max bucket size 9 , backward 2.
        Unrouted nets 2 at the end of iteration 28.
    route iteration 28, CPU time elapsed 0.031250 sec.
    forward max bucket size 9 , backward 5.
        Unrouted nets 2 at the end of iteration 29.
    route iteration 29, CPU time elapsed 0.000000 sec.
    forward max bucket size 15 , backward 6.
        Unrouted nets 2 at the end of iteration 30.
    route iteration 30, CPU time elapsed 0.031250 sec.
    forward max bucket size 9 , backward 2.
        Unrouted nets 2 at the end of iteration 31.
    route iteration 31, CPU time elapsed 0.015625 sec.
    forward max bucket size 9 , backward 5.
        Unrouted nets 2 at the end of iteration 32.
    route iteration 32, CPU time elapsed 0.031250 sec.
    forward max bucket size 15 , backward 5.
        Unrouted nets 2 at the end of iteration 33.
    route iteration 33, CPU time elapsed 0.000000 sec.
    forward max bucket size 9 , backward 3.
        Unrouted nets 2 at the end of iteration 34.
    route iteration 34, CPU time elapsed 0.000000 sec.
    forward max bucket size 9 , backward 5.
        Unrouted nets 2 at the end of iteration 35.
    route iteration 35, CPU time elapsed 0.031250 sec.
    forward max bucket size 15 , backward 6.
        Unrouted nets 2 at the end of iteration 36.
    route iteration 36, CPU time elapsed 0.031250 sec.
    forward max bucket size 9 , backward 2.
        Unrouted nets 2 at the end of iteration 37.
    route iteration 37, CPU time elapsed 0.015625 sec.
    forward max bucket size 9 , backward 4.
        Unrouted nets 2 at the end of iteration 38.
    route iteration 38, CPU time elapsed 0.015625 sec.
    forward max bucket size 15 , backward 3.
        Unrouted nets 2 at the end of iteration 39.
    route iteration 39, CPU time elapsed 0.000000 sec.
    forward max bucket size 15 , backward 6.
        Unrouted nets 2 at the end of iteration 40.
    route iteration 40, CPU time elapsed 0.046875 sec.
    forward max bucket size 9 , backward 2.
        Unrouted nets 2 at the end of iteration 41.
    route iteration 41, CPU time elapsed 0.000000 sec.
    forward max bucket size 9 , backward 5.
        Unrouted nets 2 at the end of iteration 42.
    route iteration 42, CPU time elapsed 0.015625 sec.
    forward max bucket size 15 , backward 5.
        Unrouted nets 2 at the end of iteration 43.
    route iteration 43, CPU time elapsed 0.015625 sec.
    forward max bucket size 9 , backward 2.
        Unrouted nets 2 at the end of iteration 44.
    route iteration 44, CPU time elapsed 0.000000 sec.
    forward max bucket size 9 , backward 4.
        Unrouted nets 2 at the end of iteration 45.
    route iteration 45, CPU time elapsed 0.031250 sec.
    forward max bucket size 15 , backward 5.
        Unrouted nets 2 at the end of iteration 46.
    route iteration 46, CPU time elapsed 0.031250 sec.
    forward max bucket size 9 , backward 2.
        Unrouted nets 2 at the end of iteration 47.
    route iteration 47, CPU time elapsed 0.000000 sec.
    forward max bucket size 9 , backward 5.
        Unrouted nets 2 at the end of iteration 48.
    route iteration 48, CPU time elapsed 0.015625 sec.
    forward max bucket size 15 , backward 6.
        Unrouted nets 2 at the end of iteration 49.
    route iteration 49, CPU time elapsed 0.015625 sec.
    forward max bucket size 9 , backward 2.
        Unrouted nets 2 at the end of iteration 50.
    route iteration 50, CPU time elapsed 0.000000 sec.
    forward max bucket size 9 , backward 5.
        Unrouted nets 2 at the end of iteration 51.
    route iteration 51, CPU time elapsed 0.015625 sec.
    forward max bucket size 15 , backward 5.
        Unrouted nets 2 at the end of iteration 52.
    route iteration 52, CPU time elapsed 0.000000 sec.
    forward max bucket size 9 , backward 2.
        Unrouted nets 2 at the end of iteration 53.
    route iteration 53, CPU time elapsed 0.046875 sec.
    forward max bucket size 9 , backward 5.
        Unrouted nets 2 at the end of iteration 54.
    route iteration 54, CPU time elapsed 0.015625 sec.
    forward max bucket size 15 , backward 6.
        Unrouted nets 2 at the end of iteration 55.
    route iteration 55, CPU time elapsed 0.031250 sec.
    forward max bucket size 9 , backward 2.
        Unrouted nets 2 at the end of iteration 56.
    route iteration 56, CPU time elapsed 0.015625 sec.
    forward max bucket size 9 , backward 2.
        Unrouted nets 2 at the end of iteration 57.
    route iteration 57, CPU time elapsed 0.015625 sec.
    forward max bucket size 9 , backward 4.
        Unrouted nets 2 at the end of iteration 58.
    route iteration 58, CPU time elapsed 0.015625 sec.
    forward max bucket size 15 , backward 6.
        Unrouted nets 2 at the end of iteration 59.
    route iteration 59, CPU time elapsed 0.015625 sec.
    forward max bucket size 9 , backward 2.
        Unrouted nets 2 at the end of iteration 60.
    route iteration 60, CPU time elapsed 0.000000 sec.
    forward max bucket size 9 , backward 5.
        Unrouted nets 2 at the end of iteration 61.
    route iteration 61, CPU time elapsed 0.000000 sec.
    forward max bucket size 15 , backward 5.
        Unrouted nets 2 at the end of iteration 62.
    route iteration 62, CPU time elapsed 0.031250 sec.
    forward max bucket size 9 , backward 2.
        Unrouted nets 2 at the end of iteration 63.
    route iteration 63, CPU time elapsed 0.015625 sec.
    forward max bucket size 9 , backward 5.
        Unrouted nets 2 at the end of iteration 64.
    route iteration 64, CPU time elapsed 0.000000 sec.
    forward max bucket size 15 , backward 5.
        Unrouted nets 2 at the end of iteration 65.
    route iteration 65, CPU time elapsed 0.046875 sec.
    forward max bucket size 9 , backward 2.
        Unrouted nets 2 at the end of iteration 66.
    route iteration 66, CPU time elapsed 0.015625 sec.
    forward max bucket size 9 , backward 4.
        Unrouted nets 2 at the end of iteration 67.
    route iteration 67, CPU time elapsed 0.046875 sec.
    forward max bucket size 15 , backward 3.
        Unrouted nets 2 at the end of iteration 68.
    route iteration 68, CPU time elapsed 0.031250 sec.
    forward max bucket size 15 , backward 5.
        Unrouted nets 2 at the end of iteration 69.
    route iteration 69, CPU time elapsed 0.015625 sec.
    forward max bucket size 9 , backward 2.
        Unrouted nets 2 at the end of iteration 70.
    route iteration 70, CPU time elapsed 0.031250 sec.
    forward max bucket size 9 , backward 5.
        Unrouted nets 2 at the end of iteration 71.
    route iteration 71, CPU time elapsed 0.031250 sec.
    forward max bucket size 9 , backward 3.
        Unrouted nets 2 at the end of iteration 72.
    route iteration 72, CPU time elapsed 0.015625 sec.
    forward max bucket size 9 , backward 5.
        Unrouted nets 2 at the end of iteration 73.
    route iteration 73, CPU time elapsed 0.031250 sec.
    forward max bucket size 15 , backward 6.
        Unrouted nets 2 at the end of iteration 74.
    route iteration 74, CPU time elapsed 0.031250 sec.
    forward max bucket size 9 , backward 2.
        Unrouted nets 2 at the end of iteration 75.
    route iteration 75, CPU time elapsed 0.031250 sec.
    forward max bucket size 9 , backward 4.
        Unrouted nets 2 at the end of iteration 76.
    route iteration 76, CPU time elapsed 0.000000 sec.
    forward max bucket size 15 , backward 6.
        Unrouted nets 2 at the end of iteration 77.
    route iteration 77, CPU time elapsed 0.062500 sec.
    forward max bucket size 9 , backward 5.
        Unrouted nets 2 at the end of iteration 78.
    route iteration 78, CPU time elapsed 0.031250 sec.
    forward max bucket size 15 , backward 5.
        Unrouted nets 2 at the end of iteration 79.
    route iteration 79, CPU time elapsed 0.046875 sec.
    forward max bucket size 9 , backward 2.
        Unrouted nets 2 at the end of iteration 80.
    route iteration 80, CPU time elapsed 0.000000 sec.
    forward max bucket size 9 , backward 4.
        Unrouted nets 2 at the end of iteration 81.
    route iteration 81, CPU time elapsed 0.000000 sec.
    forward max bucket size 15 , backward 7.
        Unrouted nets 2 at the end of iteration 82.
    route iteration 82, CPU time elapsed 0.015625 sec.
    forward max bucket size 9 , backward 2.
        Unrouted nets 2 at the end of iteration 83.
    route iteration 83, CPU time elapsed 0.015625 sec.
    forward max bucket size 9 , backward 2.
        Unrouted nets 2 at the end of iteration 84.
    route iteration 84, CPU time elapsed 0.015625 sec.
    forward max bucket size 9 , backward 4.
        Unrouted nets 2 at the end of iteration 85.
    route iteration 85, CPU time elapsed 0.015625 sec.
    forward max bucket size 15 , backward 5.
        Unrouted nets 2 at the end of iteration 86.
    route iteration 86, CPU time elapsed 0.015625 sec.
    forward max bucket size 15 , backward 6.
        Unrouted nets 2 at the end of iteration 87.
    route iteration 87, CPU time elapsed 0.015625 sec.
    forward max bucket size 9 , backward 3.
        Unrouted nets 2 at the end of iteration 88.
    route iteration 88, CPU time elapsed 0.015625 sec.
    forward max bucket size 9 , backward 5.
        Unrouted nets 2 at the end of iteration 89.
    route iteration 89, CPU time elapsed 0.031250 sec.
    forward max bucket size 15 , backward 6.
        Unrouted nets 2 at the end of iteration 90.
    route iteration 90, CPU time elapsed 0.031250 sec.
    forward max bucket size 9 , backward 3.
        Unrouted nets 2 at the end of iteration 91.
    route iteration 91, CPU time elapsed 0.031250 sec.
    forward max bucket size 9 , backward 4.
        Unrouted nets 2 at the end of iteration 92.
    route iteration 92, CPU time elapsed 0.015625 sec.
    forward max bucket size 15 , backward 6.
        Unrouted nets 2 at the end of iteration 93.
    route iteration 93, CPU time elapsed 0.000000 sec.
    forward max bucket size 9 , backward 2.
        Unrouted nets 2 at the end of iteration 94.
    route iteration 94, CPU time elapsed 0.015625 sec.
    forward max bucket size 9 , backward 4.
        Unrouted nets 2 at the end of iteration 95.
    route iteration 95, CPU time elapsed 0.046875 sec.
    forward max bucket size 15 , backward 5.
        Unrouted nets 2 at the end of iteration 96.
    route iteration 96, CPU time elapsed 0.015625 sec.
    forward max bucket size 9 , backward 2.
        Unrouted nets 2 at the end of iteration 97.
    route iteration 97, CPU time elapsed 0.046875 sec.
    forward max bucket size 9 , backward 5.
        Unrouted nets 2 at the end of iteration 98.
    route iteration 98, CPU time elapsed 0.031250 sec.
    forward max bucket size 15 , backward 6.
        Unrouted nets 2 at the end of iteration 99.
    route iteration 99, CPU time elapsed 0.046875 sec.
    forward max bucket size 9 , backward 2.
        Unrouted nets 2 at the end of iteration 100.
    route iteration 100, CPU time elapsed 0.031250 sec.
    forward max bucket size 9 , backward 5.
        Unrouted nets 2 at the end of iteration 101.
    route iteration 101, CPU time elapsed 0.015625 sec.
    forward max bucket size 15 , backward 6.
        Unrouted nets 2 at the end of iteration 102.
    route iteration 102, CPU time elapsed 0.046875 sec.
Detailed routing takes 102 iterations
    Unrouted nets 2 at the end of fading iteration 11.
    Unrouted nets 2 at the end of fading iteration 10.
    Unrouted nets 2 at the end of fading iteration 9.
    Unrouted nets 4 at the end of fading iteration 8.
    Unrouted nets 2 at the end of fading iteration 7.
    Unrouted nets 2 at the end of fading iteration 6.
    Unrouted nets 2 at the end of fading iteration 5.
    Unrouted nets 2 at the end of fading iteration 4.
    Unrouted nets 0 at the end of fading iteration 3.
Fading routing takes 9 iterations.
C: Route-2036: The clock path from u_CORES/u_GTP_SCANCHAIN_PG/scanchain:TCK_USER to clkbufg_5/gopclkbufg:CLK is routed by SRB.
C: Route-2036: The clock path from u_CORES/u_GTP_SCANCHAIN_PG/scanchain:CAPDR to clkbufg_10/gopclkbufg:CLK is routed by SRB.
C: Route-2036: The clock path from u_CORES/u_debug_core_0/TRIG0_ff[0][2]/opit_0_inv_L6Q:Z to wav_display_1/sample_cnt[0]/opit_0_L5Q:CLK is routed by SRB.
Detailed routing takes 9.70 sec.
Start fix hold violation.
Build tmp routing results takes 0.06 sec.
Timing analysis takes 2.23 sec.
C: Route-2015: Hold violation is 5173 ps over the critical value of 5000 ps, beyond the critical value will not be repaired.
Hold Violation Fix in router takes 0 iterations.
Fix hold violation Finished.
Hold Violation Fix in router takes 2.88 sec.

Dispose routing result:
    Collect routing result.
    Delete unused device instances.
    Annotate routing result.
    Change LUT configuration.
    Dispose misc instances.
    Annotate routing result again.
Finish routing takes 0.36 sec.
Used SRB routing arc is 74658.
Cleanup routing takes 0.00 sec.
Routing done.
Total routing takes 19.56 sec.
W: Timing-4105: The worst slack of endpoint wav_display_1/sample_cnt[2]/opit_0_A2Q21/CE of clock clk_50M|the_instance_name/u_pll_e3/CLKOUT0_Inferred is -4781ps(slow corner), but required hold violation threshold is 200ps.
C: STA-3017: There are 458 clock cross SRB paths do not meet the required hold violation threshold(200ps).


Device Utilization Summary :
+---------------------------------------------------------------------------+
| Logic Utilization        | Used     | Available     | Utilization(%)     
+---------------------------------------------------------------------------+
| Use of APM               | 8        | 84            | 10                 
| Use of BKCL              | 3        | 4             | 75                 
| Use of CLMA              | 916      | 6450          | 15                 
|   FF                     | 2778     | 38700         | 8                  
|   LUT                    | 2636     | 25800         | 11                 
|   LUT-FF pairs           | 1631     | 25800         | 7                  
| Use of CLMS              | 584      | 4250          | 14                 
|   FF                     | 1270     | 25500         | 5                  
|   LUT                    | 1601     | 17000         | 10                 
|   LUT-FF pairs           | 554      | 17000         | 4                  
|   Distributed RAM        | 345      | 17000         | 3                  
| Use of CRYSTAL           | 0        | 2             | 0                  
| Use of DLL               | 0        | 10            | 0                  
| Use of DQSL              | 0        | 18            | 0                  
| Use of DRM               | 79       | 134           | 59                 
| Use of FUSECODE          | 0        | 1             | 0                  
| Use of HARD0N1           | 722      | 6672          | 11                 
| Use of HSST              | 0        | 1             | 0                  
| Use of IO                | 59       | 296           | 20                 
|   IOBD                   | 10       | 64            | 16                 
|   IOBR_LR                | 1        | 7             | 15                 
|   IOBR_TB                | 1        | 8             | 13                 
|   IOBS_LR                | 39       | 161           | 25                 
|   IOBS_TB                | 8        | 56            | 15                 
| Use of IOCKDIV           | 0        | 20            | 0                  
| Use of IOCKDLY           | 0        | 40            | 0                  
| Use of IOCKGATE          | 0        | 20            | 0                  
| Use of IOCKGMUX_TEST     | 0        | 20            | 0                  
| Use of IOL               | 59       | 400           | 15                 
| Use of IPAL              | 0        | 1             | 0                  
| Use of LDO               | 0        | 4             | 0                  
| Use of MFG_TEST          | 0        | 1             | 0                  
| Use of OSC               | 0        | 1             | 0                  
| Use of PCIE              | 0        | 1             | 0                  
| Use of PIOMUX_TEST       | 0        | 10            | 0                  
| Use of PLL               | 5        | 5             | 100                
| Use of PREGMUX_TEST      | 0        | 6             | 0                  
| Use of RCKB              | 0        | 24            | 0                  
| Use of RCKBMUX_TEST      | 0        | 12            | 0                  
| Use of RESCAL            | 0        | 4             | 0                  
| Use of SCANCHAIN         | 1        | 2             | 50                 
| Use of START             | 1        | 1             | 100                
| Use of UDID              | 0        | 1             | 0                  
| Use of USCM              | 16       | 30            | 54                 
| Use of USCMMUX_TEST      | 0        | 30            | 0                  
| Use of VCKBMUX_TEST      | 0        | 12            | 0                  
+---------------------------------------------------------------------------+

Finished routing. (CPU time elapsed 0h:00m:19s)
Design 'ad_da_hdmi_top' has been placed and routed successfully.
Saving design to DB.
Finished placement and routing. (CPU time elapsed 0h:00m:54s)
Action pnr: Real time elapsed is 0h:1m:14s
Action pnr: CPU time elapsed is 0h:0m:54s
Action pnr: Process CPU time elapsed is 0h:0m:54s
Current time: Sat Nov  9 11:50:18 2024
Action pnr: Peak memory pool usage is 1,019 MB
