#Build: Fabric Compiler 2022.1, Build 99559, Jul 12 00:20 2022
#Install: D:\Apps\1_LearningApps\PDS_2022.1\bin
#Application name: pds_shell.exe
#OS: Windows 10 10.0.22621
#Hostname: WIN-N8QUUCFJHSN
Generated by Fabric Compiler (version 2022.1 build 99559) at Sat Oct 26 11:30:41 2024
Compiling verification operator library.
Compiling common defs.
Compiling prim grid devices.
Compiling gate devices.
Compiling gate operators.
Building architecture model.
Loading device packaging model.
Reading design from DB.
Start Generate Netlist.
Generate Netlist is finished successfully.
Action gen_netlist: Real time elapsed is 0h:0m:8s
Action gen_netlist: CPU time elapsed is 0h:0m:4s
Action gen_netlist: Process CPU time elapsed is 0h:0m:4s
Current time: Sat Oct 26 11:30:47 2024
Action gen_netlist: Peak memory pool usage is 729 MB
